[0.162s] Invoking command in '/home/botnuc/linorobot2_ws/build/linorobot2_description': CMAKE_PREFIX_PATH=${CMAKE_PREFIX_PATH}:/opt/ros/humble /usr/bin/cmake --build /home/botnuc/linorobot2_ws/build/linorobot2_description -- -j4 -l4
[0.345s] Invoked command in '/home/botnuc/linorobot2_ws/build/linorobot2_description' returned '0': CMAKE_PREFIX_PATH=${CMAKE_PREFIX_PATH}:/opt/ros/humble /usr/bin/cmake --build /home/botnuc/linorobot2_ws/build/linorobot2_description -- -j4 -l4
[0.487s] Invoking command in '/home/botnuc/linorobot2_ws/build/linorobot2_description': CMAKE_PREFIX_PATH=${CMAKE_PREFIX_PATH}:/opt/ros/humble /usr/bin/cmake --install /home/botnuc/linorobot2_ws/build/linorobot2_description
[0.518s] -- Install configuration: ""
[0.518s] -- Up-to-date: /home/botnuc/linorobot2_ws/install/linorobot2_description/share/linorobot2_description/launch
[0.518s] -- Up-to-date: /home/botnuc/linorobot2_ws/install/linorobot2_description/share/linorobot2_description/launch/description.launch.py
[0.518s] -- Up-to-date: /home/botnuc/linorobot2_ws/install/linorobot2_description/share/linorobot2_description/urdf
[0.534s] -- Up-to-date: /home/botnuc/linorobot2_ws/install/linorobot2_description/share/linorobot2_description/urdf/sensors
[0.535s] -- Up-to-date: /home/botnuc/linorobot2_ws/install/linorobot2_description/share/linorobot2_description/urdf/sensors/laser.urdf.xacro
[0.536s] -- Up-to-date: /home/botnuc/linorobot2_ws/install/linorobot2_description/share/linorobot2_description/urdf/sensors/imu.urdf.xacro
[0.536s] -- Up-to-date: /home/botnuc/linorobot2_ws/install/linorobot2_description/share/linorobot2_description/urdf/sensors/depth_sensor.urdf.xacro
[0.536s] -- Up-to-date: /home/botnuc/linorobot2_ws/install/linorobot2_description/share/linorobot2_description/urdf/sensors/generic_laser.urdf.xacro
[0.536s] -- Up-to-date: /home/botnuc/linorobot2_ws/install/linorobot2_description/share/linorobot2_description/urdf/4wd_properties.urdf.xacro
[0.539s] -- Up-to-date: /home/botnuc/linorobot2_ws/install/linorobot2_description/share/linorobot2_description/urdf/mech
[0.539s] -- Up-to-date: /home/botnuc/linorobot2_ws/install/linorobot2_description/share/linorobot2_description/urdf/mech/mecanum_wheel.urdf.xacro
[0.539s] -- Up-to-date: /home/botnuc/linorobot2_ws/install/linorobot2_description/share/linorobot2_description/urdf/mech/base.urdf.xacro
[0.540s] -- Up-to-date: /home/botnuc/linorobot2_ws/install/linorobot2_description/share/linorobot2_description/urdf/mech/caster_wheel.urdf.xacro
[0.543s] -- Up-to-date: /home/botnuc/linorobot2_ws/install/linorobot2_description/share/linorobot2_description/urdf/mech/wheel.urdf.xacro
[0.543s] -- Up-to-date: /home/botnuc/linorobot2_ws/install/linorobot2_description/share/linorobot2_description/urdf/controllers
[0.552s] -- Up-to-date: /home/botnuc/linorobot2_ws/install/linorobot2_description/share/linorobot2_description/urdf/controllers/omni_drive.urdf.xacro
[0.552s] -- Up-to-date: /home/botnuc/linorobot2_ws/install/linorobot2_description/share/linorobot2_description/urdf/controllers/skid_steer.urdf.xacro
[0.552s] -- Up-to-date: /home/botnuc/linorobot2_ws/install/linorobot2_description/share/linorobot2_description/urdf/controllers/diff_drive.urdf.xacro
[0.552s] -- Up-to-date: /home/botnuc/linorobot2_ws/install/linorobot2_description/share/linorobot2_description/urdf/mecanum_properties.urdf.xacro
[0.552s] -- Up-to-date: /home/botnuc/linorobot2_ws/install/linorobot2_description/share/linorobot2_description/urdf/2wd_properties.urdf.xacro
[0.561s] -- Up-to-date: /home/botnuc/linorobot2_ws/install/linorobot2_description/share/linorobot2_description/urdf/robots
[0.561s] -- Up-to-date: /home/botnuc/linorobot2_ws/install/linorobot2_description/share/linorobot2_description/urdf/robots/vattenkar.urdf.xacro
[0.561s] -- Up-to-date: /home/botnuc/linorobot2_ws/install/linorobot2_description/share/linorobot2_description/urdf/robots/mecanum.urdf.xacro
[0.561s] -- Up-to-date: /home/botnuc/linorobot2_ws/install/linorobot2_description/share/linorobot2_description/urdf/robots/2wd.urdf.xacro
[0.561s] -- Up-to-date: /home/botnuc/linorobot2_ws/install/linorobot2_description/share/linorobot2_description/urdf/robots/turtlebot.urdf.xacro
[0.561s] -- Up-to-date: /home/botnuc/linorobot2_ws/install/linorobot2_description/share/linorobot2_description/urdf/robots/4wd.urdf.xacro
[0.562s] -- Up-to-date: /home/botnuc/linorobot2_ws/install/linorobot2_description/share/linorobot2_description/rviz
[0.562s] -- Up-to-date: /home/botnuc/linorobot2_ws/install/linorobot2_description/share/linorobot2_description/rviz/description.rviz
[0.562s] -- Up-to-date: /home/botnuc/linorobot2_ws/install/linorobot2_description/share/ament_index/resource_index/package_run_dependencies/linorobot2_description
[0.562s] -- Up-to-date: /home/botnuc/linorobot2_ws/install/linorobot2_description/share/ament_index/resource_index/parent_prefix_path/linorobot2_description
[0.562s] -- Up-to-date: /home/botnuc/linorobot2_ws/install/linorobot2_description/share/linorobot2_description/environment/ament_prefix_path.sh
[0.570s] -- Up-to-date: /home/botnuc/linorobot2_ws/install/linorobot2_description/share/linorobot2_description/environment/ament_prefix_path.dsv
[0.570s] -- Up-to-date: /home/botnuc/linorobot2_ws/install/linorobot2_description/share/linorobot2_description/environment/path.sh
[0.570s] -- Up-to-date: /home/botnuc/linorobot2_ws/install/linorobot2_description/share/linorobot2_description/environment/path.dsv
[0.571s] -- Up-to-date: /home/botnuc/linorobot2_ws/install/linorobot2_description/share/linorobot2_description/local_setup.bash
[0.571s] -- Up-to-date: /home/botnuc/linorobot2_ws/install/linorobot2_description/share/linorobot2_description/local_setup.sh
[0.571s] -- Up-to-date: /home/botnuc/linorobot2_ws/install/linorobot2_description/share/linorobot2_description/local_setup.zsh
[0.571s] -- Up-to-date: /home/botnuc/linorobot2_ws/install/linorobot2_description/share/linorobot2_description/local_setup.dsv
[0.572s] -- Installing: /home/botnuc/linorobot2_ws/install/linorobot2_description/share/linorobot2_description/package.dsv
[0.575s] -- Up-to-date: /home/botnuc/linorobot2_ws/install/linorobot2_description/share/ament_index/resource_index/packages/linorobot2_description
[0.577s] -- Up-to-date: /home/botnuc/linorobot2_ws/install/linorobot2_description/share/linorobot2_description/cmake/linorobot2_descriptionConfig.cmake
[0.577s] -- Up-to-date: /home/botnuc/linorobot2_ws/install/linorobot2_description/share/linorobot2_description/cmake/linorobot2_descriptionConfig-version.cmake
[0.578s] -- Up-to-date: /home/botnuc/linorobot2_ws/install/linorobot2_description/share/linorobot2_description/package.xml
[0.592s] Invoked command in '/home/botnuc/linorobot2_ws/build/linorobot2_description' returned '0': CMAKE_PREFIX_PATH=${CMAKE_PREFIX_PATH}:/opt/ros/humble /usr/bin/cmake --install /home/botnuc/linorobot2_ws/build/linorobot2_description
