[0.015s] Invoking command in '/home/botnuc/linorobot2_ws/build/velodyne': AMENT_PREFIX_PATH=/home/botnuc/linorobot2_ws/install/velodyne_pointcloud:/home/botnuc/linorobot2_ws/install/velodyne_driver:/home/botnuc/linorobot2_ws/install/velodyne_msgs:/home/botnuc/linorobot2_ws/install/velodyne_laserscan:${AMENT_PREFIX_PATH} CMAKE_PREFIX_PATH=/home/botnuc/linorobot2_ws/install/velodyne_pointcloud:/home/botnuc/linorobot2_ws/install/velodyne_driver:/home/botnuc/linorobot2_ws/install/velodyne_msgs:/home/botnuc/linorobot2_ws/install/velodyne_laserscan:/home/botnuc/linorobot2_ws/install/sllidar_ros2:/home/botnuc/linorobot2_ws/install/micro_ros_setup:/home/botnuc/linorobot2_ws/install/linorobot2_bringup:/home/botnuc/linorobot2_ws/install/micro_ros_agent:/home/botnuc/linorobot2_ws/install/micro_ros_msgs:/home/botnuc/linorobot2_ws/install/linorobot2_navigation:/home/botnuc/linorobot2_ws/install/linorobot2_description:/home/botnuc/linorobot2_ws/install/linorobot2_base:/home/botnuc/linorobot2_ws/install/linorobot2:/home/botnuc/linorobot2_ws/install/camera_detection:/home/botnuc/linorobot2_ws/install/behavior_tree:/opt/ros/humble LD_LIBRARY_PATH=/home/botnuc/linorobot2_ws/install/velodyne_pointcloud/lib:/home/botnuc/linorobot2_ws/install/velodyne_driver/lib:/home/botnuc/linorobot2_ws/install/velodyne_msgs/lib:/home/botnuc/linorobot2_ws/install/velodyne_laserscan/lib:${LD_LIBRARY_PATH} PYTHONPATH=/home/botnuc/linorobot2_ws/install/velodyne_msgs/local/lib/python3.10/dist-packages:${PYTHONPATH} /usr/bin/cmake /home/botnuc/linorobot2_ws/src/velodyne/velodyne -DCMAKE_INSTALL_PREFIX=/home/botnuc/linorobot2_ws/install/velodyne
[0.068s] -- The C compiler identification is GNU 11.4.0
[0.122s] -- The CXX compiler identification is GNU 11.4.0
[0.128s] -- Detecting C compiler ABI info
[0.193s] -- Detecting C compiler ABI info - done
[0.200s] -- Check for working C compiler: /usr/bin/cc - skipped
[0.200s] -- Detecting C compile features
[0.201s] -- Detecting C compile features - done
[0.203s] -- Detecting CXX compiler ABI info
[0.280s] -- Detecting CXX compiler ABI info - done
[0.287s] -- Check for working CXX compiler: /usr/bin/c++ - skipped
[0.287s] -- Detecting CXX compile features
[0.288s] -- Detecting CXX compile features - done
[0.291s] -- Found ament_cmake: 1.3.10 (/opt/ros/humble/share/ament_cmake/cmake)
[0.437s] -- Found Python3: /usr/bin/python3 (found version "3.10.12") found components: Interpreter 
[0.592s] -- Configuring done
[0.594s] -- Generating done
[0.595s] -- Build files have been written to: /home/botnuc/linorobot2_ws/build/velodyne
[0.599s] Invoked command in '/home/botnuc/linorobot2_ws/build/velodyne' returned '0': AMENT_PREFIX_PATH=/home/botnuc/linorobot2_ws/install/velodyne_pointcloud:/home/botnuc/linorobot2_ws/install/velodyne_driver:/home/botnuc/linorobot2_ws/install/velodyne_msgs:/home/botnuc/linorobot2_ws/install/velodyne_laserscan:${AMENT_PREFIX_PATH} CMAKE_PREFIX_PATH=/home/botnuc/linorobot2_ws/install/velodyne_pointcloud:/home/botnuc/linorobot2_ws/install/velodyne_driver:/home/botnuc/linorobot2_ws/install/velodyne_msgs:/home/botnuc/linorobot2_ws/install/velodyne_laserscan:/home/botnuc/linorobot2_ws/install/sllidar_ros2:/home/botnuc/linorobot2_ws/install/micro_ros_setup:/home/botnuc/linorobot2_ws/install/linorobot2_bringup:/home/botnuc/linorobot2_ws/install/micro_ros_agent:/home/botnuc/linorobot2_ws/install/micro_ros_msgs:/home/botnuc/linorobot2_ws/install/linorobot2_navigation:/home/botnuc/linorobot2_ws/install/linorobot2_description:/home/botnuc/linorobot2_ws/install/linorobot2_base:/home/botnuc/linorobot2_ws/install/linorobot2:/home/botnuc/linorobot2_ws/install/camera_detection:/home/botnuc/linorobot2_ws/install/behavior_tree:/opt/ros/humble LD_LIBRARY_PATH=/home/botnuc/linorobot2_ws/install/velodyne_pointcloud/lib:/home/botnuc/linorobot2_ws/install/velodyne_driver/lib:/home/botnuc/linorobot2_ws/install/velodyne_msgs/lib:/home/botnuc/linorobot2_ws/install/velodyne_laserscan/lib:${LD_LIBRARY_PATH} PYTHONPATH=/home/botnuc/linorobot2_ws/install/velodyne_msgs/local/lib/python3.10/dist-packages:${PYTHONPATH} /usr/bin/cmake /home/botnuc/linorobot2_ws/src/velodyne/velodyne -DCMAKE_INSTALL_PREFIX=/home/botnuc/linorobot2_ws/install/velodyne
[0.601s] Invoking command in '/home/botnuc/linorobot2_ws/build/velodyne': AMENT_PREFIX_PATH=/home/botnuc/linorobot2_ws/install/velodyne_pointcloud:/home/botnuc/linorobot2_ws/install/velodyne_driver:/home/botnuc/linorobot2_ws/install/velodyne_msgs:/home/botnuc/linorobot2_ws/install/velodyne_laserscan:${AMENT_PREFIX_PATH} CMAKE_PREFIX_PATH=/home/botnuc/linorobot2_ws/install/velodyne_pointcloud:/home/botnuc/linorobot2_ws/install/velodyne_driver:/home/botnuc/linorobot2_ws/install/velodyne_msgs:/home/botnuc/linorobot2_ws/install/velodyne_laserscan:/home/botnuc/linorobot2_ws/install/sllidar_ros2:/home/botnuc/linorobot2_ws/install/micro_ros_setup:/home/botnuc/linorobot2_ws/install/linorobot2_bringup:/home/botnuc/linorobot2_ws/install/micro_ros_agent:/home/botnuc/linorobot2_ws/install/micro_ros_msgs:/home/botnuc/linorobot2_ws/install/linorobot2_navigation:/home/botnuc/linorobot2_ws/install/linorobot2_description:/home/botnuc/linorobot2_ws/install/linorobot2_base:/home/botnuc/linorobot2_ws/install/linorobot2:/home/botnuc/linorobot2_ws/install/camera_detection:/home/botnuc/linorobot2_ws/install/behavior_tree:/opt/ros/humble LD_LIBRARY_PATH=/home/botnuc/linorobot2_ws/install/velodyne_pointcloud/lib:/home/botnuc/linorobot2_ws/install/velodyne_driver/lib:/home/botnuc/linorobot2_ws/install/velodyne_msgs/lib:/home/botnuc/linorobot2_ws/install/velodyne_laserscan/lib:${LD_LIBRARY_PATH} PYTHONPATH=/home/botnuc/linorobot2_ws/install/velodyne_msgs/local/lib/python3.10/dist-packages:${PYTHONPATH} /usr/bin/cmake --build /home/botnuc/linorobot2_ws/build/velodyne -- -j4 -l4
[0.637s] Invoked command in '/home/botnuc/linorobot2_ws/build/velodyne' returned '0': AMENT_PREFIX_PATH=/home/botnuc/linorobot2_ws/install/velodyne_pointcloud:/home/botnuc/linorobot2_ws/install/velodyne_driver:/home/botnuc/linorobot2_ws/install/velodyne_msgs:/home/botnuc/linorobot2_ws/install/velodyne_laserscan:${AMENT_PREFIX_PATH} CMAKE_PREFIX_PATH=/home/botnuc/linorobot2_ws/install/velodyne_pointcloud:/home/botnuc/linorobot2_ws/install/velodyne_driver:/home/botnuc/linorobot2_ws/install/velodyne_msgs:/home/botnuc/linorobot2_ws/install/velodyne_laserscan:/home/botnuc/linorobot2_ws/install/sllidar_ros2:/home/botnuc/linorobot2_ws/install/micro_ros_setup:/home/botnuc/linorobot2_ws/install/linorobot2_bringup:/home/botnuc/linorobot2_ws/install/micro_ros_agent:/home/botnuc/linorobot2_ws/install/micro_ros_msgs:/home/botnuc/linorobot2_ws/install/linorobot2_navigation:/home/botnuc/linorobot2_ws/install/linorobot2_description:/home/botnuc/linorobot2_ws/install/linorobot2_base:/home/botnuc/linorobot2_ws/install/linorobot2:/home/botnuc/linorobot2_ws/install/camera_detection:/home/botnuc/linorobot2_ws/install/behavior_tree:/opt/ros/humble LD_LIBRARY_PATH=/home/botnuc/linorobot2_ws/install/velodyne_pointcloud/lib:/home/botnuc/linorobot2_ws/install/velodyne_driver/lib:/home/botnuc/linorobot2_ws/install/velodyne_msgs/lib:/home/botnuc/linorobot2_ws/install/velodyne_laserscan/lib:${LD_LIBRARY_PATH} PYTHONPATH=/home/botnuc/linorobot2_ws/install/velodyne_msgs/local/lib/python3.10/dist-packages:${PYTHONPATH} /usr/bin/cmake --build /home/botnuc/linorobot2_ws/build/velodyne -- -j4 -l4
[0.658s] Invoking command in '/home/botnuc/linorobot2_ws/build/velodyne': AMENT_PREFIX_PATH=/home/botnuc/linorobot2_ws/install/velodyne_pointcloud:/home/botnuc/linorobot2_ws/install/velodyne_driver:/home/botnuc/linorobot2_ws/install/velodyne_msgs:/home/botnuc/linorobot2_ws/install/velodyne_laserscan:${AMENT_PREFIX_PATH} CMAKE_PREFIX_PATH=/home/botnuc/linorobot2_ws/install/velodyne_pointcloud:/home/botnuc/linorobot2_ws/install/velodyne_driver:/home/botnuc/linorobot2_ws/install/velodyne_msgs:/home/botnuc/linorobot2_ws/install/velodyne_laserscan:/home/botnuc/linorobot2_ws/install/sllidar_ros2:/home/botnuc/linorobot2_ws/install/micro_ros_setup:/home/botnuc/linorobot2_ws/install/linorobot2_bringup:/home/botnuc/linorobot2_ws/install/micro_ros_agent:/home/botnuc/linorobot2_ws/install/micro_ros_msgs:/home/botnuc/linorobot2_ws/install/linorobot2_navigation:/home/botnuc/linorobot2_ws/install/linorobot2_description:/home/botnuc/linorobot2_ws/install/linorobot2_base:/home/botnuc/linorobot2_ws/install/linorobot2:/home/botnuc/linorobot2_ws/install/camera_detection:/home/botnuc/linorobot2_ws/install/behavior_tree:/opt/ros/humble LD_LIBRARY_PATH=/home/botnuc/linorobot2_ws/install/velodyne_pointcloud/lib:/home/botnuc/linorobot2_ws/install/velodyne_driver/lib:/home/botnuc/linorobot2_ws/install/velodyne_msgs/lib:/home/botnuc/linorobot2_ws/install/velodyne_laserscan/lib:${LD_LIBRARY_PATH} PYTHONPATH=/home/botnuc/linorobot2_ws/install/velodyne_msgs/local/lib/python3.10/dist-packages:${PYTHONPATH} /usr/bin/cmake --install /home/botnuc/linorobot2_ws/build/velodyne
[0.665s] -- Install configuration: ""
[0.666s] -- Installing: /home/botnuc/linorobot2_ws/install/velodyne/share/velodyne/launch
[0.666s] -- Installing: /home/botnuc/linorobot2_ws/install/velodyne/share/velodyne/launch/velodyne-all-nodes-VLP16-launch.py
[0.666s] -- Installing: /home/botnuc/linorobot2_ws/install/velodyne/share/velodyne/launch/velodyne-all-nodes-VLP16-composed-launch.py
[0.666s] -- Installing: /home/botnuc/linorobot2_ws/install/velodyne/share/velodyne/launch/velodyne-all-nodes-VLP32C-launch.py
[0.666s] -- Installing: /home/botnuc/linorobot2_ws/install/velodyne/share/velodyne/launch/velodyne-all-nodes-VLS128-launch.py
[0.666s] -- Installing: /home/botnuc/linorobot2_ws/install/velodyne/share/velodyne/launch/velodyne-all-nodes-VLP32C-composed-launch.py
[0.666s] -- Installing: /home/botnuc/linorobot2_ws/install/velodyne/share/velodyne/launch/velodyne-all-nodes-VLS128-composed-launch.py
[0.666s] -- Installing: /home/botnuc/linorobot2_ws/install/velodyne/share/ament_index/resource_index/package_run_dependencies/velodyne
[0.667s] -- Installing: /home/botnuc/linorobot2_ws/install/velodyne/share/ament_index/resource_index/parent_prefix_path/velodyne
[0.667s] -- Installing: /home/botnuc/linorobot2_ws/install/velodyne/share/velodyne/environment/ament_prefix_path.sh
[0.667s] -- Installing: /home/botnuc/linorobot2_ws/install/velodyne/share/velodyne/environment/ament_prefix_path.dsv
[0.667s] -- Installing: /home/botnuc/linorobot2_ws/install/velodyne/share/velodyne/environment/path.sh
[0.667s] -- Installing: /home/botnuc/linorobot2_ws/install/velodyne/share/velodyne/environment/path.dsv
[0.668s] -- Installing: /home/botnuc/linorobot2_ws/install/velodyne/share/velodyne/local_setup.bash
[0.668s] -- Installing: /home/botnuc/linorobot2_ws/install/velodyne/share/velodyne/local_setup.sh
[0.668s] -- Installing: /home/botnuc/linorobot2_ws/install/velodyne/share/velodyne/local_setup.zsh
[0.668s] -- Installing: /home/botnuc/linorobot2_ws/install/velodyne/share/velodyne/local_setup.dsv
[0.668s] -- Installing: /home/botnuc/linorobot2_ws/install/velodyne/share/velodyne/package.dsv
[0.668s] -- Installing: /home/botnuc/linorobot2_ws/install/velodyne/share/ament_index/resource_index/packages/velodyne
[0.668s] -- Installing: /home/botnuc/linorobot2_ws/install/velodyne/share/velodyne/cmake/velodyneConfig.cmake
[0.669s] -- Installing: /home/botnuc/linorobot2_ws/install/velodyne/share/velodyne/cmake/velodyneConfig-version.cmake
[0.669s] -- Installing: /home/botnuc/linorobot2_ws/install/velodyne/share/velodyne/package.xml
[0.671s] Invoked command in '/home/botnuc/linorobot2_ws/build/velodyne' returned '0': AMENT_PREFIX_PATH=/home/botnuc/linorobot2_ws/install/velodyne_pointcloud:/home/botnuc/linorobot2_ws/install/velodyne_driver:/home/botnuc/linorobot2_ws/install/velodyne_msgs:/home/botnuc/linorobot2_ws/install/velodyne_laserscan:${AMENT_PREFIX_PATH} CMAKE_PREFIX_PATH=/home/botnuc/linorobot2_ws/install/velodyne_pointcloud:/home/botnuc/linorobot2_ws/install/velodyne_driver:/home/botnuc/linorobot2_ws/install/velodyne_msgs:/home/botnuc/linorobot2_ws/install/velodyne_laserscan:/home/botnuc/linorobot2_ws/install/sllidar_ros2:/home/botnuc/linorobot2_ws/install/micro_ros_setup:/home/botnuc/linorobot2_ws/install/linorobot2_bringup:/home/botnuc/linorobot2_ws/install/micro_ros_agent:/home/botnuc/linorobot2_ws/install/micro_ros_msgs:/home/botnuc/linorobot2_ws/install/linorobot2_navigation:/home/botnuc/linorobot2_ws/install/linorobot2_description:/home/botnuc/linorobot2_ws/install/linorobot2_base:/home/botnuc/linorobot2_ws/install/linorobot2:/home/botnuc/linorobot2_ws/install/camera_detection:/home/botnuc/linorobot2_ws/install/behavior_tree:/opt/ros/humble LD_LIBRARY_PATH=/home/botnuc/linorobot2_ws/install/velodyne_pointcloud/lib:/home/botnuc/linorobot2_ws/install/velodyne_driver/lib:/home/botnuc/linorobot2_ws/install/velodyne_msgs/lib:/home/botnuc/linorobot2_ws/install/velodyne_laserscan/lib:${LD_LIBRARY_PATH} PYTHONPATH=/home/botnuc/linorobot2_ws/install/velodyne_msgs/local/lib/python3.10/dist-packages:${PYTHONPATH} /usr/bin/cmake --install /home/botnuc/linorobot2_ws/build/velodyne
