-- Install configuration: ""
-- Up-to-date: /home/botnuc/linorobot2_ws/install/behavior_tree/lib/behavior_tree/navigate_to_flag.py
-- Installing: /home/botnuc/linorobot2_ws/install/behavior_tree/lib/behavior_tree/ApproachFlagController.py
-- Installing: /home/botnuc/linorobot2_ws/install/behavior_tree/lib/behavior_tree/General_controller.py
-- Installing: /home/botnuc/linorobot2_ws/install/behavior_tree/lib/behavior_tree/capture_flag_node.py
-- Up-to-date: /home/botnuc/linorobot2_ws/install/behavior_tree/lib/behavior_tree/SearchFlag.py
-- Up-to-date: /home/botnuc/linorobot2_ws/install/behavior_tree/lib/behavior_tree/electromagnet_node.py
-- Up-to-date: /home/botnuc/linorobot2_ws/install/behavior_tree/share/ament_index/resource_index/package_run_dependencies/behavior_tree
-- Up-to-date: /home/botnuc/linorobot2_ws/install/behavior_tree/share/ament_index/resource_index/parent_prefix_path/behavior_tree
-- Up-to-date: /home/botnuc/linorobot2_ws/install/behavior_tree/share/behavior_tree/environment/ament_prefix_path.sh
-- Up-to-date: /home/botnuc/linorobot2_ws/install/behavior_tree/share/behavior_tree/environment/ament_prefix_path.dsv
-- Up-to-date: /home/botnuc/linorobot2_ws/install/behavior_tree/share/behavior_tree/environment/path.sh
-- Up-to-date: /home/botnuc/linorobot2_ws/install/behavior_tree/share/behavior_tree/environment/path.dsv
-- Up-to-date: /home/botnuc/linorobot2_ws/install/behavior_tree/share/behavior_tree/local_setup.bash
-- Up-to-date: /home/botnuc/linorobot2_ws/install/behavior_tree/share/behavior_tree/local_setup.sh
-- Up-to-date: /home/botnuc/linorobot2_ws/install/behavior_tree/share/behavior_tree/local_setup.zsh
-- Up-to-date: /home/botnuc/linorobot2_ws/install/behavior_tree/share/behavior_tree/local_setup.dsv
-- Installing: /home/botnuc/linorobot2_ws/install/behavior_tree/share/behavior_tree/package.dsv
-- Up-to-date: /home/botnuc/linorobot2_ws/install/behavior_tree/share/ament_index/resource_index/packages/behavior_tree
-- Up-to-date: /home/botnuc/linorobot2_ws/install/behavior_tree/share/behavior_tree/cmake/behavior_treeConfig.cmake
-- Up-to-date: /home/botnuc/linorobot2_ws/install/behavior_tree/share/behavior_tree/cmake/behavior_treeConfig-version.cmake
-- Up-to-date: /home/botnuc/linorobot2_ws/install/behavior_tree/share/behavior_tree/package.xml
