[0.048s] Invoking command in '/home/botnuc/linorobot2_ws/build/linorobot2': CMAKE_PREFIX_PATH=${CMAKE_PREFIX_PATH}:/opt/ros/humble /usr/bin/cmake --build /home/botnuc/linorobot2_ws/build/linorobot2 -- -j4 -l4
[0.160s] Invoked command in '/home/botnuc/linorobot2_ws/build/linorobot2' returned '0': CMAKE_PREFIX_PATH=${CMAKE_PREFIX_PATH}:/opt/ros/humble /usr/bin/cmake --build /home/botnuc/linorobot2_ws/build/linorobot2 -- -j4 -l4
[0.300s] Invoking command in '/home/botnuc/linorobot2_ws/build/linorobot2': CMAKE_PREFIX_PATH=${CMAKE_PREFIX_PATH}:/opt/ros/humble /usr/bin/cmake --install /home/botnuc/linorobot2_ws/build/linorobot2
[0.312s] -- Install configuration: ""
[0.314s] -- Up-to-date: /home/botnuc/linorobot2_ws/install/linorobot2/share/ament_index/resource_index/package_run_dependencies/linorobot2
[0.314s] -- Up-to-date: /home/botnuc/linorobot2_ws/install/linorobot2/share/ament_index/resource_index/parent_prefix_path/linorobot2
[0.315s] -- Up-to-date: /home/botnuc/linorobot2_ws/install/linorobot2/share/linorobot2/environment/ament_prefix_path.sh
[0.315s] -- Up-to-date: /home/botnuc/linorobot2_ws/install/linorobot2/share/linorobot2/environment/ament_prefix_path.dsv
[0.315s] -- Up-to-date: /home/botnuc/linorobot2_ws/install/linorobot2/share/linorobot2/environment/path.sh
[0.315s] -- Up-to-date: /home/botnuc/linorobot2_ws/install/linorobot2/share/linorobot2/environment/path.dsv
[0.327s] -- Up-to-date: /home/botnuc/linorobot2_ws/install/linorobot2/share/linorobot2/local_setup.bash
[0.327s] -- Up-to-date: /home/botnuc/linorobot2_ws/install/linorobot2/share/linorobot2/local_setup.sh
[0.327s] -- Up-to-date: /home/botnuc/linorobot2_ws/install/linorobot2/share/linorobot2/local_setup.zsh
[0.327s] -- Up-to-date: /home/botnuc/linorobot2_ws/install/linorobot2/share/linorobot2/local_setup.dsv
[0.328s] -- Installing: /home/botnuc/linorobot2_ws/install/linorobot2/share/linorobot2/package.dsv
[0.328s] -- Up-to-date: /home/botnuc/linorobot2_ws/install/linorobot2/share/ament_index/resource_index/packages/linorobot2
[0.328s] -- Up-to-date: /home/botnuc/linorobot2_ws/install/linorobot2/share/linorobot2/cmake/linorobot2Config.cmake
[0.328s] -- Up-to-date: /home/botnuc/linorobot2_ws/install/linorobot2/share/linorobot2/cmake/linorobot2Config-version.cmake
[0.339s] -- Up-to-date: /home/botnuc/linorobot2_ws/install/linorobot2/share/linorobot2/package.xml
[0.371s] Invoked command in '/home/botnuc/linorobot2_ws/build/linorobot2' returned '0': CMAKE_PREFIX_PATH=${CMAKE_PREFIX_PATH}:/opt/ros/humble /usr/bin/cmake --install /home/botnuc/linorobot2_ws/build/linorobot2
