-- The C compiler identification is GNU 11.4.0
-- The CXX compiler identification is GNU 11.4.0
-- Detecting C compiler ABI info
-- Detecting C compiler ABI info - done
-- Check for working C compiler: /usr/bin/cc - skipped
-- Detecting C compile features
-- Detecting C compile features - done
-- Detecting CXX compiler ABI info
-- Detecting CXX compiler ABI info - done
-- Check for working CXX compiler: /usr/bin/c++ - skipped
-- Detecting CXX compile features
-- Detecting CXX compile features - done
-- Found ament_cmake_ros: 0.10.0 (/opt/ros/humble/share/ament_cmake_ros/cmake)
-- Found Python3: /usr/bin/python3 (found version "3.10.12") found components: Interpreter 
-- Found rclcpp: 16.0.10 (/opt/ros/humble/share/rclcpp/cmake)
-- Found rosidl_generator_c: 3.1.5 (/opt/ros/humble/share/rosidl_generator_c/cmake)
-- Found rosidl_adapter: 3.1.5 (/opt/ros/humble/share/rosidl_adapter/cmake)
-- Found rosidl_generator_cpp: 3.1.5 (/opt/ros/humble/share/rosidl_generator_cpp/cmake)
-- Using all available rosidl_typesupport_c: rosidl_typesupport_fastrtps_c;rosidl_typesupport_introspection_c
-- Using all available rosidl_typesupport_cpp: rosidl_typesupport_fastrtps_cpp;rosidl_typesupport_introspection_cpp
-- Found rmw_implementation_cmake: 6.1.2 (/opt/ros/humble/share/rmw_implementation_cmake/cmake)
-- Found rmw_fastrtps_cpp: 6.2.7 (/opt/ros/humble/share/rmw_fastrtps_cpp/cmake)
-- Found OpenSSL: /usr/lib/x86_64-linux-gnu/libcrypto.so (found version "3.0.2")  
-- Found FastRTPS: /opt/ros/humble/include  
-- Using RMW implementation 'rmw_fastrtps_cpp' as default
-- Looking for pthread.h
-- Looking for pthread.h - found
-- Performing Test CMAKE_HAVE_LIBC_PTHREAD
-- Performing Test CMAKE_HAVE_LIBC_PTHREAD - Success
-- Found Threads: TRUE  
-- Found rclcpp_components: 16.0.10 (/opt/ros/humble/share/rclcpp_components/cmake)
-- Found sensor_msgs: 4.2.4 (/opt/ros/humble/share/sensor_msgs/cmake)
-- Found ament_lint_auto: 0.12.11 (/opt/ros/humble/share/ament_lint_auto/cmake)
-- Added test 'copyright' to check source files copyright and LICENSE
-- Added test 'cppcheck' to perform static code analysis on C / C++ code
-- Configured cppcheck include dirs: $<BUILD_INTERFACE:/home/botnuc/linorobot2_ws/src/velodyne/velodyne_laserscan/include>
-- Configured cppcheck exclude dirs and/or files: 
-- Added test 'cpplint' to check C / C++ code against the Google style
-- Configured cpplint exclude dirs and/or files: 
-- Added test 'flake8' to check Python code syntax and style conventions
-- Added test 'lint_cmake' to check CMake code style
-- Added test 'pep257' to check Python code against some of the docstring style conventions in PEP 257
-- Added test 'uncrustify' to check C / C++ code style
-- Configured uncrustify additional arguments: 
-- Added test 'xmllint' to check XML markup files
-- Configuring done
-- Generating done
-- Build files have been written to: /home/botnuc/linorobot2_ws/build/velodyne_laserscan
[ 25%] [32mBuilding CXX object CMakeFiles/velodyne_laserscan.dir/src/velodyne_laserscan.cpp.o[0m
[ 50%] [32m[1mLinking CXX shared library libvelodyne_laserscan.so[0m
[ 50%] Built target velodyne_laserscan
[ 75%] [32mBuilding CXX object CMakeFiles/velodyne_laserscan_node.dir/src/node.cpp.o[0m
[100%] [32m[1mLinking CXX executable velodyne_laserscan_node[0m
[100%] Built target velodyne_laserscan_node
-- Install configuration: ""
-- Installing: /home/botnuc/linorobot2_ws/install/velodyne_laserscan/lib/libvelodyne_laserscan.so
-- Set runtime path of "/home/botnuc/linorobot2_ws/install/velodyne_laserscan/lib/libvelodyne_laserscan.so" to ""
-- Installing: /home/botnuc/linorobot2_ws/install/velodyne_laserscan/lib/velodyne_laserscan/velodyne_laserscan_node
-- Set runtime path of "/home/botnuc/linorobot2_ws/install/velodyne_laserscan/lib/velodyne_laserscan/velodyne_laserscan_node" to ""
-- Installing: /home/botnuc/linorobot2_ws/install/velodyne_laserscan/include/velodyne_laserscan
-- Installing: /home/botnuc/linorobot2_ws/install/velodyne_laserscan/include/velodyne_laserscan/velodyne_laserscan.hpp
-- Installing: /home/botnuc/linorobot2_ws/install/velodyne_laserscan/share/velodyne_laserscan/config
-- Installing: /home/botnuc/linorobot2_ws/install/velodyne_laserscan/share/velodyne_laserscan/config/default-velodyne_laserscan_node-params.yaml
-- Installing: /home/botnuc/linorobot2_ws/install/velodyne_laserscan/share/velodyne_laserscan/launch
-- Installing: /home/botnuc/linorobot2_ws/install/velodyne_laserscan/share/velodyne_laserscan/launch/velodyne_laserscan_node-composed-launch.py
-- Installing: /home/botnuc/linorobot2_ws/install/velodyne_laserscan/share/velodyne_laserscan/launch/velodyne_laserscan_node-launch.py
-- Installing: /home/botnuc/linorobot2_ws/install/velodyne_laserscan/share/ament_index/resource_index/package_run_dependencies/velodyne_laserscan
-- Installing: /home/botnuc/linorobot2_ws/install/velodyne_laserscan/share/ament_index/resource_index/parent_prefix_path/velodyne_laserscan
-- Installing: /home/botnuc/linorobot2_ws/install/velodyne_laserscan/share/velodyne_laserscan/environment/ament_prefix_path.sh
-- Installing: /home/botnuc/linorobot2_ws/install/velodyne_laserscan/share/velodyne_laserscan/environment/ament_prefix_path.dsv
-- Installing: /home/botnuc/linorobot2_ws/install/velodyne_laserscan/share/velodyne_laserscan/environment/path.sh
-- Installing: /home/botnuc/linorobot2_ws/install/velodyne_laserscan/share/velodyne_laserscan/environment/path.dsv
-- Installing: /home/botnuc/linorobot2_ws/install/velodyne_laserscan/share/velodyne_laserscan/local_setup.bash
-- Installing: /home/botnuc/linorobot2_ws/install/velodyne_laserscan/share/velodyne_laserscan/local_setup.sh
-- Installing: /home/botnuc/linorobot2_ws/install/velodyne_laserscan/share/velodyne_laserscan/local_setup.zsh
-- Installing: /home/botnuc/linorobot2_ws/install/velodyne_laserscan/share/velodyne_laserscan/local_setup.dsv
-- Installing: /home/botnuc/linorobot2_ws/install/velodyne_laserscan/share/velodyne_laserscan/package.dsv
-- Installing: /home/botnuc/linorobot2_ws/install/velodyne_laserscan/share/ament_index/resource_index/packages/velodyne_laserscan
-- Installing: /home/botnuc/linorobot2_ws/install/velodyne_laserscan/share/ament_index/resource_index/rclcpp_components/velodyne_laserscan
-- Installing: /home/botnuc/linorobot2_ws/install/velodyne_laserscan/share/velodyne_laserscan/cmake/velodyne_laserscanExport.cmake
-- Installing: /home/botnuc/linorobot2_ws/install/velodyne_laserscan/share/velodyne_laserscan/cmake/velodyne_laserscanExport-noconfig.cmake
-- Installing: /home/botnuc/linorobot2_ws/install/velodyne_laserscan/share/velodyne_laserscan/cmake/ament_cmake_export_include_directories-extras.cmake
-- Installing: /home/botnuc/linorobot2_ws/install/velodyne_laserscan/share/velodyne_laserscan/cmake/ament_cmake_export_targets-extras.cmake
-- Installing: /home/botnuc/linorobot2_ws/install/velodyne_laserscan/share/velodyne_laserscan/cmake/ament_cmake_export_dependencies-extras.cmake
-- Installing: /home/botnuc/linorobot2_ws/install/velodyne_laserscan/share/velodyne_laserscan/cmake/velodyne_laserscanConfig.cmake
-- Installing: /home/botnuc/linorobot2_ws/install/velodyne_laserscan/share/velodyne_laserscan/cmake/velodyne_laserscanConfig-version.cmake
-- Installing: /home/botnuc/linorobot2_ws/install/velodyne_laserscan/share/velodyne_laserscan/package.xml
