[0.021s] Invoking command in '/home/botnuc/linorobot2_ws/build/linorobot2_bringup': AMENT_PREFIX_PATH=/home/botnuc/linorobot2_ws/install/micro_ros_agent:/home/botnuc/linorobot2_ws/install/micro_ros_msgs:${AMENT_PREFIX_PATH} CMAKE_PREFIX_PATH=/home/botnuc/linorobot2_ws/install/micro_ros_agent:/home/botnuc/linorobot2_ws/install/micro_ros_msgs:/home/botnuc/install/micro_ros_setup:/home/botnuc/install/linorobot2_bringup:/home/botnuc/install/micro_ros_agent:/home/botnuc/install/micro_ros_msgs:/home/botnuc/install/linorobot2_navigation:/home/botnuc/install/linorobot2_description:/home/botnuc/install/linorobot2_base:/home/botnuc/install/linorobot2:/home/botnuc/install/camera_detection:/home/botnuc/install/behavior_tree:/opt/ros/humble LD_LIBRARY_PATH=/home/botnuc/linorobot2_ws/install/micro_ros_agent/lib:/home/botnuc/linorobot2_ws/install/micro_ros_msgs/lib:/home/botnuc/install/micro_ros_agent/lib:/home/botnuc/install/micro_ros_msgs/lib:/opt/ros/humble/opt/rviz_ogre_vendor/lib:/opt/ros/humble/lib/x86_64-linux-gnu:/opt/ros/humble/lib /usr/bin/cmake --build /home/botnuc/linorobot2_ws/build/linorobot2_bringup -- -j4 -l4
[0.073s] Invoked command in '/home/botnuc/linorobot2_ws/build/linorobot2_bringup' returned '0': AMENT_PREFIX_PATH=/home/botnuc/linorobot2_ws/install/micro_ros_agent:/home/botnuc/linorobot2_ws/install/micro_ros_msgs:${AMENT_PREFIX_PATH} CMAKE_PREFIX_PATH=/home/botnuc/linorobot2_ws/install/micro_ros_agent:/home/botnuc/linorobot2_ws/install/micro_ros_msgs:/home/botnuc/install/micro_ros_setup:/home/botnuc/install/linorobot2_bringup:/home/botnuc/install/micro_ros_agent:/home/botnuc/install/micro_ros_msgs:/home/botnuc/install/linorobot2_navigation:/home/botnuc/install/linorobot2_description:/home/botnuc/install/linorobot2_base:/home/botnuc/install/linorobot2:/home/botnuc/install/camera_detection:/home/botnuc/install/behavior_tree:/opt/ros/humble LD_LIBRARY_PATH=/home/botnuc/linorobot2_ws/install/micro_ros_agent/lib:/home/botnuc/linorobot2_ws/install/micro_ros_msgs/lib:/home/botnuc/install/micro_ros_agent/lib:/home/botnuc/install/micro_ros_msgs/lib:/opt/ros/humble/opt/rviz_ogre_vendor/lib:/opt/ros/humble/lib/x86_64-linux-gnu:/opt/ros/humble/lib /usr/bin/cmake --build /home/botnuc/linorobot2_ws/build/linorobot2_bringup -- -j4 -l4
[0.095s] Invoking command in '/home/botnuc/linorobot2_ws/build/linorobot2_bringup': AMENT_PREFIX_PATH=/home/botnuc/linorobot2_ws/install/micro_ros_agent:/home/botnuc/linorobot2_ws/install/micro_ros_msgs:${AMENT_PREFIX_PATH} CMAKE_PREFIX_PATH=/home/botnuc/linorobot2_ws/install/micro_ros_agent:/home/botnuc/linorobot2_ws/install/micro_ros_msgs:/home/botnuc/install/micro_ros_setup:/home/botnuc/install/linorobot2_bringup:/home/botnuc/install/micro_ros_agent:/home/botnuc/install/micro_ros_msgs:/home/botnuc/install/linorobot2_navigation:/home/botnuc/install/linorobot2_description:/home/botnuc/install/linorobot2_base:/home/botnuc/install/linorobot2:/home/botnuc/install/camera_detection:/home/botnuc/install/behavior_tree:/opt/ros/humble LD_LIBRARY_PATH=/home/botnuc/linorobot2_ws/install/micro_ros_agent/lib:/home/botnuc/linorobot2_ws/install/micro_ros_msgs/lib:/home/botnuc/install/micro_ros_agent/lib:/home/botnuc/install/micro_ros_msgs/lib:/opt/ros/humble/opt/rviz_ogre_vendor/lib:/opt/ros/humble/lib/x86_64-linux-gnu:/opt/ros/humble/lib /usr/bin/cmake --install /home/botnuc/linorobot2_ws/build/linorobot2_bringup
[0.100s] -- Install configuration: ""
[0.101s] -- Up-to-date: /home/botnuc/linorobot2_ws/install/linorobot2_bringup/share/linorobot2_bringup/launch
[0.101s] -- Up-to-date: /home/botnuc/linorobot2_ws/install/linorobot2_bringup/share/linorobot2_bringup/launch/depth.launch.py
[0.101s] -- Up-to-date: /home/botnuc/linorobot2_ws/install/linorobot2_bringup/share/linorobot2_bringup/launch/lasers.launch.py
[0.102s] -- Up-to-date: /home/botnuc/linorobot2_ws/install/linorobot2_bringup/share/linorobot2_bringup/launch/bringup.launch.py
[0.103s] -- Up-to-date: /home/botnuc/linorobot2_ws/install/linorobot2_bringup/share/linorobot2_bringup/launch/joy_teleop.launch.py
[0.103s] -- Up-to-date: /home/botnuc/linorobot2_ws/install/linorobot2_bringup/share/linorobot2_bringup/launch/custom_robot.launch.py
[0.103s] -- Up-to-date: /home/botnuc/linorobot2_ws/install/linorobot2_bringup/share/linorobot2_bringup/launch/default_robot.launch.py
[0.103s] -- Up-to-date: /home/botnuc/linorobot2_ws/install/linorobot2_bringup/share/linorobot2_bringup/launch/extra.launch.py
[0.103s] -- Up-to-date: /home/botnuc/linorobot2_ws/install/linorobot2_bringup/share/linorobot2_bringup/launch/sensors.launch.py
[0.103s] -- Up-to-date: /home/botnuc/linorobot2_ws/install/linorobot2_bringup/share/linorobot2_bringup/config
[0.103s] -- Up-to-date: /home/botnuc/linorobot2_ws/install/linorobot2_bringup/share/linorobot2_bringup/config/zed_common.yaml
[0.103s] -- Up-to-date: /home/botnuc/linorobot2_ws/install/linorobot2_bringup/share/linorobot2_bringup/config/joy.yaml
[0.103s] -- Up-to-date: /home/botnuc/linorobot2_ws/install/linorobot2_bringup/share/linorobot2_bringup/config/box_laser_filter.yaml
[0.104s] -- Up-to-date: /home/botnuc/linorobot2_ws/install/linorobot2_bringup/share/linorobot2_bringup/config/fake_laser.yaml
[0.104s] -- Up-to-date: /home/botnuc/linorobot2_ws/install/linorobot2_bringup/share/ament_index/resource_index/package_run_dependencies/linorobot2_bringup
[0.104s] -- Up-to-date: /home/botnuc/linorobot2_ws/install/linorobot2_bringup/share/ament_index/resource_index/parent_prefix_path/linorobot2_bringup
[0.104s] -- Up-to-date: /home/botnuc/linorobot2_ws/install/linorobot2_bringup/share/linorobot2_bringup/environment/ament_prefix_path.sh
[0.104s] -- Up-to-date: /home/botnuc/linorobot2_ws/install/linorobot2_bringup/share/linorobot2_bringup/environment/ament_prefix_path.dsv
[0.104s] -- Up-to-date: /home/botnuc/linorobot2_ws/install/linorobot2_bringup/share/linorobot2_bringup/environment/path.sh
[0.104s] -- Up-to-date: /home/botnuc/linorobot2_ws/install/linorobot2_bringup/share/linorobot2_bringup/environment/path.dsv
[0.104s] -- Up-to-date: /home/botnuc/linorobot2_ws/install/linorobot2_bringup/share/linorobot2_bringup/local_setup.bash
[0.104s] -- Up-to-date: /home/botnuc/linorobot2_ws/install/linorobot2_bringup/share/linorobot2_bringup/local_setup.sh
[0.104s] -- Up-to-date: /home/botnuc/linorobot2_ws/install/linorobot2_bringup/share/linorobot2_bringup/local_setup.zsh
[0.104s] -- Up-to-date: /home/botnuc/linorobot2_ws/install/linorobot2_bringup/share/linorobot2_bringup/local_setup.dsv
[0.105s] -- Up-to-date: /home/botnuc/linorobot2_ws/install/linorobot2_bringup/share/linorobot2_bringup/package.dsv
[0.105s] -- Up-to-date: /home/botnuc/linorobot2_ws/install/linorobot2_bringup/share/ament_index/resource_index/packages/linorobot2_bringup
[0.105s] -- Up-to-date: /home/botnuc/linorobot2_ws/install/linorobot2_bringup/share/linorobot2_bringup/cmake/linorobot2_bringupConfig.cmake
[0.105s] -- Up-to-date: /home/botnuc/linorobot2_ws/install/linorobot2_bringup/share/linorobot2_bringup/cmake/linorobot2_bringupConfig-version.cmake
[0.105s] -- Up-to-date: /home/botnuc/linorobot2_ws/install/linorobot2_bringup/share/linorobot2_bringup/package.xml
[0.107s] Invoked command in '/home/botnuc/linorobot2_ws/build/linorobot2_bringup' returned '0': AMENT_PREFIX_PATH=/home/botnuc/linorobot2_ws/install/micro_ros_agent:/home/botnuc/linorobot2_ws/install/micro_ros_msgs:${AMENT_PREFIX_PATH} CMAKE_PREFIX_PATH=/home/botnuc/linorobot2_ws/install/micro_ros_agent:/home/botnuc/linorobot2_ws/install/micro_ros_msgs:/home/botnuc/install/micro_ros_setup:/home/botnuc/install/linorobot2_bringup:/home/botnuc/install/micro_ros_agent:/home/botnuc/install/micro_ros_msgs:/home/botnuc/install/linorobot2_navigation:/home/botnuc/install/linorobot2_description:/home/botnuc/install/linorobot2_base:/home/botnuc/install/linorobot2:/home/botnuc/install/camera_detection:/home/botnuc/install/behavior_tree:/opt/ros/humble LD_LIBRARY_PATH=/home/botnuc/linorobot2_ws/install/micro_ros_agent/lib:/home/botnuc/linorobot2_ws/install/micro_ros_msgs/lib:/home/botnuc/install/micro_ros_agent/lib:/home/botnuc/install/micro_ros_msgs/lib:/opt/ros/humble/opt/rviz_ogre_vendor/lib:/opt/ros/humble/lib/x86_64-linux-gnu:/opt/ros/humble/lib /usr/bin/cmake --install /home/botnuc/linorobot2_ws/build/linorobot2_bringup
