[0.090s] Invoking command in '/home/botnuc/linorobot2_ws/build/sllidar_ros2': CMAKE_PREFIX_PATH=${CMAKE_PREFIX_PATH}:/opt/ros/humble /usr/bin/cmake --build /home/botnuc/linorobot2_ws/build/sllidar_ros2 -- -j4 -l4
[0.530s] [ 90%] Built target sllidar_node
[0.721s] [100%] Built target sllidar_client
[0.788s] Invoked command in '/home/botnuc/linorobot2_ws/build/sllidar_ros2' returned '0': CMAKE_PREFIX_PATH=${CMAKE_PREFIX_PATH}:/opt/ros/humble /usr/bin/cmake --build /home/botnuc/linorobot2_ws/build/sllidar_ros2 -- -j4 -l4
[1.196s] Invoking command in '/home/botnuc/linorobot2_ws/build/sllidar_ros2': CMAKE_PREFIX_PATH=${CMAKE_PREFIX_PATH}:/opt/ros/humble /usr/bin/cmake --install /home/botnuc/linorobot2_ws/build/sllidar_ros2
[1.213s] -- Install configuration: ""
[1.213s] -- Up-to-date: /home/botnuc/linorobot2_ws/install/sllidar_ros2/share/sllidar_ros2/launch
[1.213s] -- Up-to-date: /home/botnuc/linorobot2_ws/install/sllidar_ros2/share/sllidar_ros2/launch/sllidar_s1_launch.py
[1.213s] -- Up-to-date: /home/botnuc/linorobot2_ws/install/sllidar_ros2/share/sllidar_ros2/launch/view_sllidar_a1_launch.py
[1.213s] -- Up-to-date: /home/botnuc/linorobot2_ws/install/sllidar_ros2/share/sllidar_ros2/launch/view_sllidar_a2m8_launch.py
[1.213s] -- Up-to-date: /home/botnuc/linorobot2_ws/install/sllidar_ros2/share/sllidar_ros2/launch/sllidar_s3_launch.py
[1.213s] -- Up-to-date: /home/botnuc/linorobot2_ws/install/sllidar_ros2/share/sllidar_ros2/launch/view_sllidar_c1_launch.py
[1.214s] -- Up-to-date: /home/botnuc/linorobot2_ws/install/sllidar_ros2/share/sllidar_ros2/launch/sllidar_a2m8_launch.py
[1.214s] -- Up-to-date: /home/botnuc/linorobot2_ws/install/sllidar_ros2/share/sllidar_ros2/launch/view_sllidar_t1_launch.py
[1.214s] -- Up-to-date: /home/botnuc/linorobot2_ws/install/sllidar_ros2/share/sllidar_ros2/launch/view_sllidar_a2m7_launch.py
[1.214s] -- Up-to-date: /home/botnuc/linorobot2_ws/install/sllidar_ros2/share/sllidar_ros2/launch/sllidar_c1_launch.py
[1.214s] -- Up-to-date: /home/botnuc/linorobot2_ws/install/sllidar_ros2/share/sllidar_ros2/launch/sllidar_a3_launch.py
[1.214s] -- Up-to-date: /home/botnuc/linorobot2_ws/install/sllidar_ros2/share/sllidar_ros2/launch/view_sllidar_s1_tcp_launch.py
[1.214s] -- Up-to-date: /home/botnuc/linorobot2_ws/install/sllidar_ros2/share/sllidar_ros2/launch/view_sllidar_a3_launch.py
[1.214s] -- Up-to-date: /home/botnuc/linorobot2_ws/install/sllidar_ros2/share/sllidar_ros2/launch/sllidar_s2e_launch.py
[1.228s] -- Up-to-date: /home/botnuc/linorobot2_ws/install/sllidar_ros2/share/sllidar_ros2/launch/view_sllidar_s3_launch.py
[1.228s] -- Up-to-date: /home/botnuc/linorobot2_ws/install/sllidar_ros2/share/sllidar_ros2/launch/view_sllidar_s2_launch.py
[1.228s] -- Up-to-date: /home/botnuc/linorobot2_ws/install/sllidar_ros2/share/sllidar_ros2/launch/sllidar_a2m7_launch.py
[1.228s] -- Up-to-date: /home/botnuc/linorobot2_ws/install/sllidar_ros2/share/sllidar_ros2/launch/view_sllidar_s2e_launch.py
[1.228s] -- Up-to-date: /home/botnuc/linorobot2_ws/install/sllidar_ros2/share/sllidar_ros2/launch/sllidar_s1_tcp_launch.py
[1.228s] -- Up-to-date: /home/botnuc/linorobot2_ws/install/sllidar_ros2/share/sllidar_ros2/launch/sllidar_s2_launch.py
[1.229s] -- Up-to-date: /home/botnuc/linorobot2_ws/install/sllidar_ros2/share/sllidar_ros2/launch/view_sllidar_a2m12_launch.py
[1.229s] -- Up-to-date: /home/botnuc/linorobot2_ws/install/sllidar_ros2/share/sllidar_ros2/launch/sllidar_t1_launch.py
[1.229s] -- Up-to-date: /home/botnuc/linorobot2_ws/install/sllidar_ros2/share/sllidar_ros2/launch/sllidar_a2m12_launch .py
[1.229s] -- Up-to-date: /home/botnuc/linorobot2_ws/install/sllidar_ros2/share/sllidar_ros2/launch/sllidar_a1_launch.py
[1.229s] -- Up-to-date: /home/botnuc/linorobot2_ws/install/sllidar_ros2/share/sllidar_ros2/launch/view_sllidar_s1_launch.py
[1.229s] -- Up-to-date: /home/botnuc/linorobot2_ws/install/sllidar_ros2/share/sllidar_ros2/rviz
[1.229s] -- Up-to-date: /home/botnuc/linorobot2_ws/install/sllidar_ros2/share/sllidar_ros2/rviz/sllidar_ros2.rviz
[1.229s] -- Up-to-date: /home/botnuc/linorobot2_ws/install/sllidar_ros2/lib/sllidar_ros2/sllidar_node
[1.229s] -- Up-to-date: /home/botnuc/linorobot2_ws/install/sllidar_ros2/lib/sllidar_ros2/sllidar_client
[1.229s] -- Up-to-date: /home/botnuc/linorobot2_ws/install/sllidar_ros2/share/ament_index/resource_index/package_run_dependencies/sllidar_ros2
[1.229s] -- Up-to-date: /home/botnuc/linorobot2_ws/install/sllidar_ros2/share/ament_index/resource_index/parent_prefix_path/sllidar_ros2
[1.230s] -- Up-to-date: /home/botnuc/linorobot2_ws/install/sllidar_ros2/share/sllidar_ros2/environment/ament_prefix_path.sh
[1.230s] -- Up-to-date: /home/botnuc/linorobot2_ws/install/sllidar_ros2/share/sllidar_ros2/environment/ament_prefix_path.dsv
[1.230s] -- Up-to-date: /home/botnuc/linorobot2_ws/install/sllidar_ros2/share/sllidar_ros2/environment/path.sh
[1.230s] -- Up-to-date: /home/botnuc/linorobot2_ws/install/sllidar_ros2/share/sllidar_ros2/environment/path.dsv
[1.230s] -- Up-to-date: /home/botnuc/linorobot2_ws/install/sllidar_ros2/share/sllidar_ros2/local_setup.bash
[1.230s] -- Up-to-date: /home/botnuc/linorobot2_ws/install/sllidar_ros2/share/sllidar_ros2/local_setup.sh
[1.230s] -- Up-to-date: /home/botnuc/linorobot2_ws/install/sllidar_ros2/share/sllidar_ros2/local_setup.zsh
[1.230s] -- Up-to-date: /home/botnuc/linorobot2_ws/install/sllidar_ros2/share/sllidar_ros2/local_setup.dsv
[1.230s] -- Installing: /home/botnuc/linorobot2_ws/install/sllidar_ros2/share/sllidar_ros2/package.dsv
[1.230s] -- Up-to-date: /home/botnuc/linorobot2_ws/install/sllidar_ros2/share/ament_index/resource_index/packages/sllidar_ros2
[1.230s] -- Up-to-date: /home/botnuc/linorobot2_ws/install/sllidar_ros2/share/sllidar_ros2/cmake/ament_cmake_export_dependencies-extras.cmake
[1.244s] -- Up-to-date: /home/botnuc/linorobot2_ws/install/sllidar_ros2/share/sllidar_ros2/cmake/ament_cmake_export_include_directories-extras.cmake
[1.245s] -- Up-to-date: /home/botnuc/linorobot2_ws/install/sllidar_ros2/share/sllidar_ros2/cmake/sllidar_ros2Config.cmake
[1.245s] -- Up-to-date: /home/botnuc/linorobot2_ws/install/sllidar_ros2/share/sllidar_ros2/cmake/sllidar_ros2Config-version.cmake
[1.245s] -- Up-to-date: /home/botnuc/linorobot2_ws/install/sllidar_ros2/share/sllidar_ros2/package.xml
[1.265s] Invoked command in '/home/botnuc/linorobot2_ws/build/sllidar_ros2' returned '0': CMAKE_PREFIX_PATH=${CMAKE_PREFIX_PATH}:/opt/ros/humble /usr/bin/cmake --install /home/botnuc/linorobot2_ws/build/sllidar_ros2
