[0.047s] Invoking command in '/home/botnuc/linorobot2_ws/build/velodyne_driver': AMENT_PREFIX_PATH=/home/botnuc/linorobot2_ws/install/velodyne_msgs:${AMENT_PREFIX_PATH} CMAKE_PREFIX_PATH=/home/botnuc/linorobot2_ws/install/velodyne_msgs:/home/botnuc/linorobot2_ws/install/sllidar_ros2:/home/botnuc/linorobot2_ws/install/micro_ros_setup:/home/botnuc/linorobot2_ws/install/linorobot2_bringup:/home/botnuc/linorobot2_ws/install/micro_ros_agent:/home/botnuc/linorobot2_ws/install/micro_ros_msgs:/home/botnuc/linorobot2_ws/install/linorobot2_navigation:/home/botnuc/linorobot2_ws/install/linorobot2_description:/home/botnuc/linorobot2_ws/install/linorobot2_base:/home/botnuc/linorobot2_ws/install/linorobot2:/home/botnuc/linorobot2_ws/install/camera_detection:/home/botnuc/linorobot2_ws/install/behavior_tree:/opt/ros/humble LD_LIBRARY_PATH=/home/botnuc/linorobot2_ws/install/velodyne_msgs/lib:${LD_LIBRARY_PATH} PYTHONPATH=/home/botnuc/linorobot2_ws/install/velodyne_msgs/local/lib/python3.10/dist-packages:${PYTHONPATH} /usr/bin/cmake /home/botnuc/linorobot2_ws/src/velodyne/velodyne_driver -DCMAKE_INSTALL_PREFIX=/home/botnuc/linorobot2_ws/install/velodyne_driver
[0.251s] -- The C compiler identification is GNU 11.4.0
[0.439s] -- The CXX compiler identification is GNU 11.4.0
[0.469s] -- Detecting C compiler ABI info
[0.659s] -- Detecting C compiler ABI info - done
[0.681s] -- Check for working C compiler: /usr/bin/cc - skipped
[0.682s] -- Detecting C compile features
[0.683s] -- Detecting C compile features - done
[0.689s] -- Detecting CXX compiler ABI info
[0.931s] -- Detecting CXX compiler ABI info - done
[0.946s] -- Check for working CXX compiler: /usr/bin/c++ - skipped
[0.947s] -- Detecting CXX compile features
[0.948s] -- Detecting CXX compile features - done
[0.952s] -- Found ament_cmake_ros: 0.10.0 (/opt/ros/humble/share/ament_cmake_ros/cmake)
[1.237s] -- Found Python3: /usr/bin/python3 (found version "3.10.12") found components: Interpreter 
[1.406s] -- Found diagnostic_updater: 4.0.0 (/opt/ros/humble/share/diagnostic_updater/cmake)
[1.527s] -- Found rosidl_generator_c: 3.1.5 (/opt/ros/humble/share/rosidl_generator_c/cmake)
[1.537s] -- Found rosidl_adapter: 3.1.5 (/opt/ros/humble/share/rosidl_adapter/cmake)
[1.552s] -- Found rosidl_generator_cpp: 3.1.5 (/opt/ros/humble/share/rosidl_generator_cpp/cmake)
[1.578s] -- Using all available rosidl_typesupport_c: rosidl_typesupport_fastrtps_c;rosidl_typesupport_introspection_c
[1.606s] -- Using all available rosidl_typesupport_cpp: rosidl_typesupport_fastrtps_cpp;rosidl_typesupport_introspection_cpp
[1.787s] -- Found rmw_implementation_cmake: 6.1.2 (/opt/ros/humble/share/rmw_implementation_cmake/cmake)
[1.795s] -- Found rmw_fastrtps_cpp: 6.2.7 (/opt/ros/humble/share/rmw_fastrtps_cpp/cmake)
[1.969s] -- Found OpenSSL: /usr/lib/x86_64-linux-gnu/libcrypto.so (found version "3.0.2")  
[2.052s] -- Found FastRTPS: /opt/ros/humble/include  
[2.171s] -- Using RMW implementation 'rmw_fastrtps_cpp' as default
[2.195s] -- Looking for pthread.h
[2.373s] -- Looking for pthread.h - found
[2.373s] -- Performing Test CMAKE_HAVE_LIBC_PTHREAD
[2.495s] -- Performing Test CMAKE_HAVE_LIBC_PTHREAD - Success
[2.497s] -- Found Threads: TRUE  
[2.604s] -- Found rclcpp_components: 16.0.10 (/opt/ros/humble/share/rclcpp_components/cmake)
[2.711s] -- Found tf2_ros: 0.25.8 (/opt/ros/humble/share/tf2_ros/cmake)
[3.060s] -- Found velodyne_msgs: 2.5.1 (/home/botnuc/linorobot2_ws/install/velodyne_msgs/share/velodyne_msgs/cmake)
[3.109s] -- Found ament_lint_auto: 0.12.11 (/opt/ros/humble/share/ament_lint_auto/cmake)
[3.282s] -- Found gtest sources under '/opt/ros/humble/src/gtest_vendor': C++ tests using 'Google Test' will be built
[3.292s] -- Added test 'copyright' to check source files copyright and LICENSE
[3.295s] -- Added test 'cppcheck' to perform static code analysis on C / C++ code
[3.296s] -- Configured cppcheck include dirs: $<BUILD_INTERFACE:/home/botnuc/linorobot2_ws/src/velodyne/velodyne_driver/include>
[3.296s] -- Configured cppcheck exclude dirs and/or files: 
[3.300s] -- Added test 'cpplint' to check C / C++ code against the Google style
[3.301s] -- Configured cpplint exclude dirs and/or files: 
[3.302s] -- Added test 'flake8' to check Python code syntax and style conventions
[3.304s] -- Added test 'lint_cmake' to check CMake code style
[3.306s] -- Added test 'pep257' to check Python code against some of the docstring style conventions in PEP 257
[3.311s] -- Added test 'uncrustify' to check C / C++ code style
[3.311s] -- Configured uncrustify additional arguments: 
[3.311s] -- Added test 'xmllint' to check XML markup files
[3.318s] -- Configuring done
[3.364s] -- Generating done
[3.367s] -- Build files have been written to: /home/botnuc/linorobot2_ws/build/velodyne_driver
[3.389s] Invoked command in '/home/botnuc/linorobot2_ws/build/velodyne_driver' returned '0': AMENT_PREFIX_PATH=/home/botnuc/linorobot2_ws/install/velodyne_msgs:${AMENT_PREFIX_PATH} CMAKE_PREFIX_PATH=/home/botnuc/linorobot2_ws/install/velodyne_msgs:/home/botnuc/linorobot2_ws/install/sllidar_ros2:/home/botnuc/linorobot2_ws/install/micro_ros_setup:/home/botnuc/linorobot2_ws/install/linorobot2_bringup:/home/botnuc/linorobot2_ws/install/micro_ros_agent:/home/botnuc/linorobot2_ws/install/micro_ros_msgs:/home/botnuc/linorobot2_ws/install/linorobot2_navigation:/home/botnuc/linorobot2_ws/install/linorobot2_description:/home/botnuc/linorobot2_ws/install/linorobot2_base:/home/botnuc/linorobot2_ws/install/linorobot2:/home/botnuc/linorobot2_ws/install/camera_detection:/home/botnuc/linorobot2_ws/install/behavior_tree:/opt/ros/humble LD_LIBRARY_PATH=/home/botnuc/linorobot2_ws/install/velodyne_msgs/lib:${LD_LIBRARY_PATH} PYTHONPATH=/home/botnuc/linorobot2_ws/install/velodyne_msgs/local/lib/python3.10/dist-packages:${PYTHONPATH} /usr/bin/cmake /home/botnuc/linorobot2_ws/src/velodyne/velodyne_driver -DCMAKE_INSTALL_PREFIX=/home/botnuc/linorobot2_ws/install/velodyne_driver
[3.390s] Invoking command in '/home/botnuc/linorobot2_ws/build/velodyne_driver': AMENT_PREFIX_PATH=/home/botnuc/linorobot2_ws/install/velodyne_msgs:${AMENT_PREFIX_PATH} CMAKE_PREFIX_PATH=/home/botnuc/linorobot2_ws/install/velodyne_msgs:/home/botnuc/linorobot2_ws/install/sllidar_ros2:/home/botnuc/linorobot2_ws/install/micro_ros_setup:/home/botnuc/linorobot2_ws/install/linorobot2_bringup:/home/botnuc/linorobot2_ws/install/micro_ros_agent:/home/botnuc/linorobot2_ws/install/micro_ros_msgs:/home/botnuc/linorobot2_ws/install/linorobot2_navigation:/home/botnuc/linorobot2_ws/install/linorobot2_description:/home/botnuc/linorobot2_ws/install/linorobot2_base:/home/botnuc/linorobot2_ws/install/linorobot2:/home/botnuc/linorobot2_ws/install/camera_detection:/home/botnuc/linorobot2_ws/install/behavior_tree:/opt/ros/humble LD_LIBRARY_PATH=/home/botnuc/linorobot2_ws/install/velodyne_msgs/lib:${LD_LIBRARY_PATH} PYTHONPATH=/home/botnuc/linorobot2_ws/install/velodyne_msgs/local/lib/python3.10/dist-packages:${PYTHONPATH} /usr/bin/cmake --build /home/botnuc/linorobot2_ws/build/velodyne_driver -- -j4 -l4
[3.483s] [  8%] [32mBuilding CXX object CMakeFiles/velodyne_input.dir/src/lib/input.cpp.o[0m
[3.498s] [ 16%] [32mBuilding CXX object gtest/CMakeFiles/gtest.dir/src/gtest-all.cc.o[0m
[3.501s] [ 25%] [32mBuilding CXX object gtest/CMakeFiles/gtest_main.dir/src/gtest_main.cc.o[0m
[4.878s] [ 33%] [32m[1mLinking CXX static library libgtest_main.a[0m
[5.157s] [ 33%] Built target gtest_main
[9.496s] [ 41%] [32m[1mLinking CXX shared library libvelodyne_input.so[0m
[9.769s] [ 50%] [32m[1mLinking CXX static library libgtest.a[0m
[9.827s] [ 50%] Built target velodyne_input
[9.894s] [ 50%] Built target gtest
[9.923s] [ 58%] [32mBuilding CXX object CMakeFiles/velodyne_driver.dir/src/driver/driver.cpp.o[0m
[23.779s] [ 66%] [32m[1mLinking CXX shared library libvelodyne_driver.so[0m
[24.664s] [ 66%] Built target velodyne_driver
[24.691s] [ 83%] [32mBuilding CXX object CMakeFiles/velodyne_driver_node.dir/src/driver/velodyne_node.cpp.o[0m
[24.691s] [ 83%] [32mBuilding CXX object CMakeFiles/time_test.dir/tests/timeconversiontest.cpp.o[0m
[29.896s] [ 91%] [32m[1mLinking CXX executable time_test[0m
[30.041s] [100%] [32m[1mLinking CXX executable velodyne_driver_node[0m
[30.197s] [100%] Built target time_test
[30.358s] [100%] Built target velodyne_driver_node
[30.374s] Invoked command in '/home/botnuc/linorobot2_ws/build/velodyne_driver' returned '0': AMENT_PREFIX_PATH=/home/botnuc/linorobot2_ws/install/velodyne_msgs:${AMENT_PREFIX_PATH} CMAKE_PREFIX_PATH=/home/botnuc/linorobot2_ws/install/velodyne_msgs:/home/botnuc/linorobot2_ws/install/sllidar_ros2:/home/botnuc/linorobot2_ws/install/micro_ros_setup:/home/botnuc/linorobot2_ws/install/linorobot2_bringup:/home/botnuc/linorobot2_ws/install/micro_ros_agent:/home/botnuc/linorobot2_ws/install/micro_ros_msgs:/home/botnuc/linorobot2_ws/install/linorobot2_navigation:/home/botnuc/linorobot2_ws/install/linorobot2_description:/home/botnuc/linorobot2_ws/install/linorobot2_base:/home/botnuc/linorobot2_ws/install/linorobot2:/home/botnuc/linorobot2_ws/install/camera_detection:/home/botnuc/linorobot2_ws/install/behavior_tree:/opt/ros/humble LD_LIBRARY_PATH=/home/botnuc/linorobot2_ws/install/velodyne_msgs/lib:${LD_LIBRARY_PATH} PYTHONPATH=/home/botnuc/linorobot2_ws/install/velodyne_msgs/local/lib/python3.10/dist-packages:${PYTHONPATH} /usr/bin/cmake --build /home/botnuc/linorobot2_ws/build/velodyne_driver -- -j4 -l4
[30.425s] Invoking command in '/home/botnuc/linorobot2_ws/build/velodyne_driver': AMENT_PREFIX_PATH=/home/botnuc/linorobot2_ws/install/velodyne_msgs:${AMENT_PREFIX_PATH} CMAKE_PREFIX_PATH=/home/botnuc/linorobot2_ws/install/velodyne_msgs:/home/botnuc/linorobot2_ws/install/sllidar_ros2:/home/botnuc/linorobot2_ws/install/micro_ros_setup:/home/botnuc/linorobot2_ws/install/linorobot2_bringup:/home/botnuc/linorobot2_ws/install/micro_ros_agent:/home/botnuc/linorobot2_ws/install/micro_ros_msgs:/home/botnuc/linorobot2_ws/install/linorobot2_navigation:/home/botnuc/linorobot2_ws/install/linorobot2_description:/home/botnuc/linorobot2_ws/install/linorobot2_base:/home/botnuc/linorobot2_ws/install/linorobot2:/home/botnuc/linorobot2_ws/install/camera_detection:/home/botnuc/linorobot2_ws/install/behavior_tree:/opt/ros/humble LD_LIBRARY_PATH=/home/botnuc/linorobot2_ws/install/velodyne_msgs/lib:${LD_LIBRARY_PATH} PYTHONPATH=/home/botnuc/linorobot2_ws/install/velodyne_msgs/local/lib/python3.10/dist-packages:${PYTHONPATH} /usr/bin/cmake --install /home/botnuc/linorobot2_ws/build/velodyne_driver
[30.436s] -- Install configuration: ""
[30.437s] -- Installing: /home/botnuc/linorobot2_ws/install/velodyne_driver/lib/libvelodyne_input.so
[30.437s] -- Set runtime path of "/home/botnuc/linorobot2_ws/install/velodyne_driver/lib/libvelodyne_input.so" to ""
[30.437s] -- Installing: /home/botnuc/linorobot2_ws/install/velodyne_driver/lib/libvelodyne_driver.so
[30.446s] -- Set runtime path of "/home/botnuc/linorobot2_ws/install/velodyne_driver/lib/libvelodyne_driver.so" to ""
[30.446s] -- Installing: /home/botnuc/linorobot2_ws/install/velodyne_driver/lib/velodyne_driver/velodyne_driver_node
[30.447s] -- Set runtime path of "/home/botnuc/linorobot2_ws/install/velodyne_driver/lib/velodyne_driver/velodyne_driver_node" to ""
[30.447s] -- Installing: /home/botnuc/linorobot2_ws/install/velodyne_driver/include/velodyne_driver
[30.447s] -- Installing: /home/botnuc/linorobot2_ws/install/velodyne_driver/include/velodyne_driver/input.hpp
[30.447s] -- Installing: /home/botnuc/linorobot2_ws/install/velodyne_driver/include/velodyne_driver/time_conversion.hpp
[30.447s] -- Installing: /home/botnuc/linorobot2_ws/install/velodyne_driver/include/velodyne_driver/driver.hpp
[30.447s] -- Installing: /home/botnuc/linorobot2_ws/install/velodyne_driver/share/velodyne_driver/config
[30.448s] -- Installing: /home/botnuc/linorobot2_ws/install/velodyne_driver/share/velodyne_driver/config/VLS128-velodyne_driver_node-params.yaml
[30.448s] -- Installing: /home/botnuc/linorobot2_ws/install/velodyne_driver/share/velodyne_driver/config/VLP32C-velodyne_driver_node-params.yaml
[30.448s] -- Installing: /home/botnuc/linorobot2_ws/install/velodyne_driver/share/velodyne_driver/config/VLP16-velodyne_driver_node-params.yaml
[30.448s] -- Installing: /home/botnuc/linorobot2_ws/install/velodyne_driver/share/velodyne_driver/launch
[30.448s] -- Installing: /home/botnuc/linorobot2_ws/install/velodyne_driver/share/velodyne_driver/launch/velodyne_driver_node-VLP32C-launch.py
[30.448s] -- Installing: /home/botnuc/linorobot2_ws/install/velodyne_driver/share/velodyne_driver/launch/velodyne_driver_node-VLP16-launch.py
[30.448s] -- Installing: /home/botnuc/linorobot2_ws/install/velodyne_driver/share/velodyne_driver/launch/velodyne_driver_node-VLP16-composed-launch.py
[30.449s] -- Installing: /home/botnuc/linorobot2_ws/install/velodyne_driver/share/velodyne_driver/launch/velodyne_driver_node-VLS128-composed-launch.py
[30.449s] -- Installing: /home/botnuc/linorobot2_ws/install/velodyne_driver/share/velodyne_driver/launch/velodyne_driver_node-VLS128-launch.py
[30.449s] -- Installing: /home/botnuc/linorobot2_ws/install/velodyne_driver/share/velodyne_driver/launch/velodyne_driver_node-VLP32C-composed-launch.py
[30.449s] -- Installing: /home/botnuc/linorobot2_ws/install/velodyne_driver/lib/velodyne_driver/vdump
[30.449s] -- Installing: /home/botnuc/linorobot2_ws/install/velodyne_driver/share/ament_index/resource_index/package_run_dependencies/velodyne_driver
[30.449s] -- Installing: /home/botnuc/linorobot2_ws/install/velodyne_driver/share/ament_index/resource_index/parent_prefix_path/velodyne_driver
[30.450s] -- Installing: /home/botnuc/linorobot2_ws/install/velodyne_driver/share/velodyne_driver/environment/ament_prefix_path.sh
[30.451s] -- Installing: /home/botnuc/linorobot2_ws/install/velodyne_driver/share/velodyne_driver/environment/ament_prefix_path.dsv
[30.451s] -- Installing: /home/botnuc/linorobot2_ws/install/velodyne_driver/share/velodyne_driver/environment/path.sh
[30.451s] -- Installing: /home/botnuc/linorobot2_ws/install/velodyne_driver/share/velodyne_driver/environment/path.dsv
[30.451s] -- Installing: /home/botnuc/linorobot2_ws/install/velodyne_driver/share/velodyne_driver/local_setup.bash
[30.451s] -- Installing: /home/botnuc/linorobot2_ws/install/velodyne_driver/share/velodyne_driver/local_setup.sh
[30.451s] -- Installing: /home/botnuc/linorobot2_ws/install/velodyne_driver/share/velodyne_driver/local_setup.zsh
[30.451s] -- Installing: /home/botnuc/linorobot2_ws/install/velodyne_driver/share/velodyne_driver/local_setup.dsv
[30.452s] -- Installing: /home/botnuc/linorobot2_ws/install/velodyne_driver/share/velodyne_driver/package.dsv
[30.452s] -- Installing: /home/botnuc/linorobot2_ws/install/velodyne_driver/share/ament_index/resource_index/packages/velodyne_driver
[30.452s] -- Installing: /home/botnuc/linorobot2_ws/install/velodyne_driver/share/ament_index/resource_index/rclcpp_components/velodyne_driver
[30.452s] -- Installing: /home/botnuc/linorobot2_ws/install/velodyne_driver/share/velodyne_driver/cmake/velodyne_driverExport.cmake
[30.452s] -- Installing: /home/botnuc/linorobot2_ws/install/velodyne_driver/share/velodyne_driver/cmake/velodyne_driverExport-noconfig.cmake
[30.452s] -- Installing: /home/botnuc/linorobot2_ws/install/velodyne_driver/share/velodyne_driver/cmake/ament_cmake_export_include_directories-extras.cmake
[30.453s] -- Installing: /home/botnuc/linorobot2_ws/install/velodyne_driver/share/velodyne_driver/cmake/ament_cmake_export_targets-extras.cmake
[30.453s] -- Installing: /home/botnuc/linorobot2_ws/install/velodyne_driver/share/velodyne_driver/cmake/ament_cmake_export_dependencies-extras.cmake
[30.453s] -- Installing: /home/botnuc/linorobot2_ws/install/velodyne_driver/share/velodyne_driver/cmake/velodyne_driverConfig.cmake
[30.453s] -- Installing: /home/botnuc/linorobot2_ws/install/velodyne_driver/share/velodyne_driver/cmake/velodyne_driverConfig-version.cmake
[30.453s] -- Installing: /home/botnuc/linorobot2_ws/install/velodyne_driver/share/velodyne_driver/package.xml
[30.457s] Invoked command in '/home/botnuc/linorobot2_ws/build/velodyne_driver' returned '0': AMENT_PREFIX_PATH=/home/botnuc/linorobot2_ws/install/velodyne_msgs:${AMENT_PREFIX_PATH} CMAKE_PREFIX_PATH=/home/botnuc/linorobot2_ws/install/velodyne_msgs:/home/botnuc/linorobot2_ws/install/sllidar_ros2:/home/botnuc/linorobot2_ws/install/micro_ros_setup:/home/botnuc/linorobot2_ws/install/linorobot2_bringup:/home/botnuc/linorobot2_ws/install/micro_ros_agent:/home/botnuc/linorobot2_ws/install/micro_ros_msgs:/home/botnuc/linorobot2_ws/install/linorobot2_navigation:/home/botnuc/linorobot2_ws/install/linorobot2_description:/home/botnuc/linorobot2_ws/install/linorobot2_base:/home/botnuc/linorobot2_ws/install/linorobot2:/home/botnuc/linorobot2_ws/install/camera_detection:/home/botnuc/linorobot2_ws/install/behavior_tree:/opt/ros/humble LD_LIBRARY_PATH=/home/botnuc/linorobot2_ws/install/velodyne_msgs/lib:${LD_LIBRARY_PATH} PYTHONPATH=/home/botnuc/linorobot2_ws/install/velodyne_msgs/local/lib/python3.10/dist-packages:${PYTHONPATH} /usr/bin/cmake --install /home/botnuc/linorobot2_ws/build/velodyne_driver
