[0.047s] Invoking command in '/home/botnuc/linorobot2_ws/build/camera_detection': CMAKE_PREFIX_PATH=${CMAKE_PREFIX_PATH}:/opt/ros/humble /usr/bin/cmake /home/botnuc/linorobot2_ws/src/camera_detection -DCMAKE_INSTALL_PREFIX=/home/botnuc/linorobot2_ws/install/camera_detection
[0.225s] -- The C compiler identification is GNU 11.4.0
[0.349s] -- The CXX compiler identification is GNU 11.4.0
[0.360s] -- Detecting C compiler ABI info
[0.472s] -- Detecting C compiler ABI info - done
[0.492s] -- Check for working C compiler: /usr/bin/cc - skipped
[0.493s] -- Detecting C compile features
[0.495s] -- Detecting C compile features - done
[0.500s] -- Detecting CXX compiler ABI info
[0.720s] -- Detecting CXX compiler ABI info - done
[0.739s] -- Check for working CXX compiler: /usr/bin/c++ - skipped
[0.739s] -- Detecting CXX compile features
[0.742s] -- Detecting CXX compile features - done
[0.745s] -- Found ament_cmake: 1.3.10 (/opt/ros/humble/share/ament_cmake/cmake)
[1.095s] -- Found Python3: /usr/bin/python3 (found version "3.10.12") found components: Interpreter 
[1.289s] -- Found rclpy: 3.3.14 (/opt/ros/humble/share/rclpy/cmake)
[1.298s] -- Found sensor_msgs: 4.2.4 (/opt/ros/humble/share/sensor_msgs/cmake)
[1.388s] -- Found rosidl_generator_c: 3.1.5 (/opt/ros/humble/share/rosidl_generator_c/cmake)
[1.403s] -- Found rosidl_adapter: 3.1.5 (/opt/ros/humble/share/rosidl_adapter/cmake)
[1.416s] -- Found rosidl_generator_cpp: 3.1.5 (/opt/ros/humble/share/rosidl_generator_cpp/cmake)
[1.448s] -- Using all available rosidl_typesupport_c: rosidl_typesupport_fastrtps_c;rosidl_typesupport_introspection_c
[1.488s] -- Using all available rosidl_typesupport_cpp: rosidl_typesupport_fastrtps_cpp;rosidl_typesupport_introspection_cpp
[1.647s] -- Found cv_bridge: 3.2.1 (/opt/ros/humble/share/cv_bridge/cmake)
[1.680s] -- Found OpenCV: /usr (found version "4.5.4") 
[1.683s] -- Found ament_lint_auto: 0.12.11 (/opt/ros/humble/share/ament_lint_auto/cmake)
[1.877s] -- Added test 'flake8' to check Python code syntax and style conventions
[1.878s] -- Added test 'lint_cmake' to check CMake code style
[1.879s] -- Added test 'pep257' to check Python code against some of the docstring style conventions in PEP 257
[1.883s] -- Added test 'xmllint' to check XML markup files
[1.885s] -- Configuring done
[1.891s] -- Generating done
[1.896s] -- Build files have been written to: /home/botnuc/linorobot2_ws/build/camera_detection
[1.916s] Invoked command in '/home/botnuc/linorobot2_ws/build/camera_detection' returned '0': CMAKE_PREFIX_PATH=${CMAKE_PREFIX_PATH}:/opt/ros/humble /usr/bin/cmake /home/botnuc/linorobot2_ws/src/camera_detection -DCMAKE_INSTALL_PREFIX=/home/botnuc/linorobot2_ws/install/camera_detection
[1.920s] Invoking command in '/home/botnuc/linorobot2_ws/build/camera_detection': CMAKE_PREFIX_PATH=${CMAKE_PREFIX_PATH}:/opt/ros/humble /usr/bin/cmake --build /home/botnuc/linorobot2_ws/build/camera_detection -- -j4 -l4
[2.019s] Invoked command in '/home/botnuc/linorobot2_ws/build/camera_detection' returned '0': CMAKE_PREFIX_PATH=${CMAKE_PREFIX_PATH}:/opt/ros/humble /usr/bin/cmake --build /home/botnuc/linorobot2_ws/build/camera_detection -- -j4 -l4
[2.079s] Invoking command in '/home/botnuc/linorobot2_ws/build/camera_detection': CMAKE_PREFIX_PATH=${CMAKE_PREFIX_PATH}:/opt/ros/humble /usr/bin/cmake --install /home/botnuc/linorobot2_ws/build/camera_detection
[2.111s] -- Install configuration: ""
[2.117s] -- Installing: /home/botnuc/linorobot2_ws/install/camera_detection/lib/camera_detection/camera_detection_node.py
[2.117s] -- Installing: /home/botnuc/linorobot2_ws/install/camera_detection/lib/camera_detection/flag_position_node.py
[2.117s] -- Installing: /home/botnuc/linorobot2_ws/install/camera_detection/lib/camera_detection/flag_point_node.py
[2.117s] -- Installing: /home/botnuc/linorobot2_ws/install/camera_detection/share/camera_detection/launch
[2.121s] -- Installing: /home/botnuc/linorobot2_ws/install/camera_detection/share/camera_detection/launch/camera_detection_launch.py
[2.121s] -- Installing: /home/botnuc/linorobot2_ws/install/camera_detection/share/camera_detection/models
[2.127s] -- Installing: /home/botnuc/linorobot2_ws/install/camera_detection/share/camera_detection/models/yolov3.weights
[2.782s] -- Installing: /home/botnuc/linorobot2_ws/install/camera_detection/share/camera_detection/models/yolov3.cfg
[2.782s] -- Installing: /home/botnuc/linorobot2_ws/install/camera_detection/share/camera_detection/models/coco.names
[2.782s] -- Installing: /home/botnuc/linorobot2_ws/install/camera_detection/share/ament_index/resource_index/package_run_dependencies/camera_detection
[2.782s] -- Installing: /home/botnuc/linorobot2_ws/install/camera_detection/share/ament_index/resource_index/parent_prefix_path/camera_detection
[2.789s] -- Installing: /home/botnuc/linorobot2_ws/install/camera_detection/share/camera_detection/environment/ament_prefix_path.sh
[2.789s] -- Installing: /home/botnuc/linorobot2_ws/install/camera_detection/share/camera_detection/environment/ament_prefix_path.dsv
[2.790s] -- Installing: /home/botnuc/linorobot2_ws/install/camera_detection/share/camera_detection/environment/path.sh
[2.790s] -- Installing: /home/botnuc/linorobot2_ws/install/camera_detection/share/camera_detection/environment/path.dsv
[2.790s] -- Installing: /home/botnuc/linorobot2_ws/install/camera_detection/share/camera_detection/local_setup.bash
[2.790s] -- Installing: /home/botnuc/linorobot2_ws/install/camera_detection/share/camera_detection/local_setup.sh
[2.791s] -- Installing: /home/botnuc/linorobot2_ws/install/camera_detection/share/camera_detection/local_setup.zsh
[2.791s] -- Installing: /home/botnuc/linorobot2_ws/install/camera_detection/share/camera_detection/local_setup.dsv
[2.791s] -- Installing: /home/botnuc/linorobot2_ws/install/camera_detection/share/camera_detection/package.dsv
[2.792s] -- Installing: /home/botnuc/linorobot2_ws/install/camera_detection/share/ament_index/resource_index/packages/camera_detection
[2.792s] -- Installing: /home/botnuc/linorobot2_ws/install/camera_detection/share/camera_detection/cmake/camera_detectionConfig.cmake
[2.801s] -- Installing: /home/botnuc/linorobot2_ws/install/camera_detection/share/camera_detection/cmake/camera_detectionConfig-version.cmake
[2.801s] -- Installing: /home/botnuc/linorobot2_ws/install/camera_detection/share/camera_detection/package.xml
[2.809s] Invoked command in '/home/botnuc/linorobot2_ws/build/camera_detection' returned '0': CMAKE_PREFIX_PATH=${CMAKE_PREFIX_PATH}:/opt/ros/humble /usr/bin/cmake --install /home/botnuc/linorobot2_ws/build/camera_detection
