[0.212s] Invoking command in '/home/botnuc/linorobot2_ws/build/micro_ros_setup': CMAKE_PREFIX_PATH=${CMAKE_PREFIX_PATH}:/opt/ros/humble /usr/bin/cmake --build /home/botnuc/linorobot2_ws/build/micro_ros_setup -- -j4 -l4
[0.547s] Invoked command in '/home/botnuc/linorobot2_ws/build/micro_ros_setup' returned '0': CMAKE_PREFIX_PATH=${CMAKE_PREFIX_PATH}:/opt/ros/humble /usr/bin/cmake --build /home/botnuc/linorobot2_ws/build/micro_ros_setup -- -j4 -l4
[0.810s] Invoking command in '/home/botnuc/linorobot2_ws/build/micro_ros_setup': CMAKE_PREFIX_PATH=${CMAKE_PREFIX_PATH}:/opt/ros/humble /usr/bin/cmake --install /home/botnuc/linorobot2_ws/build/micro_ros_setup
[0.911s] -- Install configuration: ""
[0.911s] -- Up-to-date: /home/botnuc/linorobot2_ws/install/micro_ros_setup/share/ament_index/resource_index/package_run_dependencies/micro_ros_setup
[0.912s] -- Up-to-date: /home/botnuc/linorobot2_ws/install/micro_ros_setup/share/ament_index/resource_index/parent_prefix_path/micro_ros_setup
[0.912s] -- Up-to-date: /home/botnuc/linorobot2_ws/install/micro_ros_setup/share/micro_ros_setup/environment/ament_prefix_path.sh
[0.912s] -- Up-to-date: /home/botnuc/linorobot2_ws/install/micro_ros_setup/share/micro_ros_setup/environment/ament_prefix_path.dsv
[0.920s] -- Up-to-date: /home/botnuc/linorobot2_ws/install/micro_ros_setup/share/micro_ros_setup/environment/path.sh
[0.925s] -- Up-to-date: /home/botnuc/linorobot2_ws/install/micro_ros_setup/share/micro_ros_setup/environment/path.dsv
[0.926s] -- Up-to-date: /home/botnuc/linorobot2_ws/install/micro_ros_setup/share/micro_ros_setup/local_setup.bash
[0.926s] -- Up-to-date: /home/botnuc/linorobot2_ws/install/micro_ros_setup/share/micro_ros_setup/local_setup.sh
[0.934s] -- Up-to-date: /home/botnuc/linorobot2_ws/install/micro_ros_setup/share/micro_ros_setup/local_setup.zsh
[0.950s] -- Up-to-date: /home/botnuc/linorobot2_ws/install/micro_ros_setup/share/micro_ros_setup/local_setup.dsv
[0.950s] -- Installing: /home/botnuc/linorobot2_ws/install/micro_ros_setup/share/micro_ros_setup/package.dsv
[0.950s] -- Up-to-date: /home/botnuc/linorobot2_ws/install/micro_ros_setup/share/ament_index/resource_index/packages/micro_ros_setup
[0.950s] -- Up-to-date: /home/botnuc/linorobot2_ws/install/micro_ros_setup/share/micro_ros_setup/cmake/micro_ros_setupConfig.cmake
[0.950s] -- Up-to-date: /home/botnuc/linorobot2_ws/install/micro_ros_setup/share/micro_ros_setup/cmake/micro_ros_setupConfig-version.cmake
[0.950s] -- Up-to-date: /home/botnuc/linorobot2_ws/install/micro_ros_setup/share/micro_ros_setup/package.xml
[0.951s] -- Up-to-date: /home/botnuc/linorobot2_ws/install/micro_ros_setup/./config
[0.951s] -- Up-to-date: /home/botnuc/linorobot2_ws/install/micro_ros_setup/./config/android
[0.951s] -- Up-to-date: /home/botnuc/linorobot2_ws/install/micro_ros_setup/./config/android/dev_ros2_packages.txt
[0.951s] -- Up-to-date: /home/botnuc/linorobot2_ws/install/micro_ros_setup/./config/android/generic
[0.951s] -- Up-to-date: /home/botnuc/linorobot2_ws/install/micro_ros_setup/./config/android/generic/flash.sh
[0.951s] -- Up-to-date: /home/botnuc/linorobot2_ws/install/micro_ros_setup/./config/android/generic/create.sh
[0.951s] -- Up-to-date: /home/botnuc/linorobot2_ws/install/micro_ros_setup/./config/android/generic/client-colcon.meta
[0.951s] -- Up-to-date: /home/botnuc/linorobot2_ws/install/micro_ros_setup/./config/android/generic/package.xml
[0.951s] -- Up-to-date: /home/botnuc/linorobot2_ws/install/micro_ros_setup/./config/android/generic/client_uros_packages.repos
[0.952s] -- Up-to-date: /home/botnuc/linorobot2_ws/install/micro_ros_setup/./config/android/generic/build.sh
[0.952s] -- Up-to-date: /home/botnuc/linorobot2_ws/install/micro_ros_setup/./config/android/dev_uros_packages.repos
[0.952s] -- Up-to-date: /home/botnuc/linorobot2_ws/install/micro_ros_setup/./config/freertos
[0.977s] -- Up-to-date: /home/botnuc/linorobot2_ws/install/micro_ros_setup/./config/freertos/nucleo_f767zi
[0.977s] -- Up-to-date: /home/botnuc/linorobot2_ws/install/micro_ros_setup/./config/freertos/nucleo_f767zi/flash.sh
[0.978s] -- Up-to-date: /home/botnuc/linorobot2_ws/install/micro_ros_setup/./config/freertos/nucleo_f767zi/board.repos
[0.978s] -- Up-to-date: /home/botnuc/linorobot2_ws/install/micro_ros_setup/./config/freertos/nucleo_f767zi/create.sh
[0.978s] -- Up-to-date: /home/botnuc/linorobot2_ws/install/micro_ros_setup/./config/freertos/nucleo_f767zi/client-colcon.meta
[0.978s] -- Up-to-date: /home/botnuc/linorobot2_ws/install/micro_ros_setup/./config/freertos/nucleo_f767zi/package.xml
[0.978s] -- Up-to-date: /home/botnuc/linorobot2_ws/install/micro_ros_setup/./config/freertos/nucleo_f767zi/client_uros_packages.repos
[0.978s] -- Up-to-date: /home/botnuc/linorobot2_ws/install/micro_ros_setup/./config/freertos/nucleo_f767zi/build.sh
[0.994s] -- Up-to-date: /home/botnuc/linorobot2_ws/install/micro_ros_setup/./config/freertos/nucleo_f767zi/configure.sh
[1.015s] -- Up-to-date: /home/botnuc/linorobot2_ws/install/micro_ros_setup/./config/freertos/dev_ros2_packages.txt
[1.015s] -- Up-to-date: /home/botnuc/linorobot2_ws/install/micro_ros_setup/./config/freertos/nucleo_f746zg
[1.015s] -- Up-to-date: /home/botnuc/linorobot2_ws/install/micro_ros_setup/./config/freertos/nucleo_f746zg/flash.sh
[1.015s] -- Up-to-date: /home/botnuc/linorobot2_ws/install/micro_ros_setup/./config/freertos/nucleo_f746zg/board.repos
[1.016s] -- Up-to-date: /home/botnuc/linorobot2_ws/install/micro_ros_setup/./config/freertos/nucleo_f746zg/create.sh
[1.016s] -- Up-to-date: /home/botnuc/linorobot2_ws/install/micro_ros_setup/./config/freertos/nucleo_f746zg/client-colcon.meta
[1.016s] -- Up-to-date: /home/botnuc/linorobot2_ws/install/micro_ros_setup/./config/freertos/nucleo_f746zg/package.xml
[1.016s] -- Up-to-date: /home/botnuc/linorobot2_ws/install/micro_ros_setup/./config/freertos/nucleo_f746zg/client_uros_packages.repos
[1.016s] -- Up-to-date: /home/botnuc/linorobot2_ws/install/micro_ros_setup/./config/freertos/nucleo_f746zg/build.sh
[1.016s] -- Up-to-date: /home/botnuc/linorobot2_ws/install/micro_ros_setup/./config/freertos/nucleo_f746zg/configure.sh
[1.016s] -- Up-to-date: /home/botnuc/linorobot2_ws/install/micro_ros_setup/./config/freertos/esp32
[1.016s] -- Up-to-date: /home/botnuc/linorobot2_ws/install/micro_ros_setup/./config/freertos/esp32/README.md
[1.016s] -- Up-to-date: /home/botnuc/linorobot2_ws/install/micro_ros_setup/./config/freertos/esp32/flash.sh
[1.016s] -- Up-to-date: /home/botnuc/linorobot2_ws/install/micro_ros_setup/./config/freertos/esp32/board.repos
[1.016s] -- Up-to-date: /home/botnuc/linorobot2_ws/install/micro_ros_setup/./config/freertos/esp32/create.sh
[1.017s] -- Up-to-date: /home/botnuc/linorobot2_ws/install/micro_ros_setup/./config/freertos/esp32/client-colcon.meta
[1.017s] -- Up-to-date: /home/botnuc/linorobot2_ws/install/micro_ros_setup/./config/freertos/esp32/package.xml
[1.017s] -- Up-to-date: /home/botnuc/linorobot2_ws/install/micro_ros_setup/./config/freertos/esp32/client_uros_packages.repos
[1.034s] -- Up-to-date: /home/botnuc/linorobot2_ws/install/micro_ros_setup/./config/freertos/esp32/build.sh
[1.034s] -- Up-to-date: /home/botnuc/linorobot2_ws/install/micro_ros_setup/./config/freertos/esp32/configure.sh
[1.034s] -- Up-to-date: /home/botnuc/linorobot2_ws/install/micro_ros_setup/./config/freertos/dev_uros_packages.repos
[1.034s] -- Up-to-date: /home/botnuc/linorobot2_ws/install/micro_ros_setup/./config/freertos/list_apps.sh
[1.034s] -- Up-to-date: /home/botnuc/linorobot2_ws/install/micro_ros_setup/./config/freertos/nucleo_f446ze
[1.034s] -- Up-to-date: /home/botnuc/linorobot2_ws/install/micro_ros_setup/./config/freertos/nucleo_f446ze/flash.sh
[1.035s] -- Up-to-date: /home/botnuc/linorobot2_ws/install/micro_ros_setup/./config/freertos/nucleo_f446ze/board.repos
[1.035s] -- Up-to-date: /home/botnuc/linorobot2_ws/install/micro_ros_setup/./config/freertos/nucleo_f446ze/create.sh
[1.041s] -- Up-to-date: /home/botnuc/linorobot2_ws/install/micro_ros_setup/./config/freertos/nucleo_f446ze/client-colcon.meta
[1.041s] -- Up-to-date: /home/botnuc/linorobot2_ws/install/micro_ros_setup/./config/freertos/nucleo_f446ze/package.xml
[1.041s] -- Up-to-date: /home/botnuc/linorobot2_ws/install/micro_ros_setup/./config/freertos/nucleo_f446ze/client_uros_packages.repos
[1.041s] -- Up-to-date: /home/botnuc/linorobot2_ws/install/micro_ros_setup/./config/freertos/nucleo_f446ze/build.sh
[1.042s] -- Up-to-date: /home/botnuc/linorobot2_ws/install/micro_ros_setup/./config/freertos/nucleo_f446ze/configure.sh
[1.065s] -- Up-to-date: /home/botnuc/linorobot2_ws/install/micro_ros_setup/./config/freertos/olimex-stm32-e407
[1.065s] -- Up-to-date: /home/botnuc/linorobot2_ws/install/micro_ros_setup/./config/freertos/olimex-stm32-e407/flash.sh
[1.065s] -- Up-to-date: /home/botnuc/linorobot2_ws/install/micro_ros_setup/./config/freertos/olimex-stm32-e407/board.repos
[1.065s] -- Up-to-date: /home/botnuc/linorobot2_ws/install/micro_ros_setup/./config/freertos/olimex-stm32-e407/create.sh
[1.065s] -- Up-to-date: /home/botnuc/linorobot2_ws/install/micro_ros_setup/./config/freertos/olimex-stm32-e407/client-colcon.meta
[1.066s] -- Up-to-date: /home/botnuc/linorobot2_ws/install/micro_ros_setup/./config/freertos/olimex-stm32-e407/package.xml
[1.066s] -- Up-to-date: /home/botnuc/linorobot2_ws/install/micro_ros_setup/./config/freertos/olimex-stm32-e407/client_uros_packages.repos
[1.066s] -- Up-to-date: /home/botnuc/linorobot2_ws/install/micro_ros_setup/./config/freertos/olimex-stm32-e407/build.sh
[1.066s] -- Up-to-date: /home/botnuc/linorobot2_ws/install/micro_ros_setup/./config/freertos/olimex-stm32-e407/configure.sh
[1.066s] -- Up-to-date: /home/botnuc/linorobot2_ws/install/micro_ros_setup/./config/freertos/crazyflie21
[1.066s] -- Up-to-date: /home/botnuc/linorobot2_ws/install/micro_ros_setup/./config/freertos/crazyflie21/flash.sh
[1.066s] -- Up-to-date: /home/botnuc/linorobot2_ws/install/micro_ros_setup/./config/freertos/crazyflie21/board.repos
[1.066s] -- Up-to-date: /home/botnuc/linorobot2_ws/install/micro_ros_setup/./config/freertos/crazyflie21/create.sh
[1.066s] -- Up-to-date: /home/botnuc/linorobot2_ws/install/micro_ros_setup/./config/freertos/crazyflie21/client-colcon.meta
[1.067s] -- Up-to-date: /home/botnuc/linorobot2_ws/install/micro_ros_setup/./config/freertos/crazyflie21/package.xml
[1.067s] -- Up-to-date: /home/botnuc/linorobot2_ws/install/micro_ros_setup/./config/freertos/crazyflie21/client_uros_packages.repos
[1.067s] -- Up-to-date: /home/botnuc/linorobot2_ws/install/micro_ros_setup/./config/freertos/crazyflie21/build.sh
[1.067s] -- Up-to-date: /home/botnuc/linorobot2_ws/install/micro_ros_setup/./config/freertos/crazyflie21/configure.sh
[1.067s] -- Up-to-date: /home/botnuc/linorobot2_ws/install/micro_ros_setup/./config/freertos/nucleo_f446re
[1.067s] -- Up-to-date: /home/botnuc/linorobot2_ws/install/micro_ros_setup/./config/freertos/nucleo_f446re/flash.sh
[1.067s] -- Up-to-date: /home/botnuc/linorobot2_ws/install/micro_ros_setup/./config/freertos/nucleo_f446re/board.repos
[1.067s] -- Up-to-date: /home/botnuc/linorobot2_ws/install/micro_ros_setup/./config/freertos/nucleo_f446re/create.sh
[1.067s] -- Up-to-date: /home/botnuc/linorobot2_ws/install/micro_ros_setup/./config/freertos/nucleo_f446re/client-colcon.meta
[1.067s] -- Up-to-date: /home/botnuc/linorobot2_ws/install/micro_ros_setup/./config/freertos/nucleo_f446re/package.xml
[1.068s] -- Up-to-date: /home/botnuc/linorobot2_ws/install/micro_ros_setup/./config/freertos/nucleo_f446re/client_uros_packages.repos
[1.068s] -- Up-to-date: /home/botnuc/linorobot2_ws/install/micro_ros_setup/./config/freertos/nucleo_f446re/build.sh
[1.068s] -- Up-to-date: /home/botnuc/linorobot2_ws/install/micro_ros_setup/./config/freertos/nucleo_f446re/configure.sh
[1.094s] -- Up-to-date: /home/botnuc/linorobot2_ws/install/micro_ros_setup/./config/agent_uros_packages.repos
[1.094s] -- Up-to-date: /home/botnuc/linorobot2_ws/install/micro_ros_setup/./config/generate_lib
[1.094s] -- Up-to-date: /home/botnuc/linorobot2_ws/install/micro_ros_setup/./config/generate_lib/dev_ros2_packages.txt
[1.095s] -- Up-to-date: /home/botnuc/linorobot2_ws/install/micro_ros_setup/./config/generate_lib/generic
[1.096s] -- Up-to-date: /home/botnuc/linorobot2_ws/install/micro_ros_setup/./config/generate_lib/generic/flash.sh
[1.097s] -- Up-to-date: /home/botnuc/linorobot2_ws/install/micro_ros_setup/./config/generate_lib/generic/create.sh
[1.097s] -- Up-to-date: /home/botnuc/linorobot2_ws/install/micro_ros_setup/./config/generate_lib/generic/client-colcon.meta
[1.097s] -- Up-to-date: /home/botnuc/linorobot2_ws/install/micro_ros_setup/./config/generate_lib/generic/package.xml
[1.097s] -- Up-to-date: /home/botnuc/linorobot2_ws/install/micro_ros_setup/./config/generate_lib/generic/client_uros_packages.repos
[1.098s] -- Up-to-date: /home/botnuc/linorobot2_ws/install/micro_ros_setup/./config/generate_lib/generic/build.sh
[1.098s] -- Up-to-date: /home/botnuc/linorobot2_ws/install/micro_ros_setup/./config/generate_lib/generic/demo_toolchain.cmake
[1.112s] -- Up-to-date: /home/botnuc/linorobot2_ws/install/micro_ros_setup/./config/generate_lib/dev_uros_packages.repos
[1.112s] -- Up-to-date: /home/botnuc/linorobot2_ws/install/micro_ros_setup/./config/mbed
[1.113s] -- Up-to-date: /home/botnuc/linorobot2_ws/install/micro_ros_setup/./config/mbed/dev_ros2_packages.txt
[1.113s] -- Up-to-date: /home/botnuc/linorobot2_ws/install/micro_ros_setup/./config/mbed/generic
[1.117s] -- Up-to-date: /home/botnuc/linorobot2_ws/install/micro_ros_setup/./config/mbed/generic/flash.sh
[1.117s] -- Up-to-date: /home/botnuc/linorobot2_ws/install/micro_ros_setup/./config/mbed/generic/board.repos
[1.117s] -- Up-to-date: /home/botnuc/linorobot2_ws/install/micro_ros_setup/./config/mbed/generic/create.sh
[1.117s] -- Up-to-date: /home/botnuc/linorobot2_ws/install/micro_ros_setup/./config/mbed/generic/package.xml
[1.117s] -- Up-to-date: /home/botnuc/linorobot2_ws/install/micro_ros_setup/./config/mbed/generic/supported_platforms
[1.117s] -- Up-to-date: /home/botnuc/linorobot2_ws/install/micro_ros_setup/./config/mbed/generic/client_uros_packages.repos
[1.117s] -- Up-to-date: /home/botnuc/linorobot2_ws/install/micro_ros_setup/./config/mbed/generic/build.sh
[1.117s] -- Up-to-date: /home/botnuc/linorobot2_ws/install/micro_ros_setup/./config/mbed/dev_uros_packages.repos
[1.118s] -- Up-to-date: /home/botnuc/linorobot2_ws/install/micro_ros_setup/./config/mbed/list_apps.sh
[1.118s] -- Up-to-date: /home/botnuc/linorobot2_ws/install/micro_ros_setup/./config/raspbian
[1.118s] -- Up-to-date: /home/botnuc/linorobot2_ws/install/micro_ros_setup/./config/raspbian/dev_ros2_packages.txt
[1.118s] -- Up-to-date: /home/botnuc/linorobot2_ws/install/micro_ros_setup/./config/raspbian/generic
[1.118s] -- Up-to-date: /home/botnuc/linorobot2_ws/install/micro_ros_setup/./config/raspbian/generic/flash.sh
[1.118s] -- Up-to-date: /home/botnuc/linorobot2_ws/install/micro_ros_setup/./config/raspbian/generic/create.sh
[1.118s] -- Up-to-date: /home/botnuc/linorobot2_ws/install/micro_ros_setup/./config/raspbian/generic/client-colcon.meta
[1.118s] -- Up-to-date: /home/botnuc/linorobot2_ws/install/micro_ros_setup/./config/raspbian/generic/supported_platforms
[1.118s] -- Up-to-date: /home/botnuc/linorobot2_ws/install/micro_ros_setup/./config/raspbian/generic/client_uros_packages.repos
[1.119s] -- Up-to-date: /home/botnuc/linorobot2_ws/install/micro_ros_setup/./config/raspbian/generic/build.sh
[1.119s] -- Up-to-date: /home/botnuc/linorobot2_ws/install/micro_ros_setup/./config/raspbian/generic/configure.sh
[1.119s] -- Up-to-date: /home/botnuc/linorobot2_ws/install/micro_ros_setup/./config/raspbian/dev_uros_packages.repos
[1.119s] -- Up-to-date: /home/botnuc/linorobot2_ws/install/micro_ros_setup/./config/renesas_ra
[1.119s] -- Up-to-date: /home/botnuc/linorobot2_ws/install/micro_ros_setup/./config/renesas_ra/dev_ros2_packages.txt
[1.119s] -- Up-to-date: /home/botnuc/linorobot2_ws/install/micro_ros_setup/./config/renesas_ra/ra6m5
[1.119s] -- Up-to-date: /home/botnuc/linorobot2_ws/install/micro_ros_setup/./config/renesas_ra/ra6m5/flash.sh
[1.119s] -- Up-to-date: /home/botnuc/linorobot2_ws/install/micro_ros_setup/./config/renesas_ra/ra6m5/board.repos
[1.120s] -- Up-to-date: /home/botnuc/linorobot2_ws/install/micro_ros_setup/./config/renesas_ra/ra6m5/create.sh
[1.120s] -- Up-to-date: /home/botnuc/linorobot2_ws/install/micro_ros_setup/./config/renesas_ra/ra6m5/client-colcon.meta
[1.120s] -- Up-to-date: /home/botnuc/linorobot2_ws/install/micro_ros_setup/./config/renesas_ra/ra6m5/client_uros_packages.repos
[1.120s] -- Up-to-date: /home/botnuc/linorobot2_ws/install/micro_ros_setup/./config/renesas_ra/ra6m5/build.sh
[1.120s] -- Up-to-date: /home/botnuc/linorobot2_ws/install/micro_ros_setup/./config/renesas_ra/ra6m5/configure.sh
[1.120s] -- Up-to-date: /home/botnuc/linorobot2_ws/install/micro_ros_setup/./config/renesas_ra/dev_uros_packages.repos
[1.120s] -- Up-to-date: /home/botnuc/linorobot2_ws/install/micro_ros_setup/./config/renesas_ra/list_apps.sh
[1.120s] -- Up-to-date: /home/botnuc/linorobot2_ws/install/micro_ros_setup/./config/client_uros_packages.repos
[1.120s] -- Up-to-date: /home/botnuc/linorobot2_ws/install/micro_ros_setup/./config/host
[1.120s] -- Up-to-date: /home/botnuc/linorobot2_ws/install/micro_ros_setup/./config/host/dev_ros2_packages.txt
[1.121s] -- Up-to-date: /home/botnuc/linorobot2_ws/install/micro_ros_setup/./config/host/generic
[1.121s] -- Up-to-date: /home/botnuc/linorobot2_ws/install/micro_ros_setup/./config/host/generic/client-host-colcon.meta
[1.121s] -- Up-to-date: /home/botnuc/linorobot2_ws/install/micro_ros_setup/./config/host/generic/flash.sh
[1.121s] -- Up-to-date: /home/botnuc/linorobot2_ws/install/micro_ros_setup/./config/host/generic/client_host_packages.repos
[1.121s] -- Up-to-date: /home/botnuc/linorobot2_ws/install/micro_ros_setup/./config/host/generic/create.sh
[1.121s] -- Up-to-date: /home/botnuc/linorobot2_ws/install/micro_ros_setup/./config/host/generic/package.xml
[1.121s] -- Up-to-date: /home/botnuc/linorobot2_ws/install/micro_ros_setup/./config/host/generic/build.sh
[1.121s] -- Up-to-date: /home/botnuc/linorobot2_ws/install/micro_ros_setup/./config/host/dev_uros_packages.repos
[1.121s] -- Up-to-date: /home/botnuc/linorobot2_ws/install/micro_ros_setup/./config/host/client_ros2_packages.txt
[1.122s] -- Up-to-date: /home/botnuc/linorobot2_ws/install/micro_ros_setup/./config/utils.sh
[1.122s] -- Up-to-date: /home/botnuc/linorobot2_ws/install/micro_ros_setup/./config/client_ros2_packages.txt
[1.122s] -- Up-to-date: /home/botnuc/linorobot2_ws/install/micro_ros_setup/./config/zephyr
[1.127s] -- Up-to-date: /home/botnuc/linorobot2_ws/install/micro_ros_setup/./config/zephyr/dev_ros2_packages.txt
[1.127s] -- Up-to-date: /home/botnuc/linorobot2_ws/install/micro_ros_setup/./config/zephyr/generic
[1.127s] -- Up-to-date: /home/botnuc/linorobot2_ws/install/micro_ros_setup/./config/zephyr/generic/flash.sh
[1.128s] -- Up-to-date: /home/botnuc/linorobot2_ws/install/micro_ros_setup/./config/zephyr/generic/board.repos
[1.128s] -- Up-to-date: /home/botnuc/linorobot2_ws/install/micro_ros_setup/./config/zephyr/generic/create.sh
[1.128s] -- Up-to-date: /home/botnuc/linorobot2_ws/install/micro_ros_setup/./config/zephyr/generic/client-colcon.meta
[1.128s] -- Up-to-date: /home/botnuc/linorobot2_ws/install/micro_ros_setup/./config/zephyr/generic/package.xml
[1.128s] -- Up-to-date: /home/botnuc/linorobot2_ws/install/micro_ros_setup/./config/zephyr/generic/supported_platforms
[1.128s] -- Up-to-date: /home/botnuc/linorobot2_ws/install/micro_ros_setup/./config/zephyr/generic/client_uros_packages.repos
[1.128s] -- Up-to-date: /home/botnuc/linorobot2_ws/install/micro_ros_setup/./config/zephyr/generic/build.sh
[1.128s] -- Up-to-date: /home/botnuc/linorobot2_ws/install/micro_ros_setup/./config/zephyr/generic/configure.sh
[1.128s] -- Up-to-date: /home/botnuc/linorobot2_ws/install/micro_ros_setup/./config/zephyr/dev_uros_packages.repos
[1.128s] -- Up-to-date: /home/botnuc/linorobot2_ws/install/micro_ros_setup/./config/zephyr/list_apps.sh
[1.129s] -- Up-to-date: /home/botnuc/linorobot2_ws/install/micro_ros_setup/./config/agent_ros2_packages.txt
[1.129s] -- Up-to-date: /home/botnuc/linorobot2_ws/install/micro_ros_setup/lib/micro_ros_setup/create_ws.sh
[1.129s] -- Up-to-date: /home/botnuc/linorobot2_ws/install/micro_ros_setup/lib/micro_ros_setup/create_agent_ws.sh
[1.129s] -- Up-to-date: /home/botnuc/linorobot2_ws/install/micro_ros_setup/lib/micro_ros_setup/create_firmware_ws.sh
[1.129s] -- Up-to-date: /home/botnuc/linorobot2_ws/install/micro_ros_setup/lib/micro_ros_setup/configure_firmware.sh
[1.129s] -- Up-to-date: /home/botnuc/linorobot2_ws/install/micro_ros_setup/lib/micro_ros_setup/flash_firmware.sh
[1.129s] -- Up-to-date: /home/botnuc/linorobot2_ws/install/micro_ros_setup/lib/micro_ros_setup/build_firmware.sh
[1.129s] -- Up-to-date: /home/botnuc/linorobot2_ws/install/micro_ros_setup/lib/micro_ros_setup/build_agent.sh
[1.129s] -- Up-to-date: /home/botnuc/linorobot2_ws/install/micro_ros_setup/lib/micro_ros_setup/yaml_filter.py
[1.129s] -- Up-to-date: /home/botnuc/linorobot2_ws/install/micro_ros_setup/lib/micro_ros_setup/clean_env.sh
[1.130s] -- Up-to-date: /home/botnuc/linorobot2_ws/install/micro_ros_setup/lib/micro_ros_setup/component
[1.150s] Invoked command in '/home/botnuc/linorobot2_ws/build/micro_ros_setup' returned '0': CMAKE_PREFIX_PATH=${CMAKE_PREFIX_PATH}:/opt/ros/humble /usr/bin/cmake --install /home/botnuc/linorobot2_ws/build/micro_ros_setup
