[0.109s] Invoking command in '/home/botnuc/linorobot2_ws/build/linorobot2': CMAKE_PREFIX_PATH=${CMAKE_PREFIX_PATH}:/opt/ros/humble /usr/bin/cmake --build /home/botnuc/linorobot2_ws/build/linorobot2 -- -j4 -l4
[0.240s] Invoked command in '/home/botnuc/linorobot2_ws/build/linorobot2' returned '0': CMAKE_PREFIX_PATH=${CMAKE_PREFIX_PATH}:/opt/ros/humble /usr/bin/cmake --build /home/botnuc/linorobot2_ws/build/linorobot2 -- -j4 -l4
[0.367s] Invoking command in '/home/botnuc/linorobot2_ws/build/linorobot2': CMAKE_PREFIX_PATH=${CMAKE_PREFIX_PATH}:/opt/ros/humble /usr/bin/cmake --install /home/botnuc/linorobot2_ws/build/linorobot2
[0.403s] -- Install configuration: ""
[0.405s] -- Up-to-date: /home/botnuc/linorobot2_ws/install/linorobot2/share/ament_index/resource_index/package_run_dependencies/linorobot2
[0.405s] -- Up-to-date: /home/botnuc/linorobot2_ws/install/linorobot2/share/ament_index/resource_index/parent_prefix_path/linorobot2
[0.406s] -- Up-to-date: /home/botnuc/linorobot2_ws/install/linorobot2/share/linorobot2/environment/ament_prefix_path.sh
[0.406s] -- Up-to-date: /home/botnuc/linorobot2_ws/install/linorobot2/share/linorobot2/environment/ament_prefix_path.dsv
[0.407s] -- Up-to-date: /home/botnuc/linorobot2_ws/install/linorobot2/share/linorobot2/environment/path.sh
[0.407s] -- Up-to-date: /home/botnuc/linorobot2_ws/install/linorobot2/share/linorobot2/environment/path.dsv
[0.407s] -- Up-to-date: /home/botnuc/linorobot2_ws/install/linorobot2/share/linorobot2/local_setup.bash
[0.409s] -- Up-to-date: /home/botnuc/linorobot2_ws/install/linorobot2/share/linorobot2/local_setup.sh
[0.410s] -- Up-to-date: /home/botnuc/linorobot2_ws/install/linorobot2/share/linorobot2/local_setup.zsh
[0.410s] -- Up-to-date: /home/botnuc/linorobot2_ws/install/linorobot2/share/linorobot2/local_setup.dsv
[0.435s] -- Installing: /home/botnuc/linorobot2_ws/install/linorobot2/share/linorobot2/package.dsv
[0.436s] -- Up-to-date: /home/botnuc/linorobot2_ws/install/linorobot2/share/ament_index/resource_index/packages/linorobot2
[0.436s] -- Up-to-date: /home/botnuc/linorobot2_ws/install/linorobot2/share/linorobot2/cmake/linorobot2Config.cmake
[0.436s] -- Up-to-date: /home/botnuc/linorobot2_ws/install/linorobot2/share/linorobot2/cmake/linorobot2Config-version.cmake
[0.436s] -- Up-to-date: /home/botnuc/linorobot2_ws/install/linorobot2/share/linorobot2/package.xml
[0.453s] Invoked command in '/home/botnuc/linorobot2_ws/build/linorobot2' returned '0': CMAKE_PREFIX_PATH=${CMAKE_PREFIX_PATH}:/opt/ros/humble /usr/bin/cmake --install /home/botnuc/linorobot2_ws/build/linorobot2
