-- Install configuration: ""
-- Up-to-date: /home/botnuc/linorobot2_ws/install/camera_detection/lib/camera_detection/camera_detection_node.py
-- Up-to-date: /home/botnuc/linorobot2_ws/install/camera_detection/lib/camera_detection/flag_position_node.py
-- Up-to-date: /home/botnuc/linorobot2_ws/install/camera_detection/lib/camera_detection/flag_point_node.py
-- Up-to-date: /home/botnuc/linorobot2_ws/install/camera_detection/share/camera_detection/launch
-- Up-to-date: /home/botnuc/linorobot2_ws/install/camera_detection/share/camera_detection/launch/camera_detection_launch.py
-- Up-to-date: /home/botnuc/linorobot2_ws/install/camera_detection/share/camera_detection/models
-- Up-to-date: /home/botnuc/linorobot2_ws/install/camera_detection/share/camera_detection/models/yolov3.weights
-- Up-to-date: /home/botnuc/linorobot2_ws/install/camera_detection/share/camera_detection/models/yolov3.cfg
-- Up-to-date: /home/botnuc/linorobot2_ws/install/camera_detection/share/camera_detection/models/coco.names
-- Up-to-date: /home/botnuc/linorobot2_ws/install/camera_detection/share/ament_index/resource_index/package_run_dependencies/camera_detection
-- Up-to-date: /home/botnuc/linorobot2_ws/install/camera_detection/share/ament_index/resource_index/parent_prefix_path/camera_detection
-- Up-to-date: /home/botnuc/linorobot2_ws/install/camera_detection/share/camera_detection/environment/ament_prefix_path.sh
-- Up-to-date: /home/botnuc/linorobot2_ws/install/camera_detection/share/camera_detection/environment/ament_prefix_path.dsv
-- Up-to-date: /home/botnuc/linorobot2_ws/install/camera_detection/share/camera_detection/environment/path.sh
-- Up-to-date: /home/botnuc/linorobot2_ws/install/camera_detection/share/camera_detection/environment/path.dsv
-- Up-to-date: /home/botnuc/linorobot2_ws/install/camera_detection/share/camera_detection/local_setup.bash
-- Up-to-date: /home/botnuc/linorobot2_ws/install/camera_detection/share/camera_detection/local_setup.sh
-- Up-to-date: /home/botnuc/linorobot2_ws/install/camera_detection/share/camera_detection/local_setup.zsh
-- Up-to-date: /home/botnuc/linorobot2_ws/install/camera_detection/share/camera_detection/local_setup.dsv
-- Installing: /home/botnuc/linorobot2_ws/install/camera_detection/share/camera_detection/package.dsv
-- Up-to-date: /home/botnuc/linorobot2_ws/install/camera_detection/share/ament_index/resource_index/packages/camera_detection
-- Up-to-date: /home/botnuc/linorobot2_ws/install/camera_detection/share/camera_detection/cmake/camera_detectionConfig.cmake
-- Up-to-date: /home/botnuc/linorobot2_ws/install/camera_detection/share/camera_detection/cmake/camera_detectionConfig-version.cmake
-- Up-to-date: /home/botnuc/linorobot2_ws/install/camera_detection/share/camera_detection/package.xml
