[0.031s] Invoking command in '/home/botnuc/linorobot2_ws/build/linorobot2_description': CMAKE_PREFIX_PATH=${CMAKE_PREFIX_PATH}:/opt/ros/humble /usr/bin/cmake /home/botnuc/linorobot2_ws/src/linorobot2/linorobot2_description -DCMAKE_INSTALL_PREFIX=/home/botnuc/linorobot2_ws/install/linorobot2_description
[0.236s] -- The C compiler identification is GNU 11.4.0
[0.465s] -- The CXX compiler identification is GNU 11.4.0
[0.488s] -- Detecting C compiler ABI info
[0.690s] -- Detecting C compiler ABI info - done
[0.755s] -- Check for working C compiler: /usr/bin/cc - skipped
[0.755s] -- Detecting C compile features
[0.762s] -- Detecting C compile features - done
[0.769s] -- Detecting CXX compiler ABI info
[0.951s] -- Detecting CXX compiler ABI info - done
[0.973s] -- Check for working CXX compiler: /usr/bin/c++ - skipped
[0.973s] -- Detecting CXX compile features
[0.974s] -- Detecting CXX compile features - done
[0.982s] -- Found ament_cmake: 1.3.10 (/opt/ros/humble/share/ament_cmake/cmake)
[1.259s] -- Found Python3: /usr/bin/python3 (found version "3.10.12") found components: Interpreter 
[1.522s] -- Found urdf: 2.6.1 (/opt/ros/humble/share/urdf/cmake)
[1.790s] -- Configuring done
[1.807s] -- Generating done
[1.810s] -- Build files have been written to: /home/botnuc/linorobot2_ws/build/linorobot2_description
[1.827s] Invoked command in '/home/botnuc/linorobot2_ws/build/linorobot2_description' returned '0': CMAKE_PREFIX_PATH=${CMAKE_PREFIX_PATH}:/opt/ros/humble /usr/bin/cmake /home/botnuc/linorobot2_ws/src/linorobot2/linorobot2_description -DCMAKE_INSTALL_PREFIX=/home/botnuc/linorobot2_ws/install/linorobot2_description
[1.835s] Invoking command in '/home/botnuc/linorobot2_ws/build/linorobot2_description': CMAKE_PREFIX_PATH=${CMAKE_PREFIX_PATH}:/opt/ros/humble /usr/bin/cmake --build /home/botnuc/linorobot2_ws/build/linorobot2_description -- -j4 -l4
[1.936s] Invoked command in '/home/botnuc/linorobot2_ws/build/linorobot2_description' returned '0': CMAKE_PREFIX_PATH=${CMAKE_PREFIX_PATH}:/opt/ros/humble /usr/bin/cmake --build /home/botnuc/linorobot2_ws/build/linorobot2_description -- -j4 -l4
[2.025s] Invoking command in '/home/botnuc/linorobot2_ws/build/linorobot2_description': CMAKE_PREFIX_PATH=${CMAKE_PREFIX_PATH}:/opt/ros/humble /usr/bin/cmake --install /home/botnuc/linorobot2_ws/build/linorobot2_description
[2.072s] -- Install configuration: ""
[2.078s] -- Installing: /home/botnuc/linorobot2_ws/install/linorobot2_description/share/linorobot2_description/launch
[2.078s] -- Installing: /home/botnuc/linorobot2_ws/install/linorobot2_description/share/linorobot2_description/launch/description.launch.py
[2.078s] -- Installing: /home/botnuc/linorobot2_ws/install/linorobot2_description/share/linorobot2_description/urdf
[2.078s] -- Installing: /home/botnuc/linorobot2_ws/install/linorobot2_description/share/linorobot2_description/urdf/sensors
[2.079s] -- Installing: /home/botnuc/linorobot2_ws/install/linorobot2_description/share/linorobot2_description/urdf/sensors/laser.urdf.xacro
[2.079s] -- Installing: /home/botnuc/linorobot2_ws/install/linorobot2_description/share/linorobot2_description/urdf/sensors/imu.urdf.xacro
[2.079s] -- Installing: /home/botnuc/linorobot2_ws/install/linorobot2_description/share/linorobot2_description/urdf/sensors/depth_sensor.urdf.xacro
[2.081s] -- Installing: /home/botnuc/linorobot2_ws/install/linorobot2_description/share/linorobot2_description/urdf/sensors/generic_laser.urdf.xacro
[2.081s] -- Installing: /home/botnuc/linorobot2_ws/install/linorobot2_description/share/linorobot2_description/urdf/4wd_properties.urdf.xacro
[2.081s] -- Installing: /home/botnuc/linorobot2_ws/install/linorobot2_description/share/linorobot2_description/urdf/mech
[2.082s] -- Installing: /home/botnuc/linorobot2_ws/install/linorobot2_description/share/linorobot2_description/urdf/mech/mecanum_wheel.urdf.xacro
[2.082s] -- Installing: /home/botnuc/linorobot2_ws/install/linorobot2_description/share/linorobot2_description/urdf/mech/base.urdf.xacro
[2.103s] -- Installing: /home/botnuc/linorobot2_ws/install/linorobot2_description/share/linorobot2_description/urdf/mech/caster_wheel.urdf.xacro
[2.104s] -- Installing: /home/botnuc/linorobot2_ws/install/linorobot2_description/share/linorobot2_description/urdf/mech/wheel.urdf.xacro
[2.104s] -- Installing: /home/botnuc/linorobot2_ws/install/linorobot2_description/share/linorobot2_description/urdf/controllers
[2.104s] -- Installing: /home/botnuc/linorobot2_ws/install/linorobot2_description/share/linorobot2_description/urdf/controllers/omni_drive.urdf.xacro
[2.104s] -- Installing: /home/botnuc/linorobot2_ws/install/linorobot2_description/share/linorobot2_description/urdf/controllers/skid_steer.urdf.xacro
[2.104s] -- Installing: /home/botnuc/linorobot2_ws/install/linorobot2_description/share/linorobot2_description/urdf/controllers/diff_drive.urdf.xacro
[2.104s] -- Installing: /home/botnuc/linorobot2_ws/install/linorobot2_description/share/linorobot2_description/urdf/mecanum_properties.urdf.xacro
[2.104s] -- Installing: /home/botnuc/linorobot2_ws/install/linorobot2_description/share/linorobot2_description/urdf/2wd_properties.urdf.xacro
[2.104s] -- Installing: /home/botnuc/linorobot2_ws/install/linorobot2_description/share/linorobot2_description/urdf/robots
[2.104s] -- Installing: /home/botnuc/linorobot2_ws/install/linorobot2_description/share/linorobot2_description/urdf/robots/vattenkar.urdf.xacro
[2.105s] -- Installing: /home/botnuc/linorobot2_ws/install/linorobot2_description/share/linorobot2_description/urdf/robots/mecanum.urdf.xacro
[2.105s] -- Installing: /home/botnuc/linorobot2_ws/install/linorobot2_description/share/linorobot2_description/urdf/robots/2wd.urdf.xacro
[2.105s] -- Installing: /home/botnuc/linorobot2_ws/install/linorobot2_description/share/linorobot2_description/urdf/robots/turtlebot.urdf.xacro
[2.115s] -- Installing: /home/botnuc/linorobot2_ws/install/linorobot2_description/share/linorobot2_description/urdf/robots/4wd.urdf.xacro
[2.115s] -- Installing: /home/botnuc/linorobot2_ws/install/linorobot2_description/share/linorobot2_description/rviz
[2.115s] -- Installing: /home/botnuc/linorobot2_ws/install/linorobot2_description/share/linorobot2_description/rviz/description.rviz
[2.115s] -- Installing: /home/botnuc/linorobot2_ws/install/linorobot2_description/share/ament_index/resource_index/package_run_dependencies/linorobot2_description
[2.115s] -- Installing: /home/botnuc/linorobot2_ws/install/linorobot2_description/share/ament_index/resource_index/parent_prefix_path/linorobot2_description
[2.116s] -- Installing: /home/botnuc/linorobot2_ws/install/linorobot2_description/share/linorobot2_description/environment/ament_prefix_path.sh
[2.116s] -- Installing: /home/botnuc/linorobot2_ws/install/linorobot2_description/share/linorobot2_description/environment/ament_prefix_path.dsv
[2.116s] -- Installing: /home/botnuc/linorobot2_ws/install/linorobot2_description/share/linorobot2_description/environment/path.sh
[2.116s] -- Installing: /home/botnuc/linorobot2_ws/install/linorobot2_description/share/linorobot2_description/environment/path.dsv
[2.116s] -- Installing: /home/botnuc/linorobot2_ws/install/linorobot2_description/share/linorobot2_description/local_setup.bash
[2.124s] -- Installing: /home/botnuc/linorobot2_ws/install/linorobot2_description/share/linorobot2_description/local_setup.sh
[2.124s] -- Installing: /home/botnuc/linorobot2_ws/install/linorobot2_description/share/linorobot2_description/local_setup.zsh
[2.124s] -- Installing: /home/botnuc/linorobot2_ws/install/linorobot2_description/share/linorobot2_description/local_setup.dsv
[2.124s] -- Installing: /home/botnuc/linorobot2_ws/install/linorobot2_description/share/linorobot2_description/package.dsv
[2.124s] -- Installing: /home/botnuc/linorobot2_ws/install/linorobot2_description/share/ament_index/resource_index/packages/linorobot2_description
[2.124s] -- Installing: /home/botnuc/linorobot2_ws/install/linorobot2_description/share/linorobot2_description/cmake/linorobot2_descriptionConfig.cmake
[2.129s] -- Installing: /home/botnuc/linorobot2_ws/install/linorobot2_description/share/linorobot2_description/cmake/linorobot2_descriptionConfig-version.cmake
[2.129s] -- Installing: /home/botnuc/linorobot2_ws/install/linorobot2_description/share/linorobot2_description/package.xml
[2.144s] Invoked command in '/home/botnuc/linorobot2_ws/build/linorobot2_description' returned '0': CMAKE_PREFIX_PATH=${CMAKE_PREFIX_PATH}:/opt/ros/humble /usr/bin/cmake --install /home/botnuc/linorobot2_ws/build/linorobot2_description
