[0.073s] Invoking command in '/home/botnuc/linorobot2_ws/build/behavior_tree': CMAKE_PREFIX_PATH=${CMAKE_PREFIX_PATH}:/opt/ros/humble /usr/bin/cmake --build /home/botnuc/linorobot2_ws/build/behavior_tree -- -j4 -l4
[0.218s] -- Found ament_cmake: 1.3.10 (/opt/ros/humble/share/ament_cmake/cmake)
[1.232s] -- Found rclpy: 3.3.14 (/opt/ros/humble/share/rclpy/cmake)
[1.235s] -- Found nav2_msgs: 1.1.16 (/opt/ros/humble/share/nav2_msgs/cmake)
[1.432s] -- Found rosidl_generator_c: 3.1.5 (/opt/ros/humble/share/rosidl_generator_c/cmake)
[1.451s] -- Found rosidl_adapter: 3.1.5 (/opt/ros/humble/share/rosidl_adapter/cmake)
[1.484s] -- Found rosidl_generator_cpp: 3.1.5 (/opt/ros/humble/share/rosidl_generator_cpp/cmake)
[1.557s] -- Using all available rosidl_typesupport_c: rosidl_typesupport_fastrtps_c;rosidl_typesupport_introspection_c
[1.609s] -- Using all available rosidl_typesupport_cpp: rosidl_typesupport_fastrtps_cpp;rosidl_typesupport_introspection_cpp
[2.214s] -- Found std_srvs: 4.2.4 (/opt/ros/humble/share/std_srvs/cmake)
[2.616s] -- Configuring done
[2.658s] -- Generating done
[2.666s] -- Build files have been written to: /home/botnuc/linorobot2_ws/build/behavior_tree
[2.812s] Invoked command in '/home/botnuc/linorobot2_ws/build/behavior_tree' returned '0': CMAKE_PREFIX_PATH=${CMAKE_PREFIX_PATH}:/opt/ros/humble /usr/bin/cmake --build /home/botnuc/linorobot2_ws/build/behavior_tree -- -j4 -l4
[2.944s] Invoking command in '/home/botnuc/linorobot2_ws/build/behavior_tree': CMAKE_PREFIX_PATH=${CMAKE_PREFIX_PATH}:/opt/ros/humble /usr/bin/cmake --install /home/botnuc/linorobot2_ws/build/behavior_tree
[2.990s] -- Install configuration: ""
[2.994s] -- Up-to-date: /home/botnuc/linorobot2_ws/install/behavior_tree/lib/behavior_tree/navigate_to_flag.py
[2.994s] -- Up-to-date: /home/botnuc/linorobot2_ws/install/behavior_tree/share/ament_index/resource_index/package_run_dependencies/behavior_tree
[2.994s] -- Installing: /home/botnuc/linorobot2_ws/install/behavior_tree/share/ament_index/resource_index/parent_prefix_path/behavior_tree
[2.994s] -- Up-to-date: /home/botnuc/linorobot2_ws/install/behavior_tree/share/behavior_tree/environment/ament_prefix_path.sh
[2.994s] -- Installing: /home/botnuc/linorobot2_ws/install/behavior_tree/share/behavior_tree/environment/ament_prefix_path.dsv
[2.995s] -- Up-to-date: /home/botnuc/linorobot2_ws/install/behavior_tree/share/behavior_tree/environment/path.sh
[2.995s] -- Installing: /home/botnuc/linorobot2_ws/install/behavior_tree/share/behavior_tree/environment/path.dsv
[2.995s] -- Up-to-date: /home/botnuc/linorobot2_ws/install/behavior_tree/share/behavior_tree/local_setup.bash
[3.002s] -- Up-to-date: /home/botnuc/linorobot2_ws/install/behavior_tree/share/behavior_tree/local_setup.sh
[3.002s] -- Up-to-date: /home/botnuc/linorobot2_ws/install/behavior_tree/share/behavior_tree/local_setup.zsh
[3.002s] -- Installing: /home/botnuc/linorobot2_ws/install/behavior_tree/share/behavior_tree/local_setup.dsv
[3.002s] -- Installing: /home/botnuc/linorobot2_ws/install/behavior_tree/share/behavior_tree/package.dsv
[3.002s] -- Up-to-date: /home/botnuc/linorobot2_ws/install/behavior_tree/share/ament_index/resource_index/packages/behavior_tree
[3.002s] -- Up-to-date: /home/botnuc/linorobot2_ws/install/behavior_tree/share/behavior_tree/cmake/behavior_treeConfig.cmake
[3.002s] -- Up-to-date: /home/botnuc/linorobot2_ws/install/behavior_tree/share/behavior_tree/cmake/behavior_treeConfig-version.cmake
[3.002s] -- Installing: /home/botnuc/linorobot2_ws/install/behavior_tree/share/behavior_tree/package.xml
[3.018s] Invoked command in '/home/botnuc/linorobot2_ws/build/behavior_tree' returned '0': CMAKE_PREFIX_PATH=${CMAKE_PREFIX_PATH}:/opt/ros/humble /usr/bin/cmake --install /home/botnuc/linorobot2_ws/build/behavior_tree
