[0.180s] Invoking command in '/home/botnuc/linorobot2_ws/build/micro_ros_msgs': CMAKE_PREFIX_PATH=${CMAKE_PREFIX_PATH}:/opt/ros/humble /usr/bin/cmake --build /home/botnuc/linorobot2_ws/build/micro_ros_msgs -- -j4 -l4
[0.655s] [  2%] Built target micro_ros_msgs__cpp
[0.857s] [  2%] Built target ament_cmake_python_copy_micro_ros_msgs
[1.010s] [ 12%] Built target micro_ros_msgs__rosidl_typesupport_fastrtps_cpp
[1.098s] [ 23%] Built target micro_ros_msgs__rosidl_typesupport_introspection_cpp
[2.680s] running egg_info
[2.682s] writing micro_ros_msgs.egg-info/PKG-INFO
[2.684s] writing dependency_links to micro_ros_msgs.egg-info/dependency_links.txt
[2.689s] writing top-level names to micro_ros_msgs.egg-info/top_level.txt
[2.929s] listing git files failed - pretending there aren't any
[3.921s] reading manifest file 'micro_ros_msgs.egg-info/SOURCES.txt'
[3.922s] writing manifest file 'micro_ros_msgs.egg-info/SOURCES.txt'
[4.076s] [ 23%] Built target ament_cmake_python_build_micro_ros_msgs_egg
[4.199s] [ 34%] Built target micro_ros_msgs__rosidl_typesupport_cpp
[4.279s] [ 44%] Built target micro_ros_msgs__rosidl_generator_c
[4.356s] [ 55%] Built target micro_ros_msgs__rosidl_typesupport_fastrtps_c
[4.445s] [ 65%] Built target micro_ros_msgs__rosidl_typesupport_c
[4.531s] [ 76%] Built target micro_ros_msgs__rosidl_typesupport_introspection_c
[4.595s] [ 76%] Built target micro_ros_msgs
[4.664s] [ 78%] Built target micro_ros_msgs__py
[4.743s] [ 87%] Built target micro_ros_msgs__rosidl_generator_py
[4.850s] [ 91%] Built target micro_ros_msgs__rosidl_typesupport_fastrtps_c__pyext
[4.946s] [ 95%] Built target micro_ros_msgs__rosidl_typesupport_c__pyext
[5.025s] [100%] Built target micro_ros_msgs__rosidl_typesupport_introspection_c__pyext
[5.064s] Invoked command in '/home/botnuc/linorobot2_ws/build/micro_ros_msgs' returned '0': CMAKE_PREFIX_PATH=${CMAKE_PREFIX_PATH}:/opt/ros/humble /usr/bin/cmake --build /home/botnuc/linorobot2_ws/build/micro_ros_msgs -- -j4 -l4
[5.458s] Invoking command in '/home/botnuc/linorobot2_ws/build/micro_ros_msgs': CMAKE_PREFIX_PATH=${CMAKE_PREFIX_PATH}:/opt/ros/humble /usr/bin/cmake --install /home/botnuc/linorobot2_ws/build/micro_ros_msgs
[5.498s] -- Install configuration: ""
[5.499s] -- Up-to-date: /home/botnuc/linorobot2_ws/install/micro_ros_msgs/share/ament_index/resource_index/rosidl_interfaces/micro_ros_msgs
[5.499s] -- Up-to-date: /home/botnuc/linorobot2_ws/install/micro_ros_msgs/include/micro_ros_msgs/micro_ros_msgs
[5.499s] -- Up-to-date: /home/botnuc/linorobot2_ws/install/micro_ros_msgs/include/micro_ros_msgs/micro_ros_msgs/msg
[5.499s] -- Up-to-date: /home/botnuc/linorobot2_ws/install/micro_ros_msgs/include/micro_ros_msgs/micro_ros_msgs/msg/detail
[5.499s] -- Up-to-date: /home/botnuc/linorobot2_ws/install/micro_ros_msgs/include/micro_ros_msgs/micro_ros_msgs/msg/detail/graph__functions.h
[5.499s] -- Up-to-date: /home/botnuc/linorobot2_ws/install/micro_ros_msgs/include/micro_ros_msgs/micro_ros_msgs/msg/detail/entity__functions.c
[5.499s] -- Up-to-date: /home/botnuc/linorobot2_ws/install/micro_ros_msgs/include/micro_ros_msgs/micro_ros_msgs/msg/detail/entity__type_support.h
[5.500s] -- Up-to-date: /home/botnuc/linorobot2_ws/install/micro_ros_msgs/include/micro_ros_msgs/micro_ros_msgs/msg/detail/node__functions.c
[5.504s] -- Up-to-date: /home/botnuc/linorobot2_ws/install/micro_ros_msgs/include/micro_ros_msgs/micro_ros_msgs/msg/detail/graph__type_support.h
[5.507s] -- Up-to-date: /home/botnuc/linorobot2_ws/install/micro_ros_msgs/include/micro_ros_msgs/micro_ros_msgs/msg/detail/node__functions.h
[5.507s] -- Up-to-date: /home/botnuc/linorobot2_ws/install/micro_ros_msgs/include/micro_ros_msgs/micro_ros_msgs/msg/detail/node__struct.h
[5.507s] -- Up-to-date: /home/botnuc/linorobot2_ws/install/micro_ros_msgs/include/micro_ros_msgs/micro_ros_msgs/msg/detail/entity__functions.h
[5.507s] -- Up-to-date: /home/botnuc/linorobot2_ws/install/micro_ros_msgs/include/micro_ros_msgs/micro_ros_msgs/msg/detail/graph__functions.c
[5.507s] -- Up-to-date: /home/botnuc/linorobot2_ws/install/micro_ros_msgs/include/micro_ros_msgs/micro_ros_msgs/msg/detail/node__type_support.h
[5.507s] -- Up-to-date: /home/botnuc/linorobot2_ws/install/micro_ros_msgs/include/micro_ros_msgs/micro_ros_msgs/msg/detail/entity__struct.h
[5.507s] -- Up-to-date: /home/botnuc/linorobot2_ws/install/micro_ros_msgs/include/micro_ros_msgs/micro_ros_msgs/msg/detail/graph__struct.h
[5.507s] -- Up-to-date: /home/botnuc/linorobot2_ws/install/micro_ros_msgs/include/micro_ros_msgs/micro_ros_msgs/msg/graph.h
[5.508s] -- Up-to-date: /home/botnuc/linorobot2_ws/install/micro_ros_msgs/include/micro_ros_msgs/micro_ros_msgs/msg/node.h
[5.508s] -- Up-to-date: /home/botnuc/linorobot2_ws/install/micro_ros_msgs/include/micro_ros_msgs/micro_ros_msgs/msg/entity.h
[5.512s] -- Up-to-date: /home/botnuc/linorobot2_ws/install/micro_ros_msgs/include/micro_ros_msgs/micro_ros_msgs/msg/rosidl_generator_c__visibility_control.h
[5.512s] -- Up-to-date: /home/botnuc/linorobot2_ws/install/micro_ros_msgs/share/micro_ros_msgs/environment/library_path.sh
[5.512s] -- Up-to-date: /home/botnuc/linorobot2_ws/install/micro_ros_msgs/share/micro_ros_msgs/environment/library_path.dsv
[5.513s] -- Up-to-date: /home/botnuc/linorobot2_ws/install/micro_ros_msgs/lib/libmicro_ros_msgs__rosidl_generator_c.so
[5.513s] -- Up-to-date: /home/botnuc/linorobot2_ws/install/micro_ros_msgs/include/micro_ros_msgs/micro_ros_msgs
[5.513s] -- Up-to-date: /home/botnuc/linorobot2_ws/install/micro_ros_msgs/include/micro_ros_msgs/micro_ros_msgs/msg
[5.513s] -- Up-to-date: /home/botnuc/linorobot2_ws/install/micro_ros_msgs/include/micro_ros_msgs/micro_ros_msgs/msg/detail
[5.513s] -- Up-to-date: /home/botnuc/linorobot2_ws/install/micro_ros_msgs/include/micro_ros_msgs/micro_ros_msgs/msg/detail/graph__rosidl_typesupport_fastrtps_c.h
[5.513s] -- Up-to-date: /home/botnuc/linorobot2_ws/install/micro_ros_msgs/include/micro_ros_msgs/micro_ros_msgs/msg/detail/entity__rosidl_typesupport_fastrtps_c.h
[5.513s] -- Up-to-date: /home/botnuc/linorobot2_ws/install/micro_ros_msgs/include/micro_ros_msgs/micro_ros_msgs/msg/detail/node__rosidl_typesupport_fastrtps_c.h
[5.513s] -- Up-to-date: /home/botnuc/linorobot2_ws/install/micro_ros_msgs/include/micro_ros_msgs/micro_ros_msgs/msg/rosidl_typesupport_fastrtps_c__visibility_control.h
[5.513s] -- Up-to-date: /home/botnuc/linorobot2_ws/install/micro_ros_msgs/lib/libmicro_ros_msgs__rosidl_typesupport_fastrtps_c.so
[5.513s] -- Up-to-date: /home/botnuc/linorobot2_ws/install/micro_ros_msgs/include/micro_ros_msgs/micro_ros_msgs
[5.513s] -- Up-to-date: /home/botnuc/linorobot2_ws/install/micro_ros_msgs/include/micro_ros_msgs/micro_ros_msgs/msg
[5.514s] -- Up-to-date: /home/botnuc/linorobot2_ws/install/micro_ros_msgs/include/micro_ros_msgs/micro_ros_msgs/msg/detail
[5.514s] -- Up-to-date: /home/botnuc/linorobot2_ws/install/micro_ros_msgs/include/micro_ros_msgs/micro_ros_msgs/msg/detail/node__type_support.c
[5.514s] -- Up-to-date: /home/botnuc/linorobot2_ws/install/micro_ros_msgs/include/micro_ros_msgs/micro_ros_msgs/msg/detail/entity__type_support.c
[5.514s] -- Up-to-date: /home/botnuc/linorobot2_ws/install/micro_ros_msgs/include/micro_ros_msgs/micro_ros_msgs/msg/detail/entity__rosidl_typesupport_introspection_c.h
[5.514s] -- Up-to-date: /home/botnuc/linorobot2_ws/install/micro_ros_msgs/include/micro_ros_msgs/micro_ros_msgs/msg/detail/graph__rosidl_typesupport_introspection_c.h
[5.535s] -- Up-to-date: /home/botnuc/linorobot2_ws/install/micro_ros_msgs/include/micro_ros_msgs/micro_ros_msgs/msg/detail/graph__type_support.c
[5.535s] -- Up-to-date: /home/botnuc/linorobot2_ws/install/micro_ros_msgs/include/micro_ros_msgs/micro_ros_msgs/msg/detail/node__rosidl_typesupport_introspection_c.h
[5.535s] -- Up-to-date: /home/botnuc/linorobot2_ws/install/micro_ros_msgs/include/micro_ros_msgs/micro_ros_msgs/msg/rosidl_typesupport_introspection_c__visibility_control.h
[5.536s] -- Up-to-date: /home/botnuc/linorobot2_ws/install/micro_ros_msgs/lib/libmicro_ros_msgs__rosidl_typesupport_introspection_c.so
[5.536s] -- Up-to-date: /home/botnuc/linorobot2_ws/install/micro_ros_msgs/lib/libmicro_ros_msgs__rosidl_typesupport_c.so
[5.536s] -- Up-to-date: /home/botnuc/linorobot2_ws/install/micro_ros_msgs/include/micro_ros_msgs/micro_ros_msgs
[5.536s] -- Up-to-date: /home/botnuc/linorobot2_ws/install/micro_ros_msgs/include/micro_ros_msgs/micro_ros_msgs/msg
[5.536s] -- Up-to-date: /home/botnuc/linorobot2_ws/install/micro_ros_msgs/include/micro_ros_msgs/micro_ros_msgs/msg/detail
[5.536s] -- Up-to-date: /home/botnuc/linorobot2_ws/install/micro_ros_msgs/include/micro_ros_msgs/micro_ros_msgs/msg/detail/node__traits.hpp
[5.536s] -- Up-to-date: /home/botnuc/linorobot2_ws/install/micro_ros_msgs/include/micro_ros_msgs/micro_ros_msgs/msg/detail/node__struct.hpp
[5.536s] -- Up-to-date: /home/botnuc/linorobot2_ws/install/micro_ros_msgs/include/micro_ros_msgs/micro_ros_msgs/msg/detail/node__builder.hpp
[5.536s] -- Up-to-date: /home/botnuc/linorobot2_ws/install/micro_ros_msgs/include/micro_ros_msgs/micro_ros_msgs/msg/detail/entity__struct.hpp
[5.537s] -- Up-to-date: /home/botnuc/linorobot2_ws/install/micro_ros_msgs/include/micro_ros_msgs/micro_ros_msgs/msg/detail/graph__traits.hpp
[5.537s] -- Up-to-date: /home/botnuc/linorobot2_ws/install/micro_ros_msgs/include/micro_ros_msgs/micro_ros_msgs/msg/detail/entity__traits.hpp
[5.537s] -- Up-to-date: /home/botnuc/linorobot2_ws/install/micro_ros_msgs/include/micro_ros_msgs/micro_ros_msgs/msg/detail/graph__struct.hpp
[5.537s] -- Up-to-date: /home/botnuc/linorobot2_ws/install/micro_ros_msgs/include/micro_ros_msgs/micro_ros_msgs/msg/detail/entity__builder.hpp
[5.537s] -- Up-to-date: /home/botnuc/linorobot2_ws/install/micro_ros_msgs/include/micro_ros_msgs/micro_ros_msgs/msg/detail/graph__builder.hpp
[5.537s] -- Up-to-date: /home/botnuc/linorobot2_ws/install/micro_ros_msgs/include/micro_ros_msgs/micro_ros_msgs/msg/entity.hpp
[5.537s] -- Up-to-date: /home/botnuc/linorobot2_ws/install/micro_ros_msgs/include/micro_ros_msgs/micro_ros_msgs/msg/graph.hpp
[5.537s] -- Up-to-date: /home/botnuc/linorobot2_ws/install/micro_ros_msgs/include/micro_ros_msgs/micro_ros_msgs/msg/node.hpp
[5.537s] -- Up-to-date: /home/botnuc/linorobot2_ws/install/micro_ros_msgs/include/micro_ros_msgs/micro_ros_msgs
[5.547s] -- Up-to-date: /home/botnuc/linorobot2_ws/install/micro_ros_msgs/include/micro_ros_msgs/micro_ros_msgs/msg
[5.547s] -- Up-to-date: /home/botnuc/linorobot2_ws/install/micro_ros_msgs/include/micro_ros_msgs/micro_ros_msgs/msg/detail
[5.547s] -- Up-to-date: /home/botnuc/linorobot2_ws/install/micro_ros_msgs/include/micro_ros_msgs/micro_ros_msgs/msg/detail/entity__rosidl_typesupport_fastrtps_cpp.hpp
[5.547s] -- Up-to-date: /home/botnuc/linorobot2_ws/install/micro_ros_msgs/include/micro_ros_msgs/micro_ros_msgs/msg/detail/dds_fastrtps
[5.547s] -- Up-to-date: /home/botnuc/linorobot2_ws/install/micro_ros_msgs/include/micro_ros_msgs/micro_ros_msgs/msg/detail/node__rosidl_typesupport_fastrtps_cpp.hpp
[5.548s] -- Up-to-date: /home/botnuc/linorobot2_ws/install/micro_ros_msgs/include/micro_ros_msgs/micro_ros_msgs/msg/detail/graph__rosidl_typesupport_fastrtps_cpp.hpp
[5.548s] -- Up-to-date: /home/botnuc/linorobot2_ws/install/micro_ros_msgs/include/micro_ros_msgs/micro_ros_msgs/msg/rosidl_typesupport_fastrtps_cpp__visibility_control.h
[5.548s] -- Up-to-date: /home/botnuc/linorobot2_ws/install/micro_ros_msgs/lib/libmicro_ros_msgs__rosidl_typesupport_fastrtps_cpp.so
[5.548s] -- Up-to-date: /home/botnuc/linorobot2_ws/install/micro_ros_msgs/include/micro_ros_msgs/micro_ros_msgs
[5.548s] -- Up-to-date: /home/botnuc/linorobot2_ws/install/micro_ros_msgs/include/micro_ros_msgs/micro_ros_msgs/msg
[5.548s] -- Up-to-date: /home/botnuc/linorobot2_ws/install/micro_ros_msgs/include/micro_ros_msgs/micro_ros_msgs/msg/detail
[5.548s] -- Up-to-date: /home/botnuc/linorobot2_ws/install/micro_ros_msgs/include/micro_ros_msgs/micro_ros_msgs/msg/detail/graph__type_support.cpp
[5.548s] -- Up-to-date: /home/botnuc/linorobot2_ws/install/micro_ros_msgs/include/micro_ros_msgs/micro_ros_msgs/msg/detail/graph__rosidl_typesupport_introspection_cpp.hpp
[5.548s] -- Up-to-date: /home/botnuc/linorobot2_ws/install/micro_ros_msgs/include/micro_ros_msgs/micro_ros_msgs/msg/detail/entity__rosidl_typesupport_introspection_cpp.hpp
[5.548s] -- Up-to-date: /home/botnuc/linorobot2_ws/install/micro_ros_msgs/include/micro_ros_msgs/micro_ros_msgs/msg/detail/node__rosidl_typesupport_introspection_cpp.hpp
[5.549s] -- Up-to-date: /home/botnuc/linorobot2_ws/install/micro_ros_msgs/include/micro_ros_msgs/micro_ros_msgs/msg/detail/entity__type_support.cpp
[5.549s] -- Up-to-date: /home/botnuc/linorobot2_ws/install/micro_ros_msgs/include/micro_ros_msgs/micro_ros_msgs/msg/detail/node__type_support.cpp
[5.549s] -- Up-to-date: /home/botnuc/linorobot2_ws/install/micro_ros_msgs/lib/libmicro_ros_msgs__rosidl_typesupport_introspection_cpp.so
[5.549s] -- Up-to-date: /home/botnuc/linorobot2_ws/install/micro_ros_msgs/lib/libmicro_ros_msgs__rosidl_typesupport_cpp.so
[5.549s] -- Up-to-date: /home/botnuc/linorobot2_ws/install/micro_ros_msgs/share/micro_ros_msgs/environment/pythonpath.sh
[5.549s] -- Up-to-date: /home/botnuc/linorobot2_ws/install/micro_ros_msgs/share/micro_ros_msgs/environment/pythonpath.dsv
[5.552s] -- Up-to-date: /home/botnuc/linorobot2_ws/install/micro_ros_msgs/local/lib/python3.10/dist-packages/micro_ros_msgs-3.0.1-py3.10.egg-info
[5.552s] -- Installing: /home/botnuc/linorobot2_ws/install/micro_ros_msgs/local/lib/python3.10/dist-packages/micro_ros_msgs-3.0.1-py3.10.egg-info/top_level.txt
[5.552s] -- Installing: /home/botnuc/linorobot2_ws/install/micro_ros_msgs/local/lib/python3.10/dist-packages/micro_ros_msgs-3.0.1-py3.10.egg-info/PKG-INFO
[5.552s] -- Installing: /home/botnuc/linorobot2_ws/install/micro_ros_msgs/local/lib/python3.10/dist-packages/micro_ros_msgs-3.0.1-py3.10.egg-info/SOURCES.txt
[5.552s] -- Installing: /home/botnuc/linorobot2_ws/install/micro_ros_msgs/local/lib/python3.10/dist-packages/micro_ros_msgs-3.0.1-py3.10.egg-info/dependency_links.txt
[5.553s] -- Up-to-date: /home/botnuc/linorobot2_ws/install/micro_ros_msgs/local/lib/python3.10/dist-packages/micro_ros_msgs
[5.553s] -- Up-to-date: /home/botnuc/linorobot2_ws/install/micro_ros_msgs/local/lib/python3.10/dist-packages/micro_ros_msgs/msg
[5.553s] -- Up-to-date: /home/botnuc/linorobot2_ws/install/micro_ros_msgs/local/lib/python3.10/dist-packages/micro_ros_msgs/msg/_entity_s.c
[5.553s] -- Up-to-date: /home/botnuc/linorobot2_ws/install/micro_ros_msgs/local/lib/python3.10/dist-packages/micro_ros_msgs/msg/_graph_s.c
[5.553s] -- Up-to-date: /home/botnuc/linorobot2_ws/install/micro_ros_msgs/local/lib/python3.10/dist-packages/micro_ros_msgs/msg/_node.py
[5.553s] -- Up-to-date: /home/botnuc/linorobot2_ws/install/micro_ros_msgs/local/lib/python3.10/dist-packages/micro_ros_msgs/msg/_node_s.c
[5.553s] -- Up-to-date: /home/botnuc/linorobot2_ws/install/micro_ros_msgs/local/lib/python3.10/dist-packages/micro_ros_msgs/msg/__init__.py
[5.553s] -- Up-to-date: /home/botnuc/linorobot2_ws/install/micro_ros_msgs/local/lib/python3.10/dist-packages/micro_ros_msgs/msg/_graph.py
[5.554s] -- Up-to-date: /home/botnuc/linorobot2_ws/install/micro_ros_msgs/local/lib/python3.10/dist-packages/micro_ros_msgs/msg/_entity.py
[5.554s] -- Up-to-date: /home/botnuc/linorobot2_ws/install/micro_ros_msgs/local/lib/python3.10/dist-packages/micro_ros_msgs/_micro_ros_msgs_s.ep.rosidl_typesupport_fastrtps_c.c
[5.554s] -- Up-to-date: /home/botnuc/linorobot2_ws/install/micro_ros_msgs/local/lib/python3.10/dist-packages/micro_ros_msgs/libmicro_ros_msgs__rosidl_generator_py.so
[5.554s] -- Up-to-date: /home/botnuc/linorobot2_ws/install/micro_ros_msgs/local/lib/python3.10/dist-packages/micro_ros_msgs/_micro_ros_msgs_s.ep.rosidl_typesupport_c.c
[5.554s] -- Up-to-date: /home/botnuc/linorobot2_ws/install/micro_ros_msgs/local/lib/python3.10/dist-packages/micro_ros_msgs/micro_ros_msgs_s__rosidl_typesupport_introspection_c.cpython-310-x86_64-linux-gnu.so
[5.554s] -- Up-to-date: /home/botnuc/linorobot2_ws/install/micro_ros_msgs/local/lib/python3.10/dist-packages/micro_ros_msgs/micro_ros_msgs_s__rosidl_typesupport_c.cpython-310-x86_64-linux-gnu.so
[5.554s] -- Up-to-date: /home/botnuc/linorobot2_ws/install/micro_ros_msgs/local/lib/python3.10/dist-packages/micro_ros_msgs/__init__.py
[5.554s] -- Up-to-date: /home/botnuc/linorobot2_ws/install/micro_ros_msgs/local/lib/python3.10/dist-packages/micro_ros_msgs/_micro_ros_msgs_s.ep.rosidl_typesupport_introspection_c.c
[5.554s] -- Up-to-date: /home/botnuc/linorobot2_ws/install/micro_ros_msgs/local/lib/python3.10/dist-packages/micro_ros_msgs/micro_ros_msgs_s__rosidl_typesupport_fastrtps_c.cpython-310-x86_64-linux-gnu.so
[5.651s] Listing '/home/botnuc/linorobot2_ws/install/micro_ros_msgs/local/lib/python3.10/dist-packages/micro_ros_msgs'...
[5.651s] Listing '/home/botnuc/linorobot2_ws/install/micro_ros_msgs/local/lib/python3.10/dist-packages/micro_ros_msgs/msg'...
[5.669s] -- Up-to-date: /home/botnuc/linorobot2_ws/install/micro_ros_msgs/local/lib/python3.10/dist-packages/micro_ros_msgs/micro_ros_msgs_s__rosidl_typesupport_fastrtps_c.cpython-310-x86_64-linux-gnu.so
[5.673s] -- Up-to-date: /home/botnuc/linorobot2_ws/install/micro_ros_msgs/local/lib/python3.10/dist-packages/micro_ros_msgs/micro_ros_msgs_s__rosidl_typesupport_introspection_c.cpython-310-x86_64-linux-gnu.so
[5.674s] -- Up-to-date: /home/botnuc/linorobot2_ws/install/micro_ros_msgs/local/lib/python3.10/dist-packages/micro_ros_msgs/micro_ros_msgs_s__rosidl_typesupport_c.cpython-310-x86_64-linux-gnu.so
[5.674s] -- Up-to-date: /home/botnuc/linorobot2_ws/install/micro_ros_msgs/lib/libmicro_ros_msgs__rosidl_generator_py.so
[5.675s] -- Up-to-date: /home/botnuc/linorobot2_ws/install/micro_ros_msgs/share/micro_ros_msgs/msg/Graph.idl
[5.678s] -- Up-to-date: /home/botnuc/linorobot2_ws/install/micro_ros_msgs/share/micro_ros_msgs/msg/Node.idl
[5.678s] -- Up-to-date: /home/botnuc/linorobot2_ws/install/micro_ros_msgs/share/micro_ros_msgs/msg/Entity.idl
[5.680s] -- Up-to-date: /home/botnuc/linorobot2_ws/install/micro_ros_msgs/share/micro_ros_msgs/msg/Graph.msg
[5.680s] -- Up-to-date: /home/botnuc/linorobot2_ws/install/micro_ros_msgs/share/micro_ros_msgs/msg/Node.msg
[5.680s] -- Up-to-date: /home/botnuc/linorobot2_ws/install/micro_ros_msgs/share/micro_ros_msgs/msg/Entity.msg
[5.680s] -- Up-to-date: /home/botnuc/linorobot2_ws/install/micro_ros_msgs/share/ament_index/resource_index/package_run_dependencies/micro_ros_msgs
[5.680s] -- Up-to-date: /home/botnuc/linorobot2_ws/install/micro_ros_msgs/share/ament_index/resource_index/parent_prefix_path/micro_ros_msgs
[5.680s] -- Up-to-date: /home/botnuc/linorobot2_ws/install/micro_ros_msgs/share/micro_ros_msgs/environment/ament_prefix_path.sh
[5.680s] -- Up-to-date: /home/botnuc/linorobot2_ws/install/micro_ros_msgs/share/micro_ros_msgs/environment/ament_prefix_path.dsv
[5.680s] -- Up-to-date: /home/botnuc/linorobot2_ws/install/micro_ros_msgs/share/micro_ros_msgs/environment/path.sh
[5.680s] -- Up-to-date: /home/botnuc/linorobot2_ws/install/micro_ros_msgs/share/micro_ros_msgs/environment/path.dsv
[5.681s] -- Up-to-date: /home/botnuc/linorobot2_ws/install/micro_ros_msgs/share/micro_ros_msgs/local_setup.bash
[5.684s] -- Up-to-date: /home/botnuc/linorobot2_ws/install/micro_ros_msgs/share/micro_ros_msgs/local_setup.sh
[5.684s] -- Up-to-date: /home/botnuc/linorobot2_ws/install/micro_ros_msgs/share/micro_ros_msgs/local_setup.zsh
[5.684s] -- Up-to-date: /home/botnuc/linorobot2_ws/install/micro_ros_msgs/share/micro_ros_msgs/local_setup.dsv
[5.684s] -- Installing: /home/botnuc/linorobot2_ws/install/micro_ros_msgs/share/micro_ros_msgs/package.dsv
[5.684s] -- Up-to-date: /home/botnuc/linorobot2_ws/install/micro_ros_msgs/share/ament_index/resource_index/packages/micro_ros_msgs
[5.684s] -- Up-to-date: /home/botnuc/linorobot2_ws/install/micro_ros_msgs/share/micro_ros_msgs/cmake/export_micro_ros_msgs__rosidl_generator_cExport.cmake
[5.685s] -- Up-to-date: /home/botnuc/linorobot2_ws/install/micro_ros_msgs/share/micro_ros_msgs/cmake/export_micro_ros_msgs__rosidl_generator_cExport-noconfig.cmake
[5.687s] -- Up-to-date: /home/botnuc/linorobot2_ws/install/micro_ros_msgs/share/micro_ros_msgs/cmake/export_micro_ros_msgs__rosidl_typesupport_fastrtps_cExport.cmake
[5.689s] -- Up-to-date: /home/botnuc/linorobot2_ws/install/micro_ros_msgs/share/micro_ros_msgs/cmake/export_micro_ros_msgs__rosidl_typesupport_fastrtps_cExport-noconfig.cmake
[5.691s] -- Up-to-date: /home/botnuc/linorobot2_ws/install/micro_ros_msgs/share/micro_ros_msgs/cmake/micro_ros_msgs__rosidl_typesupport_introspection_cExport.cmake
[5.691s] -- Up-to-date: /home/botnuc/linorobot2_ws/install/micro_ros_msgs/share/micro_ros_msgs/cmake/micro_ros_msgs__rosidl_typesupport_introspection_cExport-noconfig.cmake
[5.691s] -- Up-to-date: /home/botnuc/linorobot2_ws/install/micro_ros_msgs/share/micro_ros_msgs/cmake/micro_ros_msgs__rosidl_typesupport_cExport.cmake
[5.691s] -- Up-to-date: /home/botnuc/linorobot2_ws/install/micro_ros_msgs/share/micro_ros_msgs/cmake/micro_ros_msgs__rosidl_typesupport_cExport-noconfig.cmake
[5.692s] -- Up-to-date: /home/botnuc/linorobot2_ws/install/micro_ros_msgs/share/micro_ros_msgs/cmake/export_micro_ros_msgs__rosidl_generator_cppExport.cmake
[5.692s] -- Up-to-date: /home/botnuc/linorobot2_ws/install/micro_ros_msgs/share/micro_ros_msgs/cmake/export_micro_ros_msgs__rosidl_typesupport_fastrtps_cppExport.cmake
[5.695s] -- Up-to-date: /home/botnuc/linorobot2_ws/install/micro_ros_msgs/share/micro_ros_msgs/cmake/export_micro_ros_msgs__rosidl_typesupport_fastrtps_cppExport-noconfig.cmake
[5.695s] -- Up-to-date: /home/botnuc/linorobot2_ws/install/micro_ros_msgs/share/micro_ros_msgs/cmake/micro_ros_msgs__rosidl_typesupport_introspection_cppExport.cmake
[5.695s] -- Up-to-date: /home/botnuc/linorobot2_ws/install/micro_ros_msgs/share/micro_ros_msgs/cmake/micro_ros_msgs__rosidl_typesupport_introspection_cppExport-noconfig.cmake
[5.696s] -- Up-to-date: /home/botnuc/linorobot2_ws/install/micro_ros_msgs/share/micro_ros_msgs/cmake/micro_ros_msgs__rosidl_typesupport_cppExport.cmake
[5.697s] -- Up-to-date: /home/botnuc/linorobot2_ws/install/micro_ros_msgs/share/micro_ros_msgs/cmake/micro_ros_msgs__rosidl_typesupport_cppExport-noconfig.cmake
[5.698s] -- Up-to-date: /home/botnuc/linorobot2_ws/install/micro_ros_msgs/share/micro_ros_msgs/cmake/export_micro_ros_msgs__rosidl_generator_pyExport.cmake
[5.698s] -- Up-to-date: /home/botnuc/linorobot2_ws/install/micro_ros_msgs/share/micro_ros_msgs/cmake/export_micro_ros_msgs__rosidl_generator_pyExport-noconfig.cmake
[5.699s] -- Up-to-date: /home/botnuc/linorobot2_ws/install/micro_ros_msgs/share/micro_ros_msgs/cmake/rosidl_cmake-extras.cmake
[5.700s] -- Up-to-date: /home/botnuc/linorobot2_ws/install/micro_ros_msgs/share/micro_ros_msgs/cmake/ament_cmake_export_include_directories-extras.cmake
[5.700s] -- Up-to-date: /home/botnuc/linorobot2_ws/install/micro_ros_msgs/share/micro_ros_msgs/cmake/ament_cmake_export_libraries-extras.cmake
[5.700s] -- Up-to-date: /home/botnuc/linorobot2_ws/install/micro_ros_msgs/share/micro_ros_msgs/cmake/ament_cmake_export_targets-extras.cmake
[5.702s] -- Up-to-date: /home/botnuc/linorobot2_ws/install/micro_ros_msgs/share/micro_ros_msgs/cmake/rosidl_cmake_export_typesupport_targets-extras.cmake
[5.703s] -- Up-to-date: /home/botnuc/linorobot2_ws/install/micro_ros_msgs/share/micro_ros_msgs/cmake/ament_cmake_export_dependencies-extras.cmake
[5.703s] -- Up-to-date: /home/botnuc/linorobot2_ws/install/micro_ros_msgs/share/micro_ros_msgs/cmake/rosidl_cmake_export_typesupport_libraries-extras.cmake
[5.703s] -- Up-to-date: /home/botnuc/linorobot2_ws/install/micro_ros_msgs/share/micro_ros_msgs/cmake/micro_ros_msgsConfig.cmake
[5.703s] -- Up-to-date: /home/botnuc/linorobot2_ws/install/micro_ros_msgs/share/micro_ros_msgs/cmake/micro_ros_msgsConfig-version.cmake
[5.703s] -- Up-to-date: /home/botnuc/linorobot2_ws/install/micro_ros_msgs/share/micro_ros_msgs/package.xml
[5.710s] Invoked command in '/home/botnuc/linorobot2_ws/build/micro_ros_msgs' returned '0': CMAKE_PREFIX_PATH=${CMAKE_PREFIX_PATH}:/opt/ros/humble /usr/bin/cmake --install /home/botnuc/linorobot2_ws/build/micro_ros_msgs
