[0.112s] Invoking command in '/home/botnuc/linorobot2_ws/build/micro_ros_msgs': CMAKE_PREFIX_PATH=${CMAKE_PREFIX_PATH}:/opt/ros/humble /usr/bin/cmake --build /home/botnuc/linorobot2_ws/build/micro_ros_msgs -- -j4 -l4
[0.423s] [  2%] Built target micro_ros_msgs__cpp
[0.568s] [  2%] Built target ament_cmake_python_copy_micro_ros_msgs
[0.638s] [ 12%] Built target micro_ros_msgs__rosidl_typesupport_fastrtps_cpp
[0.748s] [ 23%] Built target micro_ros_msgs__rosidl_typesupport_introspection_cpp
[2.383s] running egg_info
[2.383s] writing micro_ros_msgs.egg-info/PKG-INFO
[2.383s] writing dependency_links to micro_ros_msgs.egg-info/dependency_links.txt
[2.383s] writing top-level names to micro_ros_msgs.egg-info/top_level.txt
[2.450s] listing git files failed - pretending there aren't any
[2.811s] reading manifest file 'micro_ros_msgs.egg-info/SOURCES.txt'
[2.833s] writing manifest file 'micro_ros_msgs.egg-info/SOURCES.txt'
[2.838s] [ 23%] Built target ament_cmake_python_build_micro_ros_msgs_egg
[2.838s] [ 34%] Built target micro_ros_msgs__rosidl_typesupport_cpp
[2.999s] [ 44%] Built target micro_ros_msgs__rosidl_generator_c
[3.117s] [ 55%] Built target micro_ros_msgs__rosidl_typesupport_fastrtps_c
[3.241s] [ 65%] Built target micro_ros_msgs__rosidl_typesupport_c
[3.366s] [ 76%] Built target micro_ros_msgs__rosidl_typesupport_introspection_c
[3.467s] [ 76%] Built target micro_ros_msgs
[3.602s] [ 78%] Built target micro_ros_msgs__py
[3.737s] [ 87%] Built target micro_ros_msgs__rosidl_generator_py
[3.877s] [ 91%] Built target micro_ros_msgs__rosidl_typesupport_fastrtps_c__pyext
[4.005s] [ 95%] Built target micro_ros_msgs__rosidl_typesupport_c__pyext
[4.110s] [100%] Built target micro_ros_msgs__rosidl_typesupport_introspection_c__pyext
[4.150s] Invoked command in '/home/botnuc/linorobot2_ws/build/micro_ros_msgs' returned '0': CMAKE_PREFIX_PATH=${CMAKE_PREFIX_PATH}:/opt/ros/humble /usr/bin/cmake --build /home/botnuc/linorobot2_ws/build/micro_ros_msgs -- -j4 -l4
[4.564s] Invoking command in '/home/botnuc/linorobot2_ws/build/micro_ros_msgs': CMAKE_PREFIX_PATH=${CMAKE_PREFIX_PATH}:/opt/ros/humble /usr/bin/cmake --install /home/botnuc/linorobot2_ws/build/micro_ros_msgs
[4.593s] -- Install configuration: ""
[4.593s] -- Up-to-date: /home/botnuc/linorobot2_ws/install/micro_ros_msgs/share/ament_index/resource_index/rosidl_interfaces/micro_ros_msgs
[4.593s] -- Up-to-date: /home/botnuc/linorobot2_ws/install/micro_ros_msgs/include/micro_ros_msgs/micro_ros_msgs
[4.594s] -- Up-to-date: /home/botnuc/linorobot2_ws/install/micro_ros_msgs/include/micro_ros_msgs/micro_ros_msgs/msg
[4.594s] -- Up-to-date: /home/botnuc/linorobot2_ws/install/micro_ros_msgs/include/micro_ros_msgs/micro_ros_msgs/msg/detail
[4.594s] -- Up-to-date: /home/botnuc/linorobot2_ws/install/micro_ros_msgs/include/micro_ros_msgs/micro_ros_msgs/msg/detail/graph__functions.h
[4.594s] -- Up-to-date: /home/botnuc/linorobot2_ws/install/micro_ros_msgs/include/micro_ros_msgs/micro_ros_msgs/msg/detail/entity__functions.c
[4.594s] -- Up-to-date: /home/botnuc/linorobot2_ws/install/micro_ros_msgs/include/micro_ros_msgs/micro_ros_msgs/msg/detail/entity__type_support.h
[4.595s] -- Up-to-date: /home/botnuc/linorobot2_ws/install/micro_ros_msgs/include/micro_ros_msgs/micro_ros_msgs/msg/detail/node__functions.c
[4.595s] -- Up-to-date: /home/botnuc/linorobot2_ws/install/micro_ros_msgs/include/micro_ros_msgs/micro_ros_msgs/msg/detail/graph__type_support.h
[4.595s] -- Up-to-date: /home/botnuc/linorobot2_ws/install/micro_ros_msgs/include/micro_ros_msgs/micro_ros_msgs/msg/detail/node__functions.h
[4.595s] -- Up-to-date: /home/botnuc/linorobot2_ws/install/micro_ros_msgs/include/micro_ros_msgs/micro_ros_msgs/msg/detail/node__struct.h
[4.595s] -- Up-to-date: /home/botnuc/linorobot2_ws/install/micro_ros_msgs/include/micro_ros_msgs/micro_ros_msgs/msg/detail/entity__functions.h
[4.595s] -- Up-to-date: /home/botnuc/linorobot2_ws/install/micro_ros_msgs/include/micro_ros_msgs/micro_ros_msgs/msg/detail/graph__functions.c
[4.596s] -- Up-to-date: /home/botnuc/linorobot2_ws/install/micro_ros_msgs/include/micro_ros_msgs/micro_ros_msgs/msg/detail/node__type_support.h
[4.596s] -- Up-to-date: /home/botnuc/linorobot2_ws/install/micro_ros_msgs/include/micro_ros_msgs/micro_ros_msgs/msg/detail/entity__struct.h
[4.596s] -- Up-to-date: /home/botnuc/linorobot2_ws/install/micro_ros_msgs/include/micro_ros_msgs/micro_ros_msgs/msg/detail/graph__struct.h
[4.596s] -- Up-to-date: /home/botnuc/linorobot2_ws/install/micro_ros_msgs/include/micro_ros_msgs/micro_ros_msgs/msg/graph.h
[4.602s] -- Up-to-date: /home/botnuc/linorobot2_ws/install/micro_ros_msgs/include/micro_ros_msgs/micro_ros_msgs/msg/node.h
[4.602s] -- Up-to-date: /home/botnuc/linorobot2_ws/install/micro_ros_msgs/include/micro_ros_msgs/micro_ros_msgs/msg/entity.h
[4.602s] -- Up-to-date: /home/botnuc/linorobot2_ws/install/micro_ros_msgs/include/micro_ros_msgs/micro_ros_msgs/msg/rosidl_generator_c__visibility_control.h
[4.602s] -- Up-to-date: /home/botnuc/linorobot2_ws/install/micro_ros_msgs/share/micro_ros_msgs/environment/library_path.sh
[4.602s] -- Up-to-date: /home/botnuc/linorobot2_ws/install/micro_ros_msgs/share/micro_ros_msgs/environment/library_path.dsv
[4.602s] -- Up-to-date: /home/botnuc/linorobot2_ws/install/micro_ros_msgs/lib/libmicro_ros_msgs__rosidl_generator_c.so
[4.603s] -- Up-to-date: /home/botnuc/linorobot2_ws/install/micro_ros_msgs/include/micro_ros_msgs/micro_ros_msgs
[4.606s] -- Up-to-date: /home/botnuc/linorobot2_ws/install/micro_ros_msgs/include/micro_ros_msgs/micro_ros_msgs/msg
[4.607s] -- Up-to-date: /home/botnuc/linorobot2_ws/install/micro_ros_msgs/include/micro_ros_msgs/micro_ros_msgs/msg/detail
[4.607s] -- Up-to-date: /home/botnuc/linorobot2_ws/install/micro_ros_msgs/include/micro_ros_msgs/micro_ros_msgs/msg/detail/graph__rosidl_typesupport_fastrtps_c.h
[4.607s] -- Up-to-date: /home/botnuc/linorobot2_ws/install/micro_ros_msgs/include/micro_ros_msgs/micro_ros_msgs/msg/detail/entity__rosidl_typesupport_fastrtps_c.h
[4.607s] -- Up-to-date: /home/botnuc/linorobot2_ws/install/micro_ros_msgs/include/micro_ros_msgs/micro_ros_msgs/msg/detail/node__rosidl_typesupport_fastrtps_c.h
[4.607s] -- Up-to-date: /home/botnuc/linorobot2_ws/install/micro_ros_msgs/include/micro_ros_msgs/micro_ros_msgs/msg/rosidl_typesupport_fastrtps_c__visibility_control.h
[4.607s] -- Up-to-date: /home/botnuc/linorobot2_ws/install/micro_ros_msgs/lib/libmicro_ros_msgs__rosidl_typesupport_fastrtps_c.so
[4.607s] -- Up-to-date: /home/botnuc/linorobot2_ws/install/micro_ros_msgs/include/micro_ros_msgs/micro_ros_msgs
[4.607s] -- Up-to-date: /home/botnuc/linorobot2_ws/install/micro_ros_msgs/include/micro_ros_msgs/micro_ros_msgs/msg
[4.608s] -- Up-to-date: /home/botnuc/linorobot2_ws/install/micro_ros_msgs/include/micro_ros_msgs/micro_ros_msgs/msg/detail
[4.609s] -- Up-to-date: /home/botnuc/linorobot2_ws/install/micro_ros_msgs/include/micro_ros_msgs/micro_ros_msgs/msg/detail/node__type_support.c
[4.609s] -- Up-to-date: /home/botnuc/linorobot2_ws/install/micro_ros_msgs/include/micro_ros_msgs/micro_ros_msgs/msg/detail/entity__type_support.c
[4.610s] -- Up-to-date: /home/botnuc/linorobot2_ws/install/micro_ros_msgs/include/micro_ros_msgs/micro_ros_msgs/msg/detail/entity__rosidl_typesupport_introspection_c.h
[4.610s] -- Up-to-date: /home/botnuc/linorobot2_ws/install/micro_ros_msgs/include/micro_ros_msgs/micro_ros_msgs/msg/detail/graph__rosidl_typesupport_introspection_c.h
[4.616s] -- Up-to-date: /home/botnuc/linorobot2_ws/install/micro_ros_msgs/include/micro_ros_msgs/micro_ros_msgs/msg/detail/graph__type_support.c
[4.616s] -- Up-to-date: /home/botnuc/linorobot2_ws/install/micro_ros_msgs/include/micro_ros_msgs/micro_ros_msgs/msg/detail/node__rosidl_typesupport_introspection_c.h
[4.616s] -- Up-to-date: /home/botnuc/linorobot2_ws/install/micro_ros_msgs/include/micro_ros_msgs/micro_ros_msgs/msg/rosidl_typesupport_introspection_c__visibility_control.h
[4.617s] -- Up-to-date: /home/botnuc/linorobot2_ws/install/micro_ros_msgs/lib/libmicro_ros_msgs__rosidl_typesupport_introspection_c.so
[4.617s] -- Up-to-date: /home/botnuc/linorobot2_ws/install/micro_ros_msgs/lib/libmicro_ros_msgs__rosidl_typesupport_c.so
[4.617s] -- Up-to-date: /home/botnuc/linorobot2_ws/install/micro_ros_msgs/include/micro_ros_msgs/micro_ros_msgs
[4.617s] -- Up-to-date: /home/botnuc/linorobot2_ws/install/micro_ros_msgs/include/micro_ros_msgs/micro_ros_msgs/msg
[4.617s] -- Up-to-date: /home/botnuc/linorobot2_ws/install/micro_ros_msgs/include/micro_ros_msgs/micro_ros_msgs/msg/detail
[4.619s] -- Up-to-date: /home/botnuc/linorobot2_ws/install/micro_ros_msgs/include/micro_ros_msgs/micro_ros_msgs/msg/detail/node__traits.hpp
[4.620s] -- Up-to-date: /home/botnuc/linorobot2_ws/install/micro_ros_msgs/include/micro_ros_msgs/micro_ros_msgs/msg/detail/node__struct.hpp
[4.620s] -- Up-to-date: /home/botnuc/linorobot2_ws/install/micro_ros_msgs/include/micro_ros_msgs/micro_ros_msgs/msg/detail/node__builder.hpp
[4.620s] -- Up-to-date: /home/botnuc/linorobot2_ws/install/micro_ros_msgs/include/micro_ros_msgs/micro_ros_msgs/msg/detail/entity__struct.hpp
[4.620s] -- Up-to-date: /home/botnuc/linorobot2_ws/install/micro_ros_msgs/include/micro_ros_msgs/micro_ros_msgs/msg/detail/graph__traits.hpp
[4.621s] -- Up-to-date: /home/botnuc/linorobot2_ws/install/micro_ros_msgs/include/micro_ros_msgs/micro_ros_msgs/msg/detail/entity__traits.hpp
[4.621s] -- Up-to-date: /home/botnuc/linorobot2_ws/install/micro_ros_msgs/include/micro_ros_msgs/micro_ros_msgs/msg/detail/graph__struct.hpp
[4.621s] -- Up-to-date: /home/botnuc/linorobot2_ws/install/micro_ros_msgs/include/micro_ros_msgs/micro_ros_msgs/msg/detail/entity__builder.hpp
[4.621s] -- Up-to-date: /home/botnuc/linorobot2_ws/install/micro_ros_msgs/include/micro_ros_msgs/micro_ros_msgs/msg/detail/graph__builder.hpp
[4.621s] -- Up-to-date: /home/botnuc/linorobot2_ws/install/micro_ros_msgs/include/micro_ros_msgs/micro_ros_msgs/msg/entity.hpp
[4.621s] -- Up-to-date: /home/botnuc/linorobot2_ws/install/micro_ros_msgs/include/micro_ros_msgs/micro_ros_msgs/msg/graph.hpp
[4.621s] -- Up-to-date: /home/botnuc/linorobot2_ws/install/micro_ros_msgs/include/micro_ros_msgs/micro_ros_msgs/msg/node.hpp
[4.621s] -- Up-to-date: /home/botnuc/linorobot2_ws/install/micro_ros_msgs/include/micro_ros_msgs/micro_ros_msgs
[4.621s] -- Up-to-date: /home/botnuc/linorobot2_ws/install/micro_ros_msgs/include/micro_ros_msgs/micro_ros_msgs/msg
[4.621s] -- Up-to-date: /home/botnuc/linorobot2_ws/install/micro_ros_msgs/include/micro_ros_msgs/micro_ros_msgs/msg/detail
[4.635s] -- Up-to-date: /home/botnuc/linorobot2_ws/install/micro_ros_msgs/include/micro_ros_msgs/micro_ros_msgs/msg/detail/entity__rosidl_typesupport_fastrtps_cpp.hpp
[4.635s] -- Up-to-date: /home/botnuc/linorobot2_ws/install/micro_ros_msgs/include/micro_ros_msgs/micro_ros_msgs/msg/detail/dds_fastrtps
[4.635s] -- Up-to-date: /home/botnuc/linorobot2_ws/install/micro_ros_msgs/include/micro_ros_msgs/micro_ros_msgs/msg/detail/node__rosidl_typesupport_fastrtps_cpp.hpp
[4.635s] -- Up-to-date: /home/botnuc/linorobot2_ws/install/micro_ros_msgs/include/micro_ros_msgs/micro_ros_msgs/msg/detail/graph__rosidl_typesupport_fastrtps_cpp.hpp
[4.636s] -- Up-to-date: /home/botnuc/linorobot2_ws/install/micro_ros_msgs/include/micro_ros_msgs/micro_ros_msgs/msg/rosidl_typesupport_fastrtps_cpp__visibility_control.h
[4.636s] -- Up-to-date: /home/botnuc/linorobot2_ws/install/micro_ros_msgs/lib/libmicro_ros_msgs__rosidl_typesupport_fastrtps_cpp.so
[4.636s] -- Up-to-date: /home/botnuc/linorobot2_ws/install/micro_ros_msgs/include/micro_ros_msgs/micro_ros_msgs
[4.636s] -- Up-to-date: /home/botnuc/linorobot2_ws/install/micro_ros_msgs/include/micro_ros_msgs/micro_ros_msgs/msg
[4.636s] -- Up-to-date: /home/botnuc/linorobot2_ws/install/micro_ros_msgs/include/micro_ros_msgs/micro_ros_msgs/msg/detail
[4.636s] -- Up-to-date: /home/botnuc/linorobot2_ws/install/micro_ros_msgs/include/micro_ros_msgs/micro_ros_msgs/msg/detail/graph__type_support.cpp
[4.636s] -- Up-to-date: /home/botnuc/linorobot2_ws/install/micro_ros_msgs/include/micro_ros_msgs/micro_ros_msgs/msg/detail/graph__rosidl_typesupport_introspection_cpp.hpp
[4.636s] -- Up-to-date: /home/botnuc/linorobot2_ws/install/micro_ros_msgs/include/micro_ros_msgs/micro_ros_msgs/msg/detail/entity__rosidl_typesupport_introspection_cpp.hpp
[4.637s] -- Up-to-date: /home/botnuc/linorobot2_ws/install/micro_ros_msgs/include/micro_ros_msgs/micro_ros_msgs/msg/detail/node__rosidl_typesupport_introspection_cpp.hpp
[4.637s] -- Up-to-date: /home/botnuc/linorobot2_ws/install/micro_ros_msgs/include/micro_ros_msgs/micro_ros_msgs/msg/detail/entity__type_support.cpp
[4.637s] -- Up-to-date: /home/botnuc/linorobot2_ws/install/micro_ros_msgs/include/micro_ros_msgs/micro_ros_msgs/msg/detail/node__type_support.cpp
[4.637s] -- Up-to-date: /home/botnuc/linorobot2_ws/install/micro_ros_msgs/lib/libmicro_ros_msgs__rosidl_typesupport_introspection_cpp.so
[4.637s] -- Up-to-date: /home/botnuc/linorobot2_ws/install/micro_ros_msgs/lib/libmicro_ros_msgs__rosidl_typesupport_cpp.so
[4.637s] -- Up-to-date: /home/botnuc/linorobot2_ws/install/micro_ros_msgs/share/micro_ros_msgs/environment/pythonpath.sh
[4.637s] -- Up-to-date: /home/botnuc/linorobot2_ws/install/micro_ros_msgs/share/micro_ros_msgs/environment/pythonpath.dsv
[4.637s] -- Up-to-date: /home/botnuc/linorobot2_ws/install/micro_ros_msgs/local/lib/python3.10/dist-packages/micro_ros_msgs-3.0.1-py3.10.egg-info
[4.637s] -- Installing: /home/botnuc/linorobot2_ws/install/micro_ros_msgs/local/lib/python3.10/dist-packages/micro_ros_msgs-3.0.1-py3.10.egg-info/top_level.txt
[4.637s] -- Installing: /home/botnuc/linorobot2_ws/install/micro_ros_msgs/local/lib/python3.10/dist-packages/micro_ros_msgs-3.0.1-py3.10.egg-info/PKG-INFO
[4.637s] -- Installing: /home/botnuc/linorobot2_ws/install/micro_ros_msgs/local/lib/python3.10/dist-packages/micro_ros_msgs-3.0.1-py3.10.egg-info/SOURCES.txt
[4.638s] -- Installing: /home/botnuc/linorobot2_ws/install/micro_ros_msgs/local/lib/python3.10/dist-packages/micro_ros_msgs-3.0.1-py3.10.egg-info/dependency_links.txt
[4.642s] -- Up-to-date: /home/botnuc/linorobot2_ws/install/micro_ros_msgs/local/lib/python3.10/dist-packages/micro_ros_msgs
[4.642s] -- Up-to-date: /home/botnuc/linorobot2_ws/install/micro_ros_msgs/local/lib/python3.10/dist-packages/micro_ros_msgs/msg
[4.642s] -- Up-to-date: /home/botnuc/linorobot2_ws/install/micro_ros_msgs/local/lib/python3.10/dist-packages/micro_ros_msgs/msg/_entity_s.c
[4.642s] -- Up-to-date: /home/botnuc/linorobot2_ws/install/micro_ros_msgs/local/lib/python3.10/dist-packages/micro_ros_msgs/msg/_graph_s.c
[4.642s] -- Up-to-date: /home/botnuc/linorobot2_ws/install/micro_ros_msgs/local/lib/python3.10/dist-packages/micro_ros_msgs/msg/_node.py
[4.646s] -- Up-to-date: /home/botnuc/linorobot2_ws/install/micro_ros_msgs/local/lib/python3.10/dist-packages/micro_ros_msgs/msg/_node_s.c
[4.646s] -- Up-to-date: /home/botnuc/linorobot2_ws/install/micro_ros_msgs/local/lib/python3.10/dist-packages/micro_ros_msgs/msg/__init__.py
[4.647s] -- Up-to-date: /home/botnuc/linorobot2_ws/install/micro_ros_msgs/local/lib/python3.10/dist-packages/micro_ros_msgs/msg/_graph.py
[4.647s] -- Up-to-date: /home/botnuc/linorobot2_ws/install/micro_ros_msgs/local/lib/python3.10/dist-packages/micro_ros_msgs/msg/_entity.py
[4.647s] -- Up-to-date: /home/botnuc/linorobot2_ws/install/micro_ros_msgs/local/lib/python3.10/dist-packages/micro_ros_msgs/_micro_ros_msgs_s.ep.rosidl_typesupport_fastrtps_c.c
[4.647s] -- Up-to-date: /home/botnuc/linorobot2_ws/install/micro_ros_msgs/local/lib/python3.10/dist-packages/micro_ros_msgs/libmicro_ros_msgs__rosidl_generator_py.so
[4.647s] -- Up-to-date: /home/botnuc/linorobot2_ws/install/micro_ros_msgs/local/lib/python3.10/dist-packages/micro_ros_msgs/_micro_ros_msgs_s.ep.rosidl_typesupport_c.c
[4.649s] -- Up-to-date: /home/botnuc/linorobot2_ws/install/micro_ros_msgs/local/lib/python3.10/dist-packages/micro_ros_msgs/micro_ros_msgs_s__rosidl_typesupport_introspection_c.cpython-310-x86_64-linux-gnu.so
[4.649s] -- Up-to-date: /home/botnuc/linorobot2_ws/install/micro_ros_msgs/local/lib/python3.10/dist-packages/micro_ros_msgs/micro_ros_msgs_s__rosidl_typesupport_c.cpython-310-x86_64-linux-gnu.so
[4.649s] -- Up-to-date: /home/botnuc/linorobot2_ws/install/micro_ros_msgs/local/lib/python3.10/dist-packages/micro_ros_msgs/__init__.py
[4.649s] -- Up-to-date: /home/botnuc/linorobot2_ws/install/micro_ros_msgs/local/lib/python3.10/dist-packages/micro_ros_msgs/_micro_ros_msgs_s.ep.rosidl_typesupport_introspection_c.c
[4.649s] -- Up-to-date: /home/botnuc/linorobot2_ws/install/micro_ros_msgs/local/lib/python3.10/dist-packages/micro_ros_msgs/micro_ros_msgs_s__rosidl_typesupport_fastrtps_c.cpython-310-x86_64-linux-gnu.so
[4.744s] Listing '/home/botnuc/linorobot2_ws/install/micro_ros_msgs/local/lib/python3.10/dist-packages/micro_ros_msgs'...
[4.744s] Listing '/home/botnuc/linorobot2_ws/install/micro_ros_msgs/local/lib/python3.10/dist-packages/micro_ros_msgs/msg'...
[4.755s] -- Up-to-date: /home/botnuc/linorobot2_ws/install/micro_ros_msgs/local/lib/python3.10/dist-packages/micro_ros_msgs/micro_ros_msgs_s__rosidl_typesupport_fastrtps_c.cpython-310-x86_64-linux-gnu.so
[4.756s] -- Up-to-date: /home/botnuc/linorobot2_ws/install/micro_ros_msgs/local/lib/python3.10/dist-packages/micro_ros_msgs/micro_ros_msgs_s__rosidl_typesupport_introspection_c.cpython-310-x86_64-linux-gnu.so
[4.758s] -- Up-to-date: /home/botnuc/linorobot2_ws/install/micro_ros_msgs/local/lib/python3.10/dist-packages/micro_ros_msgs/micro_ros_msgs_s__rosidl_typesupport_c.cpython-310-x86_64-linux-gnu.so
[4.759s] -- Up-to-date: /home/botnuc/linorobot2_ws/install/micro_ros_msgs/lib/libmicro_ros_msgs__rosidl_generator_py.so
[4.760s] -- Up-to-date: /home/botnuc/linorobot2_ws/install/micro_ros_msgs/share/micro_ros_msgs/msg/Graph.idl
[4.761s] -- Up-to-date: /home/botnuc/linorobot2_ws/install/micro_ros_msgs/share/micro_ros_msgs/msg/Node.idl
[4.761s] -- Up-to-date: /home/botnuc/linorobot2_ws/install/micro_ros_msgs/share/micro_ros_msgs/msg/Entity.idl
[4.761s] -- Up-to-date: /home/botnuc/linorobot2_ws/install/micro_ros_msgs/share/micro_ros_msgs/msg/Graph.msg
[4.762s] -- Up-to-date: /home/botnuc/linorobot2_ws/install/micro_ros_msgs/share/micro_ros_msgs/msg/Node.msg
[4.763s] -- Up-to-date: /home/botnuc/linorobot2_ws/install/micro_ros_msgs/share/micro_ros_msgs/msg/Entity.msg
[4.763s] -- Up-to-date: /home/botnuc/linorobot2_ws/install/micro_ros_msgs/share/ament_index/resource_index/package_run_dependencies/micro_ros_msgs
[4.763s] -- Up-to-date: /home/botnuc/linorobot2_ws/install/micro_ros_msgs/share/ament_index/resource_index/parent_prefix_path/micro_ros_msgs
[4.765s] -- Up-to-date: /home/botnuc/linorobot2_ws/install/micro_ros_msgs/share/micro_ros_msgs/environment/ament_prefix_path.sh
[4.765s] -- Up-to-date: /home/botnuc/linorobot2_ws/install/micro_ros_msgs/share/micro_ros_msgs/environment/ament_prefix_path.dsv
[4.765s] -- Up-to-date: /home/botnuc/linorobot2_ws/install/micro_ros_msgs/share/micro_ros_msgs/environment/path.sh
[4.766s] -- Up-to-date: /home/botnuc/linorobot2_ws/install/micro_ros_msgs/share/micro_ros_msgs/environment/path.dsv
[4.767s] -- Up-to-date: /home/botnuc/linorobot2_ws/install/micro_ros_msgs/share/micro_ros_msgs/local_setup.bash
[4.767s] -- Up-to-date: /home/botnuc/linorobot2_ws/install/micro_ros_msgs/share/micro_ros_msgs/local_setup.sh
[4.767s] -- Up-to-date: /home/botnuc/linorobot2_ws/install/micro_ros_msgs/share/micro_ros_msgs/local_setup.zsh
[4.768s] -- Up-to-date: /home/botnuc/linorobot2_ws/install/micro_ros_msgs/share/micro_ros_msgs/local_setup.dsv
[4.769s] -- Installing: /home/botnuc/linorobot2_ws/install/micro_ros_msgs/share/micro_ros_msgs/package.dsv
[4.769s] -- Up-to-date: /home/botnuc/linorobot2_ws/install/micro_ros_msgs/share/ament_index/resource_index/packages/micro_ros_msgs
[4.769s] -- Up-to-date: /home/botnuc/linorobot2_ws/install/micro_ros_msgs/share/micro_ros_msgs/cmake/export_micro_ros_msgs__rosidl_generator_cExport.cmake
[4.769s] -- Up-to-date: /home/botnuc/linorobot2_ws/install/micro_ros_msgs/share/micro_ros_msgs/cmake/export_micro_ros_msgs__rosidl_generator_cExport-noconfig.cmake
[4.769s] -- Up-to-date: /home/botnuc/linorobot2_ws/install/micro_ros_msgs/share/micro_ros_msgs/cmake/export_micro_ros_msgs__rosidl_typesupport_fastrtps_cExport.cmake
[4.770s] -- Up-to-date: /home/botnuc/linorobot2_ws/install/micro_ros_msgs/share/micro_ros_msgs/cmake/export_micro_ros_msgs__rosidl_typesupport_fastrtps_cExport-noconfig.cmake
[4.774s] -- Up-to-date: /home/botnuc/linorobot2_ws/install/micro_ros_msgs/share/micro_ros_msgs/cmake/micro_ros_msgs__rosidl_typesupport_introspection_cExport.cmake
[4.774s] -- Up-to-date: /home/botnuc/linorobot2_ws/install/micro_ros_msgs/share/micro_ros_msgs/cmake/micro_ros_msgs__rosidl_typesupport_introspection_cExport-noconfig.cmake
[4.775s] -- Up-to-date: /home/botnuc/linorobot2_ws/install/micro_ros_msgs/share/micro_ros_msgs/cmake/micro_ros_msgs__rosidl_typesupport_cExport.cmake
[4.775s] -- Up-to-date: /home/botnuc/linorobot2_ws/install/micro_ros_msgs/share/micro_ros_msgs/cmake/micro_ros_msgs__rosidl_typesupport_cExport-noconfig.cmake
[4.776s] -- Up-to-date: /home/botnuc/linorobot2_ws/install/micro_ros_msgs/share/micro_ros_msgs/cmake/export_micro_ros_msgs__rosidl_generator_cppExport.cmake
[4.776s] -- Up-to-date: /home/botnuc/linorobot2_ws/install/micro_ros_msgs/share/micro_ros_msgs/cmake/export_micro_ros_msgs__rosidl_typesupport_fastrtps_cppExport.cmake
[4.776s] -- Up-to-date: /home/botnuc/linorobot2_ws/install/micro_ros_msgs/share/micro_ros_msgs/cmake/export_micro_ros_msgs__rosidl_typesupport_fastrtps_cppExport-noconfig.cmake
[4.778s] -- Up-to-date: /home/botnuc/linorobot2_ws/install/micro_ros_msgs/share/micro_ros_msgs/cmake/micro_ros_msgs__rosidl_typesupport_introspection_cppExport.cmake
[4.778s] -- Up-to-date: /home/botnuc/linorobot2_ws/install/micro_ros_msgs/share/micro_ros_msgs/cmake/micro_ros_msgs__rosidl_typesupport_introspection_cppExport-noconfig.cmake
[4.779s] -- Up-to-date: /home/botnuc/linorobot2_ws/install/micro_ros_msgs/share/micro_ros_msgs/cmake/micro_ros_msgs__rosidl_typesupport_cppExport.cmake
[4.779s] -- Up-to-date: /home/botnuc/linorobot2_ws/install/micro_ros_msgs/share/micro_ros_msgs/cmake/micro_ros_msgs__rosidl_typesupport_cppExport-noconfig.cmake
[4.780s] -- Up-to-date: /home/botnuc/linorobot2_ws/install/micro_ros_msgs/share/micro_ros_msgs/cmake/export_micro_ros_msgs__rosidl_generator_pyExport.cmake
[4.780s] -- Up-to-date: /home/botnuc/linorobot2_ws/install/micro_ros_msgs/share/micro_ros_msgs/cmake/export_micro_ros_msgs__rosidl_generator_pyExport-noconfig.cmake
[4.781s] -- Up-to-date: /home/botnuc/linorobot2_ws/install/micro_ros_msgs/share/micro_ros_msgs/cmake/rosidl_cmake-extras.cmake
[4.781s] -- Up-to-date: /home/botnuc/linorobot2_ws/install/micro_ros_msgs/share/micro_ros_msgs/cmake/ament_cmake_export_include_directories-extras.cmake
[4.781s] -- Up-to-date: /home/botnuc/linorobot2_ws/install/micro_ros_msgs/share/micro_ros_msgs/cmake/ament_cmake_export_libraries-extras.cmake
[4.782s] -- Up-to-date: /home/botnuc/linorobot2_ws/install/micro_ros_msgs/share/micro_ros_msgs/cmake/ament_cmake_export_targets-extras.cmake
[4.783s] -- Up-to-date: /home/botnuc/linorobot2_ws/install/micro_ros_msgs/share/micro_ros_msgs/cmake/rosidl_cmake_export_typesupport_targets-extras.cmake
[4.783s] -- Up-to-date: /home/botnuc/linorobot2_ws/install/micro_ros_msgs/share/micro_ros_msgs/cmake/ament_cmake_export_dependencies-extras.cmake
[4.785s] -- Up-to-date: /home/botnuc/linorobot2_ws/install/micro_ros_msgs/share/micro_ros_msgs/cmake/rosidl_cmake_export_typesupport_libraries-extras.cmake
[4.787s] -- Up-to-date: /home/botnuc/linorobot2_ws/install/micro_ros_msgs/share/micro_ros_msgs/cmake/micro_ros_msgsConfig.cmake
[4.787s] -- Up-to-date: /home/botnuc/linorobot2_ws/install/micro_ros_msgs/share/micro_ros_msgs/cmake/micro_ros_msgsConfig-version.cmake
[4.787s] -- Up-to-date: /home/botnuc/linorobot2_ws/install/micro_ros_msgs/share/micro_ros_msgs/package.xml
[4.791s] Invoked command in '/home/botnuc/linorobot2_ws/build/micro_ros_msgs' returned '0': CMAKE_PREFIX_PATH=${CMAKE_PREFIX_PATH}:/opt/ros/humble /usr/bin/cmake --install /home/botnuc/linorobot2_ws/build/micro_ros_msgs
