[0.027s] Invoking command in '/home/botnuc/linorobot2_ws/build/behavior_tree': CMAKE_PREFIX_PATH=${CMAKE_PREFIX_PATH}:/opt/ros/humble /usr/bin/cmake --build /home/botnuc/linorobot2_ws/build/behavior_tree -- -j4 -l4
[0.076s] -- Found ament_cmake: 1.3.10 (/opt/ros/humble/share/ament_cmake/cmake)
[0.392s] -- Found rclpy: 3.3.14 (/opt/ros/humble/share/rclpy/cmake)
[0.394s] -- Found nav2_msgs: 1.1.16 (/opt/ros/humble/share/nav2_msgs/cmake)
[0.510s] -- Found rosidl_generator_c: 3.1.5 (/opt/ros/humble/share/rosidl_generator_c/cmake)
[0.517s] -- Found rosidl_adapter: 3.1.5 (/opt/ros/humble/share/rosidl_adapter/cmake)
[0.539s] -- Found rosidl_generator_cpp: 3.1.5 (/opt/ros/humble/share/rosidl_generator_cpp/cmake)
[0.564s] -- Using all available rosidl_typesupport_c: rosidl_typesupport_fastrtps_c;rosidl_typesupport_introspection_c
[0.596s] -- Using all available rosidl_typesupport_cpp: rosidl_typesupport_fastrtps_cpp;rosidl_typesupport_introspection_cpp
[0.923s] -- Found std_srvs: 4.2.4 (/opt/ros/humble/share/std_srvs/cmake)
[1.085s] -- Configuring done
[1.104s] -- Generating done
[1.106s] -- Build files have been written to: /home/botnuc/linorobot2_ws/build/behavior_tree
[1.146s] Invoked command in '/home/botnuc/linorobot2_ws/build/behavior_tree' returned '0': CMAKE_PREFIX_PATH=${CMAKE_PREFIX_PATH}:/opt/ros/humble /usr/bin/cmake --build /home/botnuc/linorobot2_ws/build/behavior_tree -- -j4 -l4
[1.185s] Invoking command in '/home/botnuc/linorobot2_ws/build/behavior_tree': CMAKE_PREFIX_PATH=${CMAKE_PREFIX_PATH}:/opt/ros/humble /usr/bin/cmake --install /home/botnuc/linorobot2_ws/build/behavior_tree
[1.206s] -- Install configuration: ""
[1.206s] -- Installing: /home/botnuc/linorobot2_ws/install/behavior_tree/lib/behavior_tree/navigate_to_flag.py
[1.207s] -- Up-to-date: /home/botnuc/linorobot2_ws/install/behavior_tree/lib/behavior_tree/ApproachFlagController.py
[1.207s] -- Up-to-date: /home/botnuc/linorobot2_ws/install/behavior_tree/lib/behavior_tree/General_controller.py
[1.207s] -- Installing: /home/botnuc/linorobot2_ws/install/behavior_tree/lib/behavior_tree/capture_flag_node.py
[1.207s] -- Installing: /home/botnuc/linorobot2_ws/install/behavior_tree/lib/behavior_tree/SearchFlag.py
[1.207s] -- Installing: /home/botnuc/linorobot2_ws/install/behavior_tree/lib/behavior_tree/electromagnet_node.py
[1.207s] -- Up-to-date: /home/botnuc/linorobot2_ws/install/behavior_tree/share/ament_index/resource_index/package_run_dependencies/behavior_tree
[1.207s] -- Up-to-date: /home/botnuc/linorobot2_ws/install/behavior_tree/share/ament_index/resource_index/parent_prefix_path/behavior_tree
[1.207s] -- Up-to-date: /home/botnuc/linorobot2_ws/install/behavior_tree/share/behavior_tree/environment/ament_prefix_path.sh
[1.207s] -- Installing: /home/botnuc/linorobot2_ws/install/behavior_tree/share/behavior_tree/environment/ament_prefix_path.dsv
[1.207s] -- Up-to-date: /home/botnuc/linorobot2_ws/install/behavior_tree/share/behavior_tree/environment/path.sh
[1.208s] -- Installing: /home/botnuc/linorobot2_ws/install/behavior_tree/share/behavior_tree/environment/path.dsv
[1.208s] -- Up-to-date: /home/botnuc/linorobot2_ws/install/behavior_tree/share/behavior_tree/local_setup.bash
[1.208s] -- Up-to-date: /home/botnuc/linorobot2_ws/install/behavior_tree/share/behavior_tree/local_setup.sh
[1.208s] -- Up-to-date: /home/botnuc/linorobot2_ws/install/behavior_tree/share/behavior_tree/local_setup.zsh
[1.208s] -- Installing: /home/botnuc/linorobot2_ws/install/behavior_tree/share/behavior_tree/local_setup.dsv
[1.211s] -- Installing: /home/botnuc/linorobot2_ws/install/behavior_tree/share/behavior_tree/package.dsv
[1.211s] -- Up-to-date: /home/botnuc/linorobot2_ws/install/behavior_tree/share/ament_index/resource_index/packages/behavior_tree
[1.211s] -- Up-to-date: /home/botnuc/linorobot2_ws/install/behavior_tree/share/behavior_tree/cmake/behavior_treeConfig.cmake
[1.211s] -- Up-to-date: /home/botnuc/linorobot2_ws/install/behavior_tree/share/behavior_tree/cmake/behavior_treeConfig-version.cmake
[1.212s] -- Up-to-date: /home/botnuc/linorobot2_ws/install/behavior_tree/share/behavior_tree/package.xml
[1.234s] Invoked command in '/home/botnuc/linorobot2_ws/build/behavior_tree' returned '0': CMAKE_PREFIX_PATH=${CMAKE_PREFIX_PATH}:/opt/ros/humble /usr/bin/cmake --install /home/botnuc/linorobot2_ws/build/behavior_tree
