[0.108s] Invoking command in '/home/botnuc/linorobot2_ws/build/camera_detection': CMAKE_PREFIX_PATH=${CMAKE_PREFIX_PATH}:/opt/ros/humble /usr/bin/cmake --build /home/botnuc/linorobot2_ws/build/camera_detection -- -j4 -l4
[0.379s] Invoked command in '/home/botnuc/linorobot2_ws/build/camera_detection' returned '0': CMAKE_PREFIX_PATH=${CMAKE_PREFIX_PATH}:/opt/ros/humble /usr/bin/cmake --build /home/botnuc/linorobot2_ws/build/camera_detection -- -j4 -l4
[0.555s] Invoking command in '/home/botnuc/linorobot2_ws/build/camera_detection': CMAKE_PREFIX_PATH=${CMAKE_PREFIX_PATH}:/opt/ros/humble /usr/bin/cmake --install /home/botnuc/linorobot2_ws/build/camera_detection
[0.595s] -- Install configuration: ""
[0.595s] -- Up-to-date: /home/botnuc/linorobot2_ws/install/camera_detection/lib/camera_detection/camera_detection_node.py
[0.595s] -- Up-to-date: /home/botnuc/linorobot2_ws/install/camera_detection/lib/camera_detection/flag_position_node.py
[0.595s] -- Up-to-date: /home/botnuc/linorobot2_ws/install/camera_detection/lib/camera_detection/flag_point_node.py
[0.596s] -- Up-to-date: /home/botnuc/linorobot2_ws/install/camera_detection/share/camera_detection/launch
[0.596s] -- Up-to-date: /home/botnuc/linorobot2_ws/install/camera_detection/share/camera_detection/launch/camera_detection_launch.py
[0.596s] -- Up-to-date: /home/botnuc/linorobot2_ws/install/camera_detection/share/camera_detection/models
[0.596s] -- Up-to-date: /home/botnuc/linorobot2_ws/install/camera_detection/share/camera_detection/models/yolov3.weights
[0.596s] -- Up-to-date: /home/botnuc/linorobot2_ws/install/camera_detection/share/camera_detection/models/yolov3.cfg
[0.596s] -- Up-to-date: /home/botnuc/linorobot2_ws/install/camera_detection/share/camera_detection/models/coco.names
[0.596s] -- Up-to-date: /home/botnuc/linorobot2_ws/install/camera_detection/share/camera_detection/models/yolov3-tiny.weights
[0.605s] -- Up-to-date: /home/botnuc/linorobot2_ws/install/camera_detection/share/camera_detection/models/yolov3-tiny.cfg
[0.615s] -- Up-to-date: /home/botnuc/linorobot2_ws/install/camera_detection/share/ament_index/resource_index/package_run_dependencies/camera_detection
[0.615s] -- Up-to-date: /home/botnuc/linorobot2_ws/install/camera_detection/share/ament_index/resource_index/parent_prefix_path/camera_detection
[0.615s] -- Up-to-date: /home/botnuc/linorobot2_ws/install/camera_detection/share/camera_detection/environment/ament_prefix_path.sh
[0.616s] -- Up-to-date: /home/botnuc/linorobot2_ws/install/camera_detection/share/camera_detection/environment/ament_prefix_path.dsv
[0.616s] -- Up-to-date: /home/botnuc/linorobot2_ws/install/camera_detection/share/camera_detection/environment/path.sh
[0.616s] -- Up-to-date: /home/botnuc/linorobot2_ws/install/camera_detection/share/camera_detection/environment/path.dsv
[0.620s] -- Up-to-date: /home/botnuc/linorobot2_ws/install/camera_detection/share/camera_detection/local_setup.bash
[0.620s] -- Up-to-date: /home/botnuc/linorobot2_ws/install/camera_detection/share/camera_detection/local_setup.sh
[0.620s] -- Up-to-date: /home/botnuc/linorobot2_ws/install/camera_detection/share/camera_detection/local_setup.zsh
[0.620s] -- Up-to-date: /home/botnuc/linorobot2_ws/install/camera_detection/share/camera_detection/local_setup.dsv
[0.621s] -- Installing: /home/botnuc/linorobot2_ws/install/camera_detection/share/camera_detection/package.dsv
[0.621s] -- Up-to-date: /home/botnuc/linorobot2_ws/install/camera_detection/share/ament_index/resource_index/packages/camera_detection
[0.631s] -- Up-to-date: /home/botnuc/linorobot2_ws/install/camera_detection/share/camera_detection/cmake/camera_detectionConfig.cmake
[0.632s] -- Up-to-date: /home/botnuc/linorobot2_ws/install/camera_detection/share/camera_detection/cmake/camera_detectionConfig-version.cmake
[0.632s] -- Up-to-date: /home/botnuc/linorobot2_ws/install/camera_detection/share/camera_detection/package.xml
[0.720s] Invoked command in '/home/botnuc/linorobot2_ws/build/camera_detection' returned '0': CMAKE_PREFIX_PATH=${CMAKE_PREFIX_PATH}:/opt/ros/humble /usr/bin/cmake --install /home/botnuc/linorobot2_ws/build/camera_detection
