[0.099s] Invoking command in '/home/botnuc/linorobot2_ws/build/linorobot2_description': CMAKE_PREFIX_PATH=${CMAKE_PREFIX_PATH}:/opt/ros/humble /usr/bin/cmake --build /home/botnuc/linorobot2_ws/build/linorobot2_description -- -j4 -l4
[0.687s] Invoked command in '/home/botnuc/linorobot2_ws/build/linorobot2_description' returned '0': CMAKE_PREFIX_PATH=${CMAKE_PREFIX_PATH}:/opt/ros/humble /usr/bin/cmake --build /home/botnuc/linorobot2_ws/build/linorobot2_description -- -j4 -l4
[0.957s] Invoking command in '/home/botnuc/linorobot2_ws/build/linorobot2_description': CMAKE_PREFIX_PATH=${CMAKE_PREFIX_PATH}:/opt/ros/humble /usr/bin/cmake --install /home/botnuc/linorobot2_ws/build/linorobot2_description
[1.027s] -- Install configuration: ""
[1.027s] -- Up-to-date: /home/botnuc/linorobot2_ws/install/linorobot2_description/share/linorobot2_description/launch
[1.027s] -- Up-to-date: /home/botnuc/linorobot2_ws/install/linorobot2_description/share/linorobot2_description/launch/description.launch.py
[1.027s] -- Up-to-date: /home/botnuc/linorobot2_ws/install/linorobot2_description/share/linorobot2_description/urdf
[1.027s] -- Up-to-date: /home/botnuc/linorobot2_ws/install/linorobot2_description/share/linorobot2_description/urdf/sensors
[1.030s] -- Up-to-date: /home/botnuc/linorobot2_ws/install/linorobot2_description/share/linorobot2_description/urdf/sensors/laser.urdf.xacro
[1.030s] -- Up-to-date: /home/botnuc/linorobot2_ws/install/linorobot2_description/share/linorobot2_description/urdf/sensors/imu.urdf.xacro
[1.031s] -- Up-to-date: /home/botnuc/linorobot2_ws/install/linorobot2_description/share/linorobot2_description/urdf/sensors/depth_sensor.urdf.xacro
[1.031s] -- Up-to-date: /home/botnuc/linorobot2_ws/install/linorobot2_description/share/linorobot2_description/urdf/sensors/generic_laser.urdf.xacro
[1.031s] -- Up-to-date: /home/botnuc/linorobot2_ws/install/linorobot2_description/share/linorobot2_description/urdf/4wd_properties.urdf.xacro
[1.031s] -- Up-to-date: /home/botnuc/linorobot2_ws/install/linorobot2_description/share/linorobot2_description/urdf/mech
[1.031s] -- Up-to-date: /home/botnuc/linorobot2_ws/install/linorobot2_description/share/linorobot2_description/urdf/mech/mecanum_wheel.urdf.xacro
[1.031s] -- Up-to-date: /home/botnuc/linorobot2_ws/install/linorobot2_description/share/linorobot2_description/urdf/mech/base.urdf.xacro
[1.031s] -- Up-to-date: /home/botnuc/linorobot2_ws/install/linorobot2_description/share/linorobot2_description/urdf/mech/caster_wheel.urdf.xacro
[1.031s] -- Up-to-date: /home/botnuc/linorobot2_ws/install/linorobot2_description/share/linorobot2_description/urdf/mech/wheel.urdf.xacro
[1.031s] -- Up-to-date: /home/botnuc/linorobot2_ws/install/linorobot2_description/share/linorobot2_description/urdf/controllers
[1.031s] -- Up-to-date: /home/botnuc/linorobot2_ws/install/linorobot2_description/share/linorobot2_description/urdf/controllers/omni_drive.urdf.xacro
[1.031s] -- Up-to-date: /home/botnuc/linorobot2_ws/install/linorobot2_description/share/linorobot2_description/urdf/controllers/skid_steer.urdf.xacro
[1.032s] -- Up-to-date: /home/botnuc/linorobot2_ws/install/linorobot2_description/share/linorobot2_description/urdf/controllers/diff_drive.urdf.xacro
[1.032s] -- Up-to-date: /home/botnuc/linorobot2_ws/install/linorobot2_description/share/linorobot2_description/urdf/mecanum_properties.urdf.xacro
[1.032s] -- Up-to-date: /home/botnuc/linorobot2_ws/install/linorobot2_description/share/linorobot2_description/urdf/2wd_properties.urdf.xacro
[1.032s] -- Up-to-date: /home/botnuc/linorobot2_ws/install/linorobot2_description/share/linorobot2_description/urdf/robots
[1.032s] -- Up-to-date: /home/botnuc/linorobot2_ws/install/linorobot2_description/share/linorobot2_description/urdf/robots/vattenkar.urdf.xacro
[1.032s] -- Up-to-date: /home/botnuc/linorobot2_ws/install/linorobot2_description/share/linorobot2_description/urdf/robots/mecanum.urdf.xacro
[1.057s] -- Up-to-date: /home/botnuc/linorobot2_ws/install/linorobot2_description/share/linorobot2_description/urdf/robots/2wd.urdf.xacro
[1.057s] -- Up-to-date: /home/botnuc/linorobot2_ws/install/linorobot2_description/share/linorobot2_description/urdf/robots/turtlebot.urdf.xacro
[1.057s] -- Up-to-date: /home/botnuc/linorobot2_ws/install/linorobot2_description/share/linorobot2_description/urdf/robots/4wd.urdf.xacro
[1.057s] -- Up-to-date: /home/botnuc/linorobot2_ws/install/linorobot2_description/share/linorobot2_description/rviz
[1.057s] -- Up-to-date: /home/botnuc/linorobot2_ws/install/linorobot2_description/share/linorobot2_description/rviz/description.rviz
[1.057s] -- Up-to-date: /home/botnuc/linorobot2_ws/install/linorobot2_description/share/ament_index/resource_index/package_run_dependencies/linorobot2_description
[1.058s] -- Up-to-date: /home/botnuc/linorobot2_ws/install/linorobot2_description/share/ament_index/resource_index/parent_prefix_path/linorobot2_description
[1.058s] -- Up-to-date: /home/botnuc/linorobot2_ws/install/linorobot2_description/share/linorobot2_description/environment/ament_prefix_path.sh
[1.058s] -- Up-to-date: /home/botnuc/linorobot2_ws/install/linorobot2_description/share/linorobot2_description/environment/ament_prefix_path.dsv
[1.058s] -- Up-to-date: /home/botnuc/linorobot2_ws/install/linorobot2_description/share/linorobot2_description/environment/path.sh
[1.058s] -- Up-to-date: /home/botnuc/linorobot2_ws/install/linorobot2_description/share/linorobot2_description/environment/path.dsv
[1.058s] -- Up-to-date: /home/botnuc/linorobot2_ws/install/linorobot2_description/share/linorobot2_description/local_setup.bash
[1.058s] -- Up-to-date: /home/botnuc/linorobot2_ws/install/linorobot2_description/share/linorobot2_description/local_setup.sh
[1.059s] -- Up-to-date: /home/botnuc/linorobot2_ws/install/linorobot2_description/share/linorobot2_description/local_setup.zsh
[1.059s] -- Up-to-date: /home/botnuc/linorobot2_ws/install/linorobot2_description/share/linorobot2_description/local_setup.dsv
[1.059s] -- Installing: /home/botnuc/linorobot2_ws/install/linorobot2_description/share/linorobot2_description/package.dsv
[1.059s] -- Up-to-date: /home/botnuc/linorobot2_ws/install/linorobot2_description/share/ament_index/resource_index/packages/linorobot2_description
[1.059s] -- Up-to-date: /home/botnuc/linorobot2_ws/install/linorobot2_description/share/linorobot2_description/cmake/linorobot2_descriptionConfig.cmake
[1.059s] -- Up-to-date: /home/botnuc/linorobot2_ws/install/linorobot2_description/share/linorobot2_description/cmake/linorobot2_descriptionConfig-version.cmake
[1.059s] -- Up-to-date: /home/botnuc/linorobot2_ws/install/linorobot2_description/share/linorobot2_description/package.xml
[1.076s] Invoked command in '/home/botnuc/linorobot2_ws/build/linorobot2_description' returned '0': CMAKE_PREFIX_PATH=${CMAKE_PREFIX_PATH}:/opt/ros/humble /usr/bin/cmake --install /home/botnuc/linorobot2_ws/build/linorobot2_description
