[0.068s] Invoking command in '/home/botnuc/linorobot2_ws/build/micro_ros_msgs': CMAKE_PREFIX_PATH=${CMAKE_PREFIX_PATH}:/opt/ros/humble /usr/bin/cmake --build /home/botnuc/linorobot2_ws/build/micro_ros_msgs -- -j4 -l4
[0.194s] [  2%] Built target micro_ros_msgs__cpp
[0.232s] [  2%] Built target ament_cmake_python_copy_micro_ros_msgs
[0.271s] [ 12%] Built target micro_ros_msgs__rosidl_typesupport_fastrtps_cpp
[0.347s] [ 23%] Built target micro_ros_msgs__rosidl_typesupport_introspection_cpp
[0.978s] running egg_info
[0.979s] writing micro_ros_msgs.egg-info/PKG-INFO
[0.979s] writing dependency_links to micro_ros_msgs.egg-info/dependency_links.txt
[0.979s] writing top-level names to micro_ros_msgs.egg-info/top_level.txt
[1.054s] listing git files failed - pretending there aren't any
[1.323s] reading manifest file 'micro_ros_msgs.egg-info/SOURCES.txt'
[1.323s] writing manifest file 'micro_ros_msgs.egg-info/SOURCES.txt'
[1.437s] [ 23%] Built target ament_cmake_python_build_micro_ros_msgs_egg
[1.542s] [ 34%] Built target micro_ros_msgs__rosidl_typesupport_cpp
[1.658s] [ 44%] Built target micro_ros_msgs__rosidl_generator_c
[1.823s] [ 55%] Built target micro_ros_msgs__rosidl_typesupport_fastrtps_c
[1.965s] [ 65%] Built target micro_ros_msgs__rosidl_typesupport_c
[2.131s] [ 76%] Built target micro_ros_msgs__rosidl_typesupport_introspection_c
[2.176s] [ 76%] Built target micro_ros_msgs
[2.289s] [ 78%] Built target micro_ros_msgs__py
[2.426s] [ 87%] Built target micro_ros_msgs__rosidl_generator_py
[2.551s] [ 91%] Built target micro_ros_msgs__rosidl_typesupport_fastrtps_c__pyext
[2.690s] [ 95%] Built target micro_ros_msgs__rosidl_typesupport_c__pyext
[2.769s] [100%] Built target micro_ros_msgs__rosidl_typesupport_introspection_c__pyext
[2.834s] Invoked command in '/home/botnuc/linorobot2_ws/build/micro_ros_msgs' returned '0': CMAKE_PREFIX_PATH=${CMAKE_PREFIX_PATH}:/opt/ros/humble /usr/bin/cmake --build /home/botnuc/linorobot2_ws/build/micro_ros_msgs -- -j4 -l4
[3.332s] Invoking command in '/home/botnuc/linorobot2_ws/build/micro_ros_msgs': CMAKE_PREFIX_PATH=${CMAKE_PREFIX_PATH}:/opt/ros/humble /usr/bin/cmake --install /home/botnuc/linorobot2_ws/build/micro_ros_msgs
[3.368s] -- Install configuration: ""
[3.369s] -- Up-to-date: /home/botnuc/linorobot2_ws/install/micro_ros_msgs/share/ament_index/resource_index/rosidl_interfaces/micro_ros_msgs
[3.369s] -- Up-to-date: /home/botnuc/linorobot2_ws/install/micro_ros_msgs/include/micro_ros_msgs/micro_ros_msgs
[3.386s] -- Up-to-date: /home/botnuc/linorobot2_ws/install/micro_ros_msgs/include/micro_ros_msgs/micro_ros_msgs/msg
[3.386s] -- Up-to-date: /home/botnuc/linorobot2_ws/install/micro_ros_msgs/include/micro_ros_msgs/micro_ros_msgs/msg/detail
[3.386s] -- Up-to-date: /home/botnuc/linorobot2_ws/install/micro_ros_msgs/include/micro_ros_msgs/micro_ros_msgs/msg/detail/graph__functions.h
[3.386s] -- Up-to-date: /home/botnuc/linorobot2_ws/install/micro_ros_msgs/include/micro_ros_msgs/micro_ros_msgs/msg/detail/entity__functions.c
[3.387s] -- Up-to-date: /home/botnuc/linorobot2_ws/install/micro_ros_msgs/include/micro_ros_msgs/micro_ros_msgs/msg/detail/entity__type_support.h
[3.387s] -- Up-to-date: /home/botnuc/linorobot2_ws/install/micro_ros_msgs/include/micro_ros_msgs/micro_ros_msgs/msg/detail/node__functions.c
[3.387s] -- Up-to-date: /home/botnuc/linorobot2_ws/install/micro_ros_msgs/include/micro_ros_msgs/micro_ros_msgs/msg/detail/graph__type_support.h
[3.387s] -- Up-to-date: /home/botnuc/linorobot2_ws/install/micro_ros_msgs/include/micro_ros_msgs/micro_ros_msgs/msg/detail/node__functions.h
[3.387s] -- Up-to-date: /home/botnuc/linorobot2_ws/install/micro_ros_msgs/include/micro_ros_msgs/micro_ros_msgs/msg/detail/node__struct.h
[3.387s] -- Up-to-date: /home/botnuc/linorobot2_ws/install/micro_ros_msgs/include/micro_ros_msgs/micro_ros_msgs/msg/detail/entity__functions.h
[3.387s] -- Up-to-date: /home/botnuc/linorobot2_ws/install/micro_ros_msgs/include/micro_ros_msgs/micro_ros_msgs/msg/detail/graph__functions.c
[3.387s] -- Up-to-date: /home/botnuc/linorobot2_ws/install/micro_ros_msgs/include/micro_ros_msgs/micro_ros_msgs/msg/detail/node__type_support.h
[3.388s] -- Up-to-date: /home/botnuc/linorobot2_ws/install/micro_ros_msgs/include/micro_ros_msgs/micro_ros_msgs/msg/detail/entity__struct.h
[3.388s] -- Up-to-date: /home/botnuc/linorobot2_ws/install/micro_ros_msgs/include/micro_ros_msgs/micro_ros_msgs/msg/detail/graph__struct.h
[3.388s] -- Up-to-date: /home/botnuc/linorobot2_ws/install/micro_ros_msgs/include/micro_ros_msgs/micro_ros_msgs/msg/graph.h
[3.388s] -- Up-to-date: /home/botnuc/linorobot2_ws/install/micro_ros_msgs/include/micro_ros_msgs/micro_ros_msgs/msg/node.h
[3.388s] -- Up-to-date: /home/botnuc/linorobot2_ws/install/micro_ros_msgs/include/micro_ros_msgs/micro_ros_msgs/msg/entity.h
[3.403s] -- Up-to-date: /home/botnuc/linorobot2_ws/install/micro_ros_msgs/include/micro_ros_msgs/micro_ros_msgs/msg/rosidl_generator_c__visibility_control.h
[3.404s] -- Up-to-date: /home/botnuc/linorobot2_ws/install/micro_ros_msgs/share/micro_ros_msgs/environment/library_path.sh
[3.404s] -- Up-to-date: /home/botnuc/linorobot2_ws/install/micro_ros_msgs/share/micro_ros_msgs/environment/library_path.dsv
[3.404s] -- Up-to-date: /home/botnuc/linorobot2_ws/install/micro_ros_msgs/lib/libmicro_ros_msgs__rosidl_generator_c.so
[3.404s] -- Up-to-date: /home/botnuc/linorobot2_ws/install/micro_ros_msgs/include/micro_ros_msgs/micro_ros_msgs
[3.404s] -- Up-to-date: /home/botnuc/linorobot2_ws/install/micro_ros_msgs/include/micro_ros_msgs/micro_ros_msgs/msg
[3.404s] -- Up-to-date: /home/botnuc/linorobot2_ws/install/micro_ros_msgs/include/micro_ros_msgs/micro_ros_msgs/msg/detail
[3.404s] -- Up-to-date: /home/botnuc/linorobot2_ws/install/micro_ros_msgs/include/micro_ros_msgs/micro_ros_msgs/msg/detail/graph__rosidl_typesupport_fastrtps_c.h
[3.404s] -- Up-to-date: /home/botnuc/linorobot2_ws/install/micro_ros_msgs/include/micro_ros_msgs/micro_ros_msgs/msg/detail/entity__rosidl_typesupport_fastrtps_c.h
[3.404s] -- Up-to-date: /home/botnuc/linorobot2_ws/install/micro_ros_msgs/include/micro_ros_msgs/micro_ros_msgs/msg/detail/node__rosidl_typesupport_fastrtps_c.h
[3.405s] -- Up-to-date: /home/botnuc/linorobot2_ws/install/micro_ros_msgs/include/micro_ros_msgs/micro_ros_msgs/msg/rosidl_typesupport_fastrtps_c__visibility_control.h
[3.405s] -- Up-to-date: /home/botnuc/linorobot2_ws/install/micro_ros_msgs/lib/libmicro_ros_msgs__rosidl_typesupport_fastrtps_c.so
[3.405s] -- Up-to-date: /home/botnuc/linorobot2_ws/install/micro_ros_msgs/include/micro_ros_msgs/micro_ros_msgs
[3.405s] -- Up-to-date: /home/botnuc/linorobot2_ws/install/micro_ros_msgs/include/micro_ros_msgs/micro_ros_msgs/msg
[3.405s] -- Up-to-date: /home/botnuc/linorobot2_ws/install/micro_ros_msgs/include/micro_ros_msgs/micro_ros_msgs/msg/detail
[3.405s] -- Up-to-date: /home/botnuc/linorobot2_ws/install/micro_ros_msgs/include/micro_ros_msgs/micro_ros_msgs/msg/detail/node__type_support.c
[3.410s] -- Up-to-date: /home/botnuc/linorobot2_ws/install/micro_ros_msgs/include/micro_ros_msgs/micro_ros_msgs/msg/detail/entity__type_support.c
[3.410s] -- Up-to-date: /home/botnuc/linorobot2_ws/install/micro_ros_msgs/include/micro_ros_msgs/micro_ros_msgs/msg/detail/entity__rosidl_typesupport_introspection_c.h
[3.410s] -- Up-to-date: /home/botnuc/linorobot2_ws/install/micro_ros_msgs/include/micro_ros_msgs/micro_ros_msgs/msg/detail/graph__rosidl_typesupport_introspection_c.h
[3.410s] -- Up-to-date: /home/botnuc/linorobot2_ws/install/micro_ros_msgs/include/micro_ros_msgs/micro_ros_msgs/msg/detail/graph__type_support.c
[3.410s] -- Up-to-date: /home/botnuc/linorobot2_ws/install/micro_ros_msgs/include/micro_ros_msgs/micro_ros_msgs/msg/detail/node__rosidl_typesupport_introspection_c.h
[3.411s] -- Up-to-date: /home/botnuc/linorobot2_ws/install/micro_ros_msgs/include/micro_ros_msgs/micro_ros_msgs/msg/rosidl_typesupport_introspection_c__visibility_control.h
[3.411s] -- Up-to-date: /home/botnuc/linorobot2_ws/install/micro_ros_msgs/lib/libmicro_ros_msgs__rosidl_typesupport_introspection_c.so
[3.411s] -- Up-to-date: /home/botnuc/linorobot2_ws/install/micro_ros_msgs/lib/libmicro_ros_msgs__rosidl_typesupport_c.so
[3.415s] -- Up-to-date: /home/botnuc/linorobot2_ws/install/micro_ros_msgs/include/micro_ros_msgs/micro_ros_msgs
[3.415s] -- Up-to-date: /home/botnuc/linorobot2_ws/install/micro_ros_msgs/include/micro_ros_msgs/micro_ros_msgs/msg
[3.422s] -- Up-to-date: /home/botnuc/linorobot2_ws/install/micro_ros_msgs/include/micro_ros_msgs/micro_ros_msgs/msg/detail
[3.422s] -- Up-to-date: /home/botnuc/linorobot2_ws/install/micro_ros_msgs/include/micro_ros_msgs/micro_ros_msgs/msg/detail/node__traits.hpp
[3.422s] -- Up-to-date: /home/botnuc/linorobot2_ws/install/micro_ros_msgs/include/micro_ros_msgs/micro_ros_msgs/msg/detail/node__struct.hpp
[3.422s] -- Up-to-date: /home/botnuc/linorobot2_ws/install/micro_ros_msgs/include/micro_ros_msgs/micro_ros_msgs/msg/detail/node__builder.hpp
[3.422s] -- Up-to-date: /home/botnuc/linorobot2_ws/install/micro_ros_msgs/include/micro_ros_msgs/micro_ros_msgs/msg/detail/entity__struct.hpp
[3.422s] -- Up-to-date: /home/botnuc/linorobot2_ws/install/micro_ros_msgs/include/micro_ros_msgs/micro_ros_msgs/msg/detail/graph__traits.hpp
[3.422s] -- Up-to-date: /home/botnuc/linorobot2_ws/install/micro_ros_msgs/include/micro_ros_msgs/micro_ros_msgs/msg/detail/entity__traits.hpp
[3.424s] -- Up-to-date: /home/botnuc/linorobot2_ws/install/micro_ros_msgs/include/micro_ros_msgs/micro_ros_msgs/msg/detail/graph__struct.hpp
[3.425s] -- Up-to-date: /home/botnuc/linorobot2_ws/install/micro_ros_msgs/include/micro_ros_msgs/micro_ros_msgs/msg/detail/entity__builder.hpp
[3.425s] -- Up-to-date: /home/botnuc/linorobot2_ws/install/micro_ros_msgs/include/micro_ros_msgs/micro_ros_msgs/msg/detail/graph__builder.hpp
[3.425s] -- Up-to-date: /home/botnuc/linorobot2_ws/install/micro_ros_msgs/include/micro_ros_msgs/micro_ros_msgs/msg/entity.hpp
[3.425s] -- Up-to-date: /home/botnuc/linorobot2_ws/install/micro_ros_msgs/include/micro_ros_msgs/micro_ros_msgs/msg/graph.hpp
[3.425s] -- Up-to-date: /home/botnuc/linorobot2_ws/install/micro_ros_msgs/include/micro_ros_msgs/micro_ros_msgs/msg/node.hpp
[3.429s] -- Up-to-date: /home/botnuc/linorobot2_ws/install/micro_ros_msgs/include/micro_ros_msgs/micro_ros_msgs
[3.429s] -- Up-to-date: /home/botnuc/linorobot2_ws/install/micro_ros_msgs/include/micro_ros_msgs/micro_ros_msgs/msg
[3.430s] -- Up-to-date: /home/botnuc/linorobot2_ws/install/micro_ros_msgs/include/micro_ros_msgs/micro_ros_msgs/msg/detail
[3.430s] -- Up-to-date: /home/botnuc/linorobot2_ws/install/micro_ros_msgs/include/micro_ros_msgs/micro_ros_msgs/msg/detail/entity__rosidl_typesupport_fastrtps_cpp.hpp
[3.430s] -- Up-to-date: /home/botnuc/linorobot2_ws/install/micro_ros_msgs/include/micro_ros_msgs/micro_ros_msgs/msg/detail/dds_fastrtps
[3.430s] -- Up-to-date: /home/botnuc/linorobot2_ws/install/micro_ros_msgs/include/micro_ros_msgs/micro_ros_msgs/msg/detail/node__rosidl_typesupport_fastrtps_cpp.hpp
[3.430s] -- Up-to-date: /home/botnuc/linorobot2_ws/install/micro_ros_msgs/include/micro_ros_msgs/micro_ros_msgs/msg/detail/graph__rosidl_typesupport_fastrtps_cpp.hpp
[3.433s] -- Up-to-date: /home/botnuc/linorobot2_ws/install/micro_ros_msgs/include/micro_ros_msgs/micro_ros_msgs/msg/rosidl_typesupport_fastrtps_cpp__visibility_control.h
[3.434s] -- Up-to-date: /home/botnuc/linorobot2_ws/install/micro_ros_msgs/lib/libmicro_ros_msgs__rosidl_typesupport_fastrtps_cpp.so
[3.434s] -- Up-to-date: /home/botnuc/linorobot2_ws/install/micro_ros_msgs/include/micro_ros_msgs/micro_ros_msgs
[3.434s] -- Up-to-date: /home/botnuc/linorobot2_ws/install/micro_ros_msgs/include/micro_ros_msgs/micro_ros_msgs/msg
[3.434s] -- Up-to-date: /home/botnuc/linorobot2_ws/install/micro_ros_msgs/include/micro_ros_msgs/micro_ros_msgs/msg/detail
[3.434s] -- Up-to-date: /home/botnuc/linorobot2_ws/install/micro_ros_msgs/include/micro_ros_msgs/micro_ros_msgs/msg/detail/graph__type_support.cpp
[3.434s] -- Up-to-date: /home/botnuc/linorobot2_ws/install/micro_ros_msgs/include/micro_ros_msgs/micro_ros_msgs/msg/detail/graph__rosidl_typesupport_introspection_cpp.hpp
[3.434s] -- Up-to-date: /home/botnuc/linorobot2_ws/install/micro_ros_msgs/include/micro_ros_msgs/micro_ros_msgs/msg/detail/entity__rosidl_typesupport_introspection_cpp.hpp
[3.434s] -- Up-to-date: /home/botnuc/linorobot2_ws/install/micro_ros_msgs/include/micro_ros_msgs/micro_ros_msgs/msg/detail/node__rosidl_typesupport_introspection_cpp.hpp
[3.435s] -- Up-to-date: /home/botnuc/linorobot2_ws/install/micro_ros_msgs/include/micro_ros_msgs/micro_ros_msgs/msg/detail/entity__type_support.cpp
[3.435s] -- Up-to-date: /home/botnuc/linorobot2_ws/install/micro_ros_msgs/include/micro_ros_msgs/micro_ros_msgs/msg/detail/node__type_support.cpp
[3.435s] -- Up-to-date: /home/botnuc/linorobot2_ws/install/micro_ros_msgs/lib/libmicro_ros_msgs__rosidl_typesupport_introspection_cpp.so
[3.435s] -- Up-to-date: /home/botnuc/linorobot2_ws/install/micro_ros_msgs/lib/libmicro_ros_msgs__rosidl_typesupport_cpp.so
[3.435s] -- Up-to-date: /home/botnuc/linorobot2_ws/install/micro_ros_msgs/share/micro_ros_msgs/environment/pythonpath.sh
[3.435s] -- Up-to-date: /home/botnuc/linorobot2_ws/install/micro_ros_msgs/share/micro_ros_msgs/environment/pythonpath.dsv
[3.440s] -- Up-to-date: /home/botnuc/linorobot2_ws/install/micro_ros_msgs/local/lib/python3.10/dist-packages/micro_ros_msgs-3.0.1-py3.10.egg-info
[3.440s] -- Installing: /home/botnuc/linorobot2_ws/install/micro_ros_msgs/local/lib/python3.10/dist-packages/micro_ros_msgs-3.0.1-py3.10.egg-info/top_level.txt
[3.440s] -- Installing: /home/botnuc/linorobot2_ws/install/micro_ros_msgs/local/lib/python3.10/dist-packages/micro_ros_msgs-3.0.1-py3.10.egg-info/PKG-INFO
[3.441s] -- Installing: /home/botnuc/linorobot2_ws/install/micro_ros_msgs/local/lib/python3.10/dist-packages/micro_ros_msgs-3.0.1-py3.10.egg-info/SOURCES.txt
[3.441s] -- Installing: /home/botnuc/linorobot2_ws/install/micro_ros_msgs/local/lib/python3.10/dist-packages/micro_ros_msgs-3.0.1-py3.10.egg-info/dependency_links.txt
[3.441s] -- Up-to-date: /home/botnuc/linorobot2_ws/install/micro_ros_msgs/local/lib/python3.10/dist-packages/micro_ros_msgs
[3.441s] -- Up-to-date: /home/botnuc/linorobot2_ws/install/micro_ros_msgs/local/lib/python3.10/dist-packages/micro_ros_msgs/msg
[3.441s] -- Up-to-date: /home/botnuc/linorobot2_ws/install/micro_ros_msgs/local/lib/python3.10/dist-packages/micro_ros_msgs/msg/_entity_s.c
[3.450s] -- Up-to-date: /home/botnuc/linorobot2_ws/install/micro_ros_msgs/local/lib/python3.10/dist-packages/micro_ros_msgs/msg/_graph_s.c
[3.451s] -- Up-to-date: /home/botnuc/linorobot2_ws/install/micro_ros_msgs/local/lib/python3.10/dist-packages/micro_ros_msgs/msg/_node.py
[3.451s] -- Up-to-date: /home/botnuc/linorobot2_ws/install/micro_ros_msgs/local/lib/python3.10/dist-packages/micro_ros_msgs/msg/_node_s.c
[3.453s] -- Up-to-date: /home/botnuc/linorobot2_ws/install/micro_ros_msgs/local/lib/python3.10/dist-packages/micro_ros_msgs/msg/__init__.py
[3.453s] -- Up-to-date: /home/botnuc/linorobot2_ws/install/micro_ros_msgs/local/lib/python3.10/dist-packages/micro_ros_msgs/msg/_graph.py
[3.453s] -- Up-to-date: /home/botnuc/linorobot2_ws/install/micro_ros_msgs/local/lib/python3.10/dist-packages/micro_ros_msgs/msg/_entity.py
[3.453s] -- Up-to-date: /home/botnuc/linorobot2_ws/install/micro_ros_msgs/local/lib/python3.10/dist-packages/micro_ros_msgs/_micro_ros_msgs_s.ep.rosidl_typesupport_fastrtps_c.c
[3.453s] -- Up-to-date: /home/botnuc/linorobot2_ws/install/micro_ros_msgs/local/lib/python3.10/dist-packages/micro_ros_msgs/libmicro_ros_msgs__rosidl_generator_py.so
[3.453s] -- Up-to-date: /home/botnuc/linorobot2_ws/install/micro_ros_msgs/local/lib/python3.10/dist-packages/micro_ros_msgs/_micro_ros_msgs_s.ep.rosidl_typesupport_c.c
[3.453s] -- Up-to-date: /home/botnuc/linorobot2_ws/install/micro_ros_msgs/local/lib/python3.10/dist-packages/micro_ros_msgs/micro_ros_msgs_s__rosidl_typesupport_introspection_c.cpython-310-x86_64-linux-gnu.so
[3.460s] -- Up-to-date: /home/botnuc/linorobot2_ws/install/micro_ros_msgs/local/lib/python3.10/dist-packages/micro_ros_msgs/micro_ros_msgs_s__rosidl_typesupport_c.cpython-310-x86_64-linux-gnu.so
[3.460s] -- Up-to-date: /home/botnuc/linorobot2_ws/install/micro_ros_msgs/local/lib/python3.10/dist-packages/micro_ros_msgs/__init__.py
[3.460s] -- Up-to-date: /home/botnuc/linorobot2_ws/install/micro_ros_msgs/local/lib/python3.10/dist-packages/micro_ros_msgs/_micro_ros_msgs_s.ep.rosidl_typesupport_introspection_c.c
[3.461s] -- Up-to-date: /home/botnuc/linorobot2_ws/install/micro_ros_msgs/local/lib/python3.10/dist-packages/micro_ros_msgs/micro_ros_msgs_s__rosidl_typesupport_fastrtps_c.cpython-310-x86_64-linux-gnu.so
[3.465s] Listing '/home/botnuc/linorobot2_ws/install/micro_ros_msgs/local/lib/python3.10/dist-packages/micro_ros_msgs'...
[3.465s] Listing '/home/botnuc/linorobot2_ws/install/micro_ros_msgs/local/lib/python3.10/dist-packages/micro_ros_msgs/msg'...
[3.465s] -- Up-to-date: /home/botnuc/linorobot2_ws/install/micro_ros_msgs/local/lib/python3.10/dist-packages/micro_ros_msgs/micro_ros_msgs_s__rosidl_typesupport_fastrtps_c.cpython-310-x86_64-linux-gnu.so
[3.465s] -- Up-to-date: /home/botnuc/linorobot2_ws/install/micro_ros_msgs/local/lib/python3.10/dist-packages/micro_ros_msgs/micro_ros_msgs_s__rosidl_typesupport_introspection_c.cpython-310-x86_64-linux-gnu.so
[3.466s] -- Up-to-date: /home/botnuc/linorobot2_ws/install/micro_ros_msgs/local/lib/python3.10/dist-packages/micro_ros_msgs/micro_ros_msgs_s__rosidl_typesupport_c.cpython-310-x86_64-linux-gnu.so
[3.466s] -- Up-to-date: /home/botnuc/linorobot2_ws/install/micro_ros_msgs/lib/libmicro_ros_msgs__rosidl_generator_py.so
[3.468s] -- Up-to-date: /home/botnuc/linorobot2_ws/install/micro_ros_msgs/share/micro_ros_msgs/msg/Graph.idl
[3.468s] -- Up-to-date: /home/botnuc/linorobot2_ws/install/micro_ros_msgs/share/micro_ros_msgs/msg/Node.idl
[3.468s] -- Up-to-date: /home/botnuc/linorobot2_ws/install/micro_ros_msgs/share/micro_ros_msgs/msg/Entity.idl
[3.468s] -- Up-to-date: /home/botnuc/linorobot2_ws/install/micro_ros_msgs/share/micro_ros_msgs/msg/Graph.msg
[3.468s] -- Up-to-date: /home/botnuc/linorobot2_ws/install/micro_ros_msgs/share/micro_ros_msgs/msg/Node.msg
[3.468s] -- Up-to-date: /home/botnuc/linorobot2_ws/install/micro_ros_msgs/share/micro_ros_msgs/msg/Entity.msg
[3.479s] -- Up-to-date: /home/botnuc/linorobot2_ws/install/micro_ros_msgs/share/ament_index/resource_index/package_run_dependencies/micro_ros_msgs
[3.479s] -- Up-to-date: /home/botnuc/linorobot2_ws/install/micro_ros_msgs/share/ament_index/resource_index/parent_prefix_path/micro_ros_msgs
[3.479s] -- Up-to-date: /home/botnuc/linorobot2_ws/install/micro_ros_msgs/share/micro_ros_msgs/environment/ament_prefix_path.sh
[3.479s] -- Up-to-date: /home/botnuc/linorobot2_ws/install/micro_ros_msgs/share/micro_ros_msgs/environment/ament_prefix_path.dsv
[3.480s] -- Up-to-date: /home/botnuc/linorobot2_ws/install/micro_ros_msgs/share/micro_ros_msgs/environment/path.sh
[3.480s] -- Up-to-date: /home/botnuc/linorobot2_ws/install/micro_ros_msgs/share/micro_ros_msgs/environment/path.dsv
[3.480s] -- Up-to-date: /home/botnuc/linorobot2_ws/install/micro_ros_msgs/share/micro_ros_msgs/local_setup.bash
[3.480s] -- Up-to-date: /home/botnuc/linorobot2_ws/install/micro_ros_msgs/share/micro_ros_msgs/local_setup.sh
[3.480s] -- Up-to-date: /home/botnuc/linorobot2_ws/install/micro_ros_msgs/share/micro_ros_msgs/local_setup.zsh
[3.480s] -- Up-to-date: /home/botnuc/linorobot2_ws/install/micro_ros_msgs/share/micro_ros_msgs/local_setup.dsv
[3.480s] -- Installing: /home/botnuc/linorobot2_ws/install/micro_ros_msgs/share/micro_ros_msgs/package.dsv
[3.480s] -- Up-to-date: /home/botnuc/linorobot2_ws/install/micro_ros_msgs/share/ament_index/resource_index/packages/micro_ros_msgs
[3.482s] -- Up-to-date: /home/botnuc/linorobot2_ws/install/micro_ros_msgs/share/micro_ros_msgs/cmake/export_micro_ros_msgs__rosidl_generator_cExport.cmake
[3.482s] -- Up-to-date: /home/botnuc/linorobot2_ws/install/micro_ros_msgs/share/micro_ros_msgs/cmake/export_micro_ros_msgs__rosidl_generator_cExport-noconfig.cmake
[3.483s] -- Up-to-date: /home/botnuc/linorobot2_ws/install/micro_ros_msgs/share/micro_ros_msgs/cmake/export_micro_ros_msgs__rosidl_typesupport_fastrtps_cExport.cmake
[3.483s] -- Up-to-date: /home/botnuc/linorobot2_ws/install/micro_ros_msgs/share/micro_ros_msgs/cmake/export_micro_ros_msgs__rosidl_typesupport_fastrtps_cExport-noconfig.cmake
[3.483s] -- Up-to-date: /home/botnuc/linorobot2_ws/install/micro_ros_msgs/share/micro_ros_msgs/cmake/micro_ros_msgs__rosidl_typesupport_introspection_cExport.cmake
[3.483s] -- Up-to-date: /home/botnuc/linorobot2_ws/install/micro_ros_msgs/share/micro_ros_msgs/cmake/micro_ros_msgs__rosidl_typesupport_introspection_cExport-noconfig.cmake
[3.483s] -- Up-to-date: /home/botnuc/linorobot2_ws/install/micro_ros_msgs/share/micro_ros_msgs/cmake/micro_ros_msgs__rosidl_typesupport_cExport.cmake
[3.483s] -- Up-to-date: /home/botnuc/linorobot2_ws/install/micro_ros_msgs/share/micro_ros_msgs/cmake/micro_ros_msgs__rosidl_typesupport_cExport-noconfig.cmake
[3.488s] -- Up-to-date: /home/botnuc/linorobot2_ws/install/micro_ros_msgs/share/micro_ros_msgs/cmake/export_micro_ros_msgs__rosidl_generator_cppExport.cmake
[3.488s] -- Up-to-date: /home/botnuc/linorobot2_ws/install/micro_ros_msgs/share/micro_ros_msgs/cmake/export_micro_ros_msgs__rosidl_typesupport_fastrtps_cppExport.cmake
[3.489s] -- Up-to-date: /home/botnuc/linorobot2_ws/install/micro_ros_msgs/share/micro_ros_msgs/cmake/export_micro_ros_msgs__rosidl_typesupport_fastrtps_cppExport-noconfig.cmake
[3.489s] -- Up-to-date: /home/botnuc/linorobot2_ws/install/micro_ros_msgs/share/micro_ros_msgs/cmake/micro_ros_msgs__rosidl_typesupport_introspection_cppExport.cmake
[3.489s] -- Up-to-date: /home/botnuc/linorobot2_ws/install/micro_ros_msgs/share/micro_ros_msgs/cmake/micro_ros_msgs__rosidl_typesupport_introspection_cppExport-noconfig.cmake
[3.489s] -- Up-to-date: /home/botnuc/linorobot2_ws/install/micro_ros_msgs/share/micro_ros_msgs/cmake/micro_ros_msgs__rosidl_typesupport_cppExport.cmake
[3.489s] -- Up-to-date: /home/botnuc/linorobot2_ws/install/micro_ros_msgs/share/micro_ros_msgs/cmake/micro_ros_msgs__rosidl_typesupport_cppExport-noconfig.cmake
[3.489s] -- Up-to-date: /home/botnuc/linorobot2_ws/install/micro_ros_msgs/share/micro_ros_msgs/cmake/export_micro_ros_msgs__rosidl_generator_pyExport.cmake
[3.493s] -- Up-to-date: /home/botnuc/linorobot2_ws/install/micro_ros_msgs/share/micro_ros_msgs/cmake/export_micro_ros_msgs__rosidl_generator_pyExport-noconfig.cmake
[3.494s] -- Up-to-date: /home/botnuc/linorobot2_ws/install/micro_ros_msgs/share/micro_ros_msgs/cmake/rosidl_cmake-extras.cmake
[3.495s] -- Up-to-date: /home/botnuc/linorobot2_ws/install/micro_ros_msgs/share/micro_ros_msgs/cmake/ament_cmake_export_include_directories-extras.cmake
[3.495s] -- Up-to-date: /home/botnuc/linorobot2_ws/install/micro_ros_msgs/share/micro_ros_msgs/cmake/ament_cmake_export_libraries-extras.cmake
[3.495s] -- Up-to-date: /home/botnuc/linorobot2_ws/install/micro_ros_msgs/share/micro_ros_msgs/cmake/ament_cmake_export_targets-extras.cmake
[3.495s] -- Up-to-date: /home/botnuc/linorobot2_ws/install/micro_ros_msgs/share/micro_ros_msgs/cmake/rosidl_cmake_export_typesupport_targets-extras.cmake
[3.495s] -- Up-to-date: /home/botnuc/linorobot2_ws/install/micro_ros_msgs/share/micro_ros_msgs/cmake/ament_cmake_export_dependencies-extras.cmake
[3.495s] -- Up-to-date: /home/botnuc/linorobot2_ws/install/micro_ros_msgs/share/micro_ros_msgs/cmake/rosidl_cmake_export_typesupport_libraries-extras.cmake
[3.496s] -- Up-to-date: /home/botnuc/linorobot2_ws/install/micro_ros_msgs/share/micro_ros_msgs/cmake/micro_ros_msgsConfig.cmake
[3.496s] -- Up-to-date: /home/botnuc/linorobot2_ws/install/micro_ros_msgs/share/micro_ros_msgs/cmake/micro_ros_msgsConfig-version.cmake
[3.497s] -- Up-to-date: /home/botnuc/linorobot2_ws/install/micro_ros_msgs/share/micro_ros_msgs/package.xml
[3.507s] Invoked command in '/home/botnuc/linorobot2_ws/build/micro_ros_msgs' returned '0': CMAKE_PREFIX_PATH=${CMAKE_PREFIX_PATH}:/opt/ros/humble /usr/bin/cmake --install /home/botnuc/linorobot2_ws/build/micro_ros_msgs
