[0.110s] Invoking command in '/home/botnuc/linorobot2_ws/build/linorobot2': CMAKE_PREFIX_PATH=${CMAKE_PREFIX_PATH}:/opt/ros/humble /usr/bin/cmake --build /home/botnuc/linorobot2_ws/build/linorobot2 -- -j4 -l4
[0.347s] Invoked command in '/home/botnuc/linorobot2_ws/build/linorobot2' returned '0': CMAKE_PREFIX_PATH=${CMAKE_PREFIX_PATH}:/opt/ros/humble /usr/bin/cmake --build /home/botnuc/linorobot2_ws/build/linorobot2 -- -j4 -l4
[0.454s] Invoking command in '/home/botnuc/linorobot2_ws/build/linorobot2': CMAKE_PREFIX_PATH=${CMAKE_PREFIX_PATH}:/opt/ros/humble /usr/bin/cmake --install /home/botnuc/linorobot2_ws/build/linorobot2
[0.485s] -- Install configuration: ""
[0.486s] -- Up-to-date: /home/botnuc/linorobot2_ws/install/linorobot2/share/ament_index/resource_index/package_run_dependencies/linorobot2
[0.487s] -- Up-to-date: /home/botnuc/linorobot2_ws/install/linorobot2/share/ament_index/resource_index/parent_prefix_path/linorobot2
[0.488s] -- Up-to-date: /home/botnuc/linorobot2_ws/install/linorobot2/share/linorobot2/environment/ament_prefix_path.sh
[0.490s] -- Up-to-date: /home/botnuc/linorobot2_ws/install/linorobot2/share/linorobot2/environment/ament_prefix_path.dsv
[0.493s] -- Up-to-date: /home/botnuc/linorobot2_ws/install/linorobot2/share/linorobot2/environment/path.sh
[0.493s] -- Up-to-date: /home/botnuc/linorobot2_ws/install/linorobot2/share/linorobot2/environment/path.dsv
[0.494s] -- Up-to-date: /home/botnuc/linorobot2_ws/install/linorobot2/share/linorobot2/local_setup.bash
[0.494s] -- Up-to-date: /home/botnuc/linorobot2_ws/install/linorobot2/share/linorobot2/local_setup.sh
[0.495s] -- Up-to-date: /home/botnuc/linorobot2_ws/install/linorobot2/share/linorobot2/local_setup.zsh
[0.495s] -- Up-to-date: /home/botnuc/linorobot2_ws/install/linorobot2/share/linorobot2/local_setup.dsv
[0.495s] -- Installing: /home/botnuc/linorobot2_ws/install/linorobot2/share/linorobot2/package.dsv
[0.495s] -- Up-to-date: /home/botnuc/linorobot2_ws/install/linorobot2/share/ament_index/resource_index/packages/linorobot2
[0.495s] -- Up-to-date: /home/botnuc/linorobot2_ws/install/linorobot2/share/linorobot2/cmake/linorobot2Config.cmake
[0.495s] -- Up-to-date: /home/botnuc/linorobot2_ws/install/linorobot2/share/linorobot2/cmake/linorobot2Config-version.cmake
[0.504s] -- Up-to-date: /home/botnuc/linorobot2_ws/install/linorobot2/share/linorobot2/package.xml
[0.507s] Invoked command in '/home/botnuc/linorobot2_ws/build/linorobot2' returned '0': CMAKE_PREFIX_PATH=${CMAKE_PREFIX_PATH}:/opt/ros/humble /usr/bin/cmake --install /home/botnuc/linorobot2_ws/build/linorobot2
