[0.053s] Invoking command in '/home/botnuc/linorobot2_ws/build/linorobot2': CMAKE_PREFIX_PATH=${CMAKE_PREFIX_PATH}:/opt/ros/humble /usr/bin/cmake /home/botnuc/linorobot2_ws/src/linorobot2/linorobot2 -DCMAKE_INSTALL_PREFIX=/home/botnuc/linorobot2_ws/install/linorobot2
[0.203s] -- The C compiler identification is GNU 11.4.0
[0.309s] -- The CXX compiler identification is GNU 11.4.0
[0.323s] -- Detecting C compiler ABI info
[0.442s] -- Detecting C compiler ABI info - done
[0.467s] -- Check for working C compiler: /usr/bin/cc - skipped
[0.468s] -- Detecting C compile features
[0.469s] -- Detecting C compile features - done
[0.477s] -- Detecting CXX compiler ABI info
[0.616s] -- Detecting CXX compiler ABI info - done
[0.633s] -- Check for working CXX compiler: /usr/bin/c++ - skipped
[0.636s] -- Detecting CXX compile features
[0.636s] -- Detecting CXX compile features - done
[0.648s] -- Found ament_cmake: 1.3.10 (/opt/ros/humble/share/ament_cmake/cmake)
[0.984s] -- Found Python3: /usr/bin/python3 (found version "3.10.12") found components: Interpreter 
[1.365s] -- Configuring done
[1.377s] -- Generating done
[1.383s] -- Build files have been written to: /home/botnuc/linorobot2_ws/build/linorobot2
[1.392s] Invoked command in '/home/botnuc/linorobot2_ws/build/linorobot2' returned '0': CMAKE_PREFIX_PATH=${CMAKE_PREFIX_PATH}:/opt/ros/humble /usr/bin/cmake /home/botnuc/linorobot2_ws/src/linorobot2/linorobot2 -DCMAKE_INSTALL_PREFIX=/home/botnuc/linorobot2_ws/install/linorobot2
[1.392s] Invoking command in '/home/botnuc/linorobot2_ws/build/linorobot2': CMAKE_PREFIX_PATH=${CMAKE_PREFIX_PATH}:/opt/ros/humble /usr/bin/cmake --build /home/botnuc/linorobot2_ws/build/linorobot2 -- -j4 -l4
[1.447s] Invoked command in '/home/botnuc/linorobot2_ws/build/linorobot2' returned '0': CMAKE_PREFIX_PATH=${CMAKE_PREFIX_PATH}:/opt/ros/humble /usr/bin/cmake --build /home/botnuc/linorobot2_ws/build/linorobot2 -- -j4 -l4
[1.492s] Invoking command in '/home/botnuc/linorobot2_ws/build/linorobot2': CMAKE_PREFIX_PATH=${CMAKE_PREFIX_PATH}:/opt/ros/humble /usr/bin/cmake --install /home/botnuc/linorobot2_ws/build/linorobot2
[1.505s] -- Install configuration: ""
[1.505s] -- Installing: /home/botnuc/linorobot2_ws/install/linorobot2/share/ament_index/resource_index/package_run_dependencies/linorobot2
[1.505s] -- Installing: /home/botnuc/linorobot2_ws/install/linorobot2/share/ament_index/resource_index/parent_prefix_path/linorobot2
[1.506s] -- Installing: /home/botnuc/linorobot2_ws/install/linorobot2/share/linorobot2/environment/ament_prefix_path.sh
[1.506s] -- Installing: /home/botnuc/linorobot2_ws/install/linorobot2/share/linorobot2/environment/ament_prefix_path.dsv
[1.509s] -- Installing: /home/botnuc/linorobot2_ws/install/linorobot2/share/linorobot2/environment/path.sh
[1.509s] -- Installing: /home/botnuc/linorobot2_ws/install/linorobot2/share/linorobot2/environment/path.dsv
[1.509s] -- Installing: /home/botnuc/linorobot2_ws/install/linorobot2/share/linorobot2/local_setup.bash
[1.509s] -- Installing: /home/botnuc/linorobot2_ws/install/linorobot2/share/linorobot2/local_setup.sh
[1.510s] -- Installing: /home/botnuc/linorobot2_ws/install/linorobot2/share/linorobot2/local_setup.zsh
[1.510s] -- Installing: /home/botnuc/linorobot2_ws/install/linorobot2/share/linorobot2/local_setup.dsv
[1.510s] -- Installing: /home/botnuc/linorobot2_ws/install/linorobot2/share/linorobot2/package.dsv
[1.510s] -- Installing: /home/botnuc/linorobot2_ws/install/linorobot2/share/ament_index/resource_index/packages/linorobot2
[1.510s] -- Installing: /home/botnuc/linorobot2_ws/install/linorobot2/share/linorobot2/cmake/linorobot2Config.cmake
[1.510s] -- Installing: /home/botnuc/linorobot2_ws/install/linorobot2/share/linorobot2/cmake/linorobot2Config-version.cmake
[1.510s] -- Installing: /home/botnuc/linorobot2_ws/install/linorobot2/share/linorobot2/package.xml
[1.513s] Invoked command in '/home/botnuc/linorobot2_ws/build/linorobot2' returned '0': CMAKE_PREFIX_PATH=${CMAKE_PREFIX_PATH}:/opt/ros/humble /usr/bin/cmake --install /home/botnuc/linorobot2_ws/build/linorobot2
