[0.167s] Invoking command in '/home/botnuc/linorobot2_ws/build/linorobot2_description': CMAKE_PREFIX_PATH=${CMAKE_PREFIX_PATH}:/opt/ros/humble /usr/bin/cmake --build /home/botnuc/linorobot2_ws/build/linorobot2_description -- -j4 -l4
[0.533s] Invoked command in '/home/botnuc/linorobot2_ws/build/linorobot2_description' returned '0': CMAKE_PREFIX_PATH=${CMAKE_PREFIX_PATH}:/opt/ros/humble /usr/bin/cmake --build /home/botnuc/linorobot2_ws/build/linorobot2_description -- -j4 -l4
[0.743s] Invoking command in '/home/botnuc/linorobot2_ws/build/linorobot2_description': CMAKE_PREFIX_PATH=${CMAKE_PREFIX_PATH}:/opt/ros/humble /usr/bin/cmake --install /home/botnuc/linorobot2_ws/build/linorobot2_description
[0.860s] -- Install configuration: ""
[0.862s] -- Up-to-date: /home/botnuc/linorobot2_ws/install/linorobot2_description/share/linorobot2_description/launch
[0.862s] -- Up-to-date: /home/botnuc/linorobot2_ws/install/linorobot2_description/share/linorobot2_description/launch/description.launch.py
[0.863s] -- Up-to-date: /home/botnuc/linorobot2_ws/install/linorobot2_description/share/linorobot2_description/urdf
[0.863s] -- Up-to-date: /home/botnuc/linorobot2_ws/install/linorobot2_description/share/linorobot2_description/urdf/sensors
[0.863s] -- Up-to-date: /home/botnuc/linorobot2_ws/install/linorobot2_description/share/linorobot2_description/urdf/sensors/laser.urdf.xacro
[0.863s] -- Up-to-date: /home/botnuc/linorobot2_ws/install/linorobot2_description/share/linorobot2_description/urdf/sensors/imu.urdf.xacro
[0.863s] -- Up-to-date: /home/botnuc/linorobot2_ws/install/linorobot2_description/share/linorobot2_description/urdf/sensors/depth_sensor.urdf.xacro
[0.863s] -- Up-to-date: /home/botnuc/linorobot2_ws/install/linorobot2_description/share/linorobot2_description/urdf/sensors/generic_laser.urdf.xacro
[0.863s] -- Up-to-date: /home/botnuc/linorobot2_ws/install/linorobot2_description/share/linorobot2_description/urdf/4wd_properties.urdf.xacro
[0.863s] -- Up-to-date: /home/botnuc/linorobot2_ws/install/linorobot2_description/share/linorobot2_description/urdf/mech
[0.864s] -- Up-to-date: /home/botnuc/linorobot2_ws/install/linorobot2_description/share/linorobot2_description/urdf/mech/mecanum_wheel.urdf.xacro
[0.864s] -- Up-to-date: /home/botnuc/linorobot2_ws/install/linorobot2_description/share/linorobot2_description/urdf/mech/base.urdf.xacro
[0.868s] -- Up-to-date: /home/botnuc/linorobot2_ws/install/linorobot2_description/share/linorobot2_description/urdf/mech/caster_wheel.urdf.xacro
[0.871s] -- Up-to-date: /home/botnuc/linorobot2_ws/install/linorobot2_description/share/linorobot2_description/urdf/mech/wheel.urdf.xacro
[0.871s] -- Up-to-date: /home/botnuc/linorobot2_ws/install/linorobot2_description/share/linorobot2_description/urdf/controllers
[0.877s] -- Up-to-date: /home/botnuc/linorobot2_ws/install/linorobot2_description/share/linorobot2_description/urdf/controllers/omni_drive.urdf.xacro
[0.878s] -- Up-to-date: /home/botnuc/linorobot2_ws/install/linorobot2_description/share/linorobot2_description/urdf/controllers/skid_steer.urdf.xacro
[0.878s] -- Up-to-date: /home/botnuc/linorobot2_ws/install/linorobot2_description/share/linorobot2_description/urdf/controllers/diff_drive.urdf.xacro
[0.878s] -- Up-to-date: /home/botnuc/linorobot2_ws/install/linorobot2_description/share/linorobot2_description/urdf/mecanum_properties.urdf.xacro
[0.878s] -- Up-to-date: /home/botnuc/linorobot2_ws/install/linorobot2_description/share/linorobot2_description/urdf/2wd_properties.urdf.xacro
[0.878s] -- Up-to-date: /home/botnuc/linorobot2_ws/install/linorobot2_description/share/linorobot2_description/urdf/robots
[0.878s] -- Up-to-date: /home/botnuc/linorobot2_ws/install/linorobot2_description/share/linorobot2_description/urdf/robots/vattenkar.urdf.xacro
[0.879s] -- Up-to-date: /home/botnuc/linorobot2_ws/install/linorobot2_description/share/linorobot2_description/urdf/robots/mecanum.urdf.xacro
[0.880s] -- Up-to-date: /home/botnuc/linorobot2_ws/install/linorobot2_description/share/linorobot2_description/urdf/robots/2wd.urdf.xacro
[0.880s] -- Up-to-date: /home/botnuc/linorobot2_ws/install/linorobot2_description/share/linorobot2_description/urdf/robots/turtlebot.urdf.xacro
[0.880s] -- Up-to-date: /home/botnuc/linorobot2_ws/install/linorobot2_description/share/linorobot2_description/urdf/robots/4wd.urdf.xacro
[0.880s] -- Up-to-date: /home/botnuc/linorobot2_ws/install/linorobot2_description/share/linorobot2_description/rviz
[0.882s] -- Up-to-date: /home/botnuc/linorobot2_ws/install/linorobot2_description/share/linorobot2_description/rviz/description.rviz
[0.883s] -- Up-to-date: /home/botnuc/linorobot2_ws/install/linorobot2_description/share/ament_index/resource_index/package_run_dependencies/linorobot2_description
[0.883s] -- Up-to-date: /home/botnuc/linorobot2_ws/install/linorobot2_description/share/ament_index/resource_index/parent_prefix_path/linorobot2_description
[0.883s] -- Up-to-date: /home/botnuc/linorobot2_ws/install/linorobot2_description/share/linorobot2_description/environment/ament_prefix_path.sh
[0.886s] -- Up-to-date: /home/botnuc/linorobot2_ws/install/linorobot2_description/share/linorobot2_description/environment/ament_prefix_path.dsv
[0.898s] -- Up-to-date: /home/botnuc/linorobot2_ws/install/linorobot2_description/share/linorobot2_description/environment/path.sh
[0.899s] -- Up-to-date: /home/botnuc/linorobot2_ws/install/linorobot2_description/share/linorobot2_description/environment/path.dsv
[0.899s] -- Up-to-date: /home/botnuc/linorobot2_ws/install/linorobot2_description/share/linorobot2_description/local_setup.bash
[0.899s] -- Up-to-date: /home/botnuc/linorobot2_ws/install/linorobot2_description/share/linorobot2_description/local_setup.sh
[0.900s] -- Up-to-date: /home/botnuc/linorobot2_ws/install/linorobot2_description/share/linorobot2_description/local_setup.zsh
[0.900s] -- Up-to-date: /home/botnuc/linorobot2_ws/install/linorobot2_description/share/linorobot2_description/local_setup.dsv
[0.900s] -- Installing: /home/botnuc/linorobot2_ws/install/linorobot2_description/share/linorobot2_description/package.dsv
[0.900s] -- Up-to-date: /home/botnuc/linorobot2_ws/install/linorobot2_description/share/ament_index/resource_index/packages/linorobot2_description
[0.900s] -- Up-to-date: /home/botnuc/linorobot2_ws/install/linorobot2_description/share/linorobot2_description/cmake/linorobot2_descriptionConfig.cmake
[0.904s] -- Up-to-date: /home/botnuc/linorobot2_ws/install/linorobot2_description/share/linorobot2_description/cmake/linorobot2_descriptionConfig-version.cmake
[0.904s] -- Up-to-date: /home/botnuc/linorobot2_ws/install/linorobot2_description/share/linorobot2_description/package.xml
[0.957s] Invoked command in '/home/botnuc/linorobot2_ws/build/linorobot2_description' returned '0': CMAKE_PREFIX_PATH=${CMAKE_PREFIX_PATH}:/opt/ros/humble /usr/bin/cmake --install /home/botnuc/linorobot2_ws/build/linorobot2_description
