[0.018s] Invoking command in '/home/botnuc/linorobot2_ws/build/linorobot2_bringup': CMAKE_PREFIX_PATH=/home/botnuc/linorobot2_ws/install/micro_ros_agent:/home/botnuc/linorobot2_ws/install/micro_ros_msgs:/home/botnuc/linorobot2_ws/install/sllidar_ros2:/home/botnuc/linorobot2_ws/install/micro_ros_setup:/home/botnuc/linorobot2_ws/install/linorobot2_bringup:/home/botnuc/linorobot2_ws/install/linorobot2_navigation:/home/botnuc/linorobot2_ws/install/linorobot2_description:/home/botnuc/linorobot2_ws/install/linorobot2_base:/home/botnuc/linorobot2_ws/install/linorobot2:/home/botnuc/linorobot2_ws/install/camera_detection:/home/botnuc/linorobot2_ws/install/behavior_tree:/opt/ros/humble /usr/bin/cmake --build /home/botnuc/linorobot2_ws/build/linorobot2_bringup -- -j4 -l4
[0.071s] Invoked command in '/home/botnuc/linorobot2_ws/build/linorobot2_bringup' returned '0': CMAKE_PREFIX_PATH=/home/botnuc/linorobot2_ws/install/micro_ros_agent:/home/botnuc/linorobot2_ws/install/micro_ros_msgs:/home/botnuc/linorobot2_ws/install/sllidar_ros2:/home/botnuc/linorobot2_ws/install/micro_ros_setup:/home/botnuc/linorobot2_ws/install/linorobot2_bringup:/home/botnuc/linorobot2_ws/install/linorobot2_navigation:/home/botnuc/linorobot2_ws/install/linorobot2_description:/home/botnuc/linorobot2_ws/install/linorobot2_base:/home/botnuc/linorobot2_ws/install/linorobot2:/home/botnuc/linorobot2_ws/install/camera_detection:/home/botnuc/linorobot2_ws/install/behavior_tree:/opt/ros/humble /usr/bin/cmake --build /home/botnuc/linorobot2_ws/build/linorobot2_bringup -- -j4 -l4
[0.113s] Invoking command in '/home/botnuc/linorobot2_ws/build/linorobot2_bringup': CMAKE_PREFIX_PATH=/home/botnuc/linorobot2_ws/install/micro_ros_agent:/home/botnuc/linorobot2_ws/install/micro_ros_msgs:/home/botnuc/linorobot2_ws/install/sllidar_ros2:/home/botnuc/linorobot2_ws/install/micro_ros_setup:/home/botnuc/linorobot2_ws/install/linorobot2_bringup:/home/botnuc/linorobot2_ws/install/linorobot2_navigation:/home/botnuc/linorobot2_ws/install/linorobot2_description:/home/botnuc/linorobot2_ws/install/linorobot2_base:/home/botnuc/linorobot2_ws/install/linorobot2:/home/botnuc/linorobot2_ws/install/camera_detection:/home/botnuc/linorobot2_ws/install/behavior_tree:/opt/ros/humble /usr/bin/cmake --install /home/botnuc/linorobot2_ws/build/linorobot2_bringup
[0.128s] -- Install configuration: ""
[0.128s] -- Up-to-date: /home/botnuc/linorobot2_ws/install/linorobot2_bringup/share/linorobot2_bringup/launch
[0.128s] -- Up-to-date: /home/botnuc/linorobot2_ws/install/linorobot2_bringup/share/linorobot2_bringup/launch/depth.launch.py
[0.128s] -- Up-to-date: /home/botnuc/linorobot2_ws/install/linorobot2_bringup/share/linorobot2_bringup/launch/lasers.launch.py
[0.128s] -- Up-to-date: /home/botnuc/linorobot2_ws/install/linorobot2_bringup/share/linorobot2_bringup/launch/bringup.launch.py
[0.129s] -- Up-to-date: /home/botnuc/linorobot2_ws/install/linorobot2_bringup/share/linorobot2_bringup/launch/joy_teleop.launch.py
[0.129s] -- Up-to-date: /home/botnuc/linorobot2_ws/install/linorobot2_bringup/share/linorobot2_bringup/launch/custom_robot.launch.py
[0.129s] -- Up-to-date: /home/botnuc/linorobot2_ws/install/linorobot2_bringup/share/linorobot2_bringup/launch/default_robot.launch.py
[0.129s] -- Up-to-date: /home/botnuc/linorobot2_ws/install/linorobot2_bringup/share/linorobot2_bringup/launch/extra.launch.py
[0.129s] -- Up-to-date: /home/botnuc/linorobot2_ws/install/linorobot2_bringup/share/linorobot2_bringup/launch/sensors.launch.py
[0.129s] -- Up-to-date: /home/botnuc/linorobot2_ws/install/linorobot2_bringup/share/linorobot2_bringup/config
[0.129s] -- Up-to-date: /home/botnuc/linorobot2_ws/install/linorobot2_bringup/share/linorobot2_bringup/config/zed_common.yaml
[0.129s] -- Up-to-date: /home/botnuc/linorobot2_ws/install/linorobot2_bringup/share/linorobot2_bringup/config/joy.yaml
[0.129s] -- Up-to-date: /home/botnuc/linorobot2_ws/install/linorobot2_bringup/share/linorobot2_bringup/config/box_laser_filter.yaml
[0.129s] -- Up-to-date: /home/botnuc/linorobot2_ws/install/linorobot2_bringup/share/linorobot2_bringup/config/fake_laser.yaml
[0.129s] -- Up-to-date: /home/botnuc/linorobot2_ws/install/linorobot2_bringup/share/ament_index/resource_index/package_run_dependencies/linorobot2_bringup
[0.130s] -- Up-to-date: /home/botnuc/linorobot2_ws/install/linorobot2_bringup/share/ament_index/resource_index/parent_prefix_path/linorobot2_bringup
[0.134s] -- Up-to-date: /home/botnuc/linorobot2_ws/install/linorobot2_bringup/share/linorobot2_bringup/environment/ament_prefix_path.sh
[0.134s] -- Up-to-date: /home/botnuc/linorobot2_ws/install/linorobot2_bringup/share/linorobot2_bringup/environment/ament_prefix_path.dsv
[0.135s] -- Up-to-date: /home/botnuc/linorobot2_ws/install/linorobot2_bringup/share/linorobot2_bringup/environment/path.sh
[0.135s] -- Up-to-date: /home/botnuc/linorobot2_ws/install/linorobot2_bringup/share/linorobot2_bringup/environment/path.dsv
[0.135s] -- Up-to-date: /home/botnuc/linorobot2_ws/install/linorobot2_bringup/share/linorobot2_bringup/local_setup.bash
[0.135s] -- Up-to-date: /home/botnuc/linorobot2_ws/install/linorobot2_bringup/share/linorobot2_bringup/local_setup.sh
[0.135s] -- Up-to-date: /home/botnuc/linorobot2_ws/install/linorobot2_bringup/share/linorobot2_bringup/local_setup.zsh
[0.135s] -- Up-to-date: /home/botnuc/linorobot2_ws/install/linorobot2_bringup/share/linorobot2_bringup/local_setup.dsv
[0.135s] -- Installing: /home/botnuc/linorobot2_ws/install/linorobot2_bringup/share/linorobot2_bringup/package.dsv
[0.135s] -- Up-to-date: /home/botnuc/linorobot2_ws/install/linorobot2_bringup/share/ament_index/resource_index/packages/linorobot2_bringup
[0.135s] -- Up-to-date: /home/botnuc/linorobot2_ws/install/linorobot2_bringup/share/linorobot2_bringup/cmake/linorobot2_bringupConfig.cmake
[0.136s] -- Up-to-date: /home/botnuc/linorobot2_ws/install/linorobot2_bringup/share/linorobot2_bringup/cmake/linorobot2_bringupConfig-version.cmake
[0.136s] -- Up-to-date: /home/botnuc/linorobot2_ws/install/linorobot2_bringup/share/linorobot2_bringup/package.xml
[0.139s] Invoked command in '/home/botnuc/linorobot2_ws/build/linorobot2_bringup' returned '0': CMAKE_PREFIX_PATH=/home/botnuc/linorobot2_ws/install/micro_ros_agent:/home/botnuc/linorobot2_ws/install/micro_ros_msgs:/home/botnuc/linorobot2_ws/install/sllidar_ros2:/home/botnuc/linorobot2_ws/install/micro_ros_setup:/home/botnuc/linorobot2_ws/install/linorobot2_bringup:/home/botnuc/linorobot2_ws/install/linorobot2_navigation:/home/botnuc/linorobot2_ws/install/linorobot2_description:/home/botnuc/linorobot2_ws/install/linorobot2_base:/home/botnuc/linorobot2_ws/install/linorobot2:/home/botnuc/linorobot2_ws/install/camera_detection:/home/botnuc/linorobot2_ws/install/behavior_tree:/opt/ros/humble /usr/bin/cmake --install /home/botnuc/linorobot2_ws/build/linorobot2_bringup
