[0.049s] Invoking command in '/home/botnuc/linorobot2_ws/build/linorobot2_base': CMAKE_PREFIX_PATH=${CMAKE_PREFIX_PATH}:/opt/ros/humble /usr/bin/cmake --build /home/botnuc/linorobot2_ws/build/linorobot2_base -- -j4 -l4
[0.119s] Invoked command in '/home/botnuc/linorobot2_ws/build/linorobot2_base' returned '0': CMAKE_PREFIX_PATH=${CMAKE_PREFIX_PATH}:/opt/ros/humble /usr/bin/cmake --build /home/botnuc/linorobot2_ws/build/linorobot2_base -- -j4 -l4
[0.170s] Invoking command in '/home/botnuc/linorobot2_ws/build/linorobot2_base': CMAKE_PREFIX_PATH=${CMAKE_PREFIX_PATH}:/opt/ros/humble /usr/bin/cmake --install /home/botnuc/linorobot2_ws/build/linorobot2_base
[0.181s] -- Install configuration: ""
[0.184s] -- Up-to-date: /home/botnuc/linorobot2_ws/install/linorobot2_base/share/linorobot2_base/config
[0.184s] -- Installing: /home/botnuc/linorobot2_ws/install/linorobot2_base/share/linorobot2_base/config/ekf.yaml
[0.184s] -- Up-to-date: /home/botnuc/linorobot2_ws/install/linorobot2_base/share/ament_index/resource_index/package_run_dependencies/linorobot2_base
[0.184s] -- Up-to-date: /home/botnuc/linorobot2_ws/install/linorobot2_base/share/ament_index/resource_index/parent_prefix_path/linorobot2_base
[0.184s] -- Up-to-date: /home/botnuc/linorobot2_ws/install/linorobot2_base/share/linorobot2_base/environment/ament_prefix_path.sh
[0.185s] -- Up-to-date: /home/botnuc/linorobot2_ws/install/linorobot2_base/share/linorobot2_base/environment/ament_prefix_path.dsv
[0.185s] -- Up-to-date: /home/botnuc/linorobot2_ws/install/linorobot2_base/share/linorobot2_base/environment/path.sh
[0.185s] -- Up-to-date: /home/botnuc/linorobot2_ws/install/linorobot2_base/share/linorobot2_base/environment/path.dsv
[0.185s] -- Up-to-date: /home/botnuc/linorobot2_ws/install/linorobot2_base/share/linorobot2_base/local_setup.bash
[0.192s] -- Up-to-date: /home/botnuc/linorobot2_ws/install/linorobot2_base/share/linorobot2_base/local_setup.sh
[0.193s] -- Up-to-date: /home/botnuc/linorobot2_ws/install/linorobot2_base/share/linorobot2_base/local_setup.zsh
[0.194s] -- Up-to-date: /home/botnuc/linorobot2_ws/install/linorobot2_base/share/linorobot2_base/local_setup.dsv
[0.196s] -- Installing: /home/botnuc/linorobot2_ws/install/linorobot2_base/share/linorobot2_base/package.dsv
[0.197s] -- Up-to-date: /home/botnuc/linorobot2_ws/install/linorobot2_base/share/ament_index/resource_index/packages/linorobot2_base
[0.197s] -- Up-to-date: /home/botnuc/linorobot2_ws/install/linorobot2_base/share/linorobot2_base/cmake/linorobot2_baseConfig.cmake
[0.197s] -- Up-to-date: /home/botnuc/linorobot2_ws/install/linorobot2_base/share/linorobot2_base/cmake/linorobot2_baseConfig-version.cmake
[0.197s] -- Up-to-date: /home/botnuc/linorobot2_ws/install/linorobot2_base/share/linorobot2_base/package.xml
[0.198s] Invoked command in '/home/botnuc/linorobot2_ws/build/linorobot2_base' returned '0': CMAKE_PREFIX_PATH=${CMAKE_PREFIX_PATH}:/opt/ros/humble /usr/bin/cmake --install /home/botnuc/linorobot2_ws/build/linorobot2_base
