[0.051s] Invoking command in '/home/botnuc/linorobot2_ws/build/micro_ros_setup': CMAKE_PREFIX_PATH=${CMAKE_PREFIX_PATH}:/opt/ros/humble /usr/bin/cmake --build /home/botnuc/linorobot2_ws/build/micro_ros_setup -- -j4 -l4
[0.302s] Invoked command in '/home/botnuc/linorobot2_ws/build/micro_ros_setup' returned '0': CMAKE_PREFIX_PATH=${CMAKE_PREFIX_PATH}:/opt/ros/humble /usr/bin/cmake --build /home/botnuc/linorobot2_ws/build/micro_ros_setup -- -j4 -l4
[0.496s] Invoking command in '/home/botnuc/linorobot2_ws/build/micro_ros_setup': CMAKE_PREFIX_PATH=${CMAKE_PREFIX_PATH}:/opt/ros/humble /usr/bin/cmake --install /home/botnuc/linorobot2_ws/build/micro_ros_setup
[0.525s] -- Install configuration: ""
[0.531s] -- Up-to-date: /home/botnuc/linorobot2_ws/install/micro_ros_setup/share/ament_index/resource_index/package_run_dependencies/micro_ros_setup
[0.534s] -- Up-to-date: /home/botnuc/linorobot2_ws/install/micro_ros_setup/share/ament_index/resource_index/parent_prefix_path/micro_ros_setup
[0.534s] -- Up-to-date: /home/botnuc/linorobot2_ws/install/micro_ros_setup/share/micro_ros_setup/environment/ament_prefix_path.sh
[0.534s] -- Up-to-date: /home/botnuc/linorobot2_ws/install/micro_ros_setup/share/micro_ros_setup/environment/ament_prefix_path.dsv
[0.534s] -- Up-to-date: /home/botnuc/linorobot2_ws/install/micro_ros_setup/share/micro_ros_setup/environment/path.sh
[0.534s] -- Up-to-date: /home/botnuc/linorobot2_ws/install/micro_ros_setup/share/micro_ros_setup/environment/path.dsv
[0.535s] -- Up-to-date: /home/botnuc/linorobot2_ws/install/micro_ros_setup/share/micro_ros_setup/local_setup.bash
[0.535s] -- Up-to-date: /home/botnuc/linorobot2_ws/install/micro_ros_setup/share/micro_ros_setup/local_setup.sh
[0.535s] -- Up-to-date: /home/botnuc/linorobot2_ws/install/micro_ros_setup/share/micro_ros_setup/local_setup.zsh
[0.535s] -- Up-to-date: /home/botnuc/linorobot2_ws/install/micro_ros_setup/share/micro_ros_setup/local_setup.dsv
[0.535s] -- Installing: /home/botnuc/linorobot2_ws/install/micro_ros_setup/share/micro_ros_setup/package.dsv
[0.538s] -- Up-to-date: /home/botnuc/linorobot2_ws/install/micro_ros_setup/share/ament_index/resource_index/packages/micro_ros_setup
[0.539s] -- Up-to-date: /home/botnuc/linorobot2_ws/install/micro_ros_setup/share/micro_ros_setup/cmake/micro_ros_setupConfig.cmake
[0.539s] -- Up-to-date: /home/botnuc/linorobot2_ws/install/micro_ros_setup/share/micro_ros_setup/cmake/micro_ros_setupConfig-version.cmake
[0.539s] -- Up-to-date: /home/botnuc/linorobot2_ws/install/micro_ros_setup/share/micro_ros_setup/package.xml
[0.539s] -- Up-to-date: /home/botnuc/linorobot2_ws/install/micro_ros_setup/./config
[0.539s] -- Up-to-date: /home/botnuc/linorobot2_ws/install/micro_ros_setup/./config/android
[0.539s] -- Up-to-date: /home/botnuc/linorobot2_ws/install/micro_ros_setup/./config/android/dev_ros2_packages.txt
[0.539s] -- Up-to-date: /home/botnuc/linorobot2_ws/install/micro_ros_setup/./config/android/generic
[0.547s] -- Up-to-date: /home/botnuc/linorobot2_ws/install/micro_ros_setup/./config/android/generic/flash.sh
[0.547s] -- Up-to-date: /home/botnuc/linorobot2_ws/install/micro_ros_setup/./config/android/generic/create.sh
[0.547s] -- Up-to-date: /home/botnuc/linorobot2_ws/install/micro_ros_setup/./config/android/generic/client-colcon.meta
[0.547s] -- Up-to-date: /home/botnuc/linorobot2_ws/install/micro_ros_setup/./config/android/generic/package.xml
[0.547s] -- Up-to-date: /home/botnuc/linorobot2_ws/install/micro_ros_setup/./config/android/generic/client_uros_packages.repos
[0.547s] -- Up-to-date: /home/botnuc/linorobot2_ws/install/micro_ros_setup/./config/android/generic/build.sh
[0.547s] -- Up-to-date: /home/botnuc/linorobot2_ws/install/micro_ros_setup/./config/android/dev_uros_packages.repos
[0.547s] -- Up-to-date: /home/botnuc/linorobot2_ws/install/micro_ros_setup/./config/freertos
[0.548s] -- Up-to-date: /home/botnuc/linorobot2_ws/install/micro_ros_setup/./config/freertos/nucleo_f767zi
[0.548s] -- Up-to-date: /home/botnuc/linorobot2_ws/install/micro_ros_setup/./config/freertos/nucleo_f767zi/flash.sh
[0.548s] -- Up-to-date: /home/botnuc/linorobot2_ws/install/micro_ros_setup/./config/freertos/nucleo_f767zi/board.repos
[0.548s] -- Up-to-date: /home/botnuc/linorobot2_ws/install/micro_ros_setup/./config/freertos/nucleo_f767zi/create.sh
[0.548s] -- Up-to-date: /home/botnuc/linorobot2_ws/install/micro_ros_setup/./config/freertos/nucleo_f767zi/client-colcon.meta
[0.548s] -- Up-to-date: /home/botnuc/linorobot2_ws/install/micro_ros_setup/./config/freertos/nucleo_f767zi/package.xml
[0.548s] -- Up-to-date: /home/botnuc/linorobot2_ws/install/micro_ros_setup/./config/freertos/nucleo_f767zi/client_uros_packages.repos
[0.548s] -- Up-to-date: /home/botnuc/linorobot2_ws/install/micro_ros_setup/./config/freertos/nucleo_f767zi/build.sh
[0.548s] -- Up-to-date: /home/botnuc/linorobot2_ws/install/micro_ros_setup/./config/freertos/nucleo_f767zi/configure.sh
[0.549s] -- Up-to-date: /home/botnuc/linorobot2_ws/install/micro_ros_setup/./config/freertos/dev_ros2_packages.txt
[0.549s] -- Up-to-date: /home/botnuc/linorobot2_ws/install/micro_ros_setup/./config/freertos/nucleo_f746zg
[0.549s] -- Up-to-date: /home/botnuc/linorobot2_ws/install/micro_ros_setup/./config/freertos/nucleo_f746zg/flash.sh
[0.549s] -- Up-to-date: /home/botnuc/linorobot2_ws/install/micro_ros_setup/./config/freertos/nucleo_f746zg/board.repos
[0.549s] -- Up-to-date: /home/botnuc/linorobot2_ws/install/micro_ros_setup/./config/freertos/nucleo_f746zg/create.sh
[0.549s] -- Up-to-date: /home/botnuc/linorobot2_ws/install/micro_ros_setup/./config/freertos/nucleo_f746zg/client-colcon.meta
[0.549s] -- Up-to-date: /home/botnuc/linorobot2_ws/install/micro_ros_setup/./config/freertos/nucleo_f746zg/package.xml
[0.558s] -- Up-to-date: /home/botnuc/linorobot2_ws/install/micro_ros_setup/./config/freertos/nucleo_f746zg/client_uros_packages.repos
[0.558s] -- Up-to-date: /home/botnuc/linorobot2_ws/install/micro_ros_setup/./config/freertos/nucleo_f746zg/build.sh
[0.558s] -- Up-to-date: /home/botnuc/linorobot2_ws/install/micro_ros_setup/./config/freertos/nucleo_f746zg/configure.sh
[0.558s] -- Up-to-date: /home/botnuc/linorobot2_ws/install/micro_ros_setup/./config/freertos/esp32
[0.559s] -- Up-to-date: /home/botnuc/linorobot2_ws/install/micro_ros_setup/./config/freertos/esp32/README.md
[0.559s] -- Up-to-date: /home/botnuc/linorobot2_ws/install/micro_ros_setup/./config/freertos/esp32/flash.sh
[0.559s] -- Up-to-date: /home/botnuc/linorobot2_ws/install/micro_ros_setup/./config/freertos/esp32/board.repos
[0.559s] -- Up-to-date: /home/botnuc/linorobot2_ws/install/micro_ros_setup/./config/freertos/esp32/create.sh
[0.559s] -- Up-to-date: /home/botnuc/linorobot2_ws/install/micro_ros_setup/./config/freertos/esp32/client-colcon.meta
[0.559s] -- Up-to-date: /home/botnuc/linorobot2_ws/install/micro_ros_setup/./config/freertos/esp32/package.xml
[0.559s] -- Up-to-date: /home/botnuc/linorobot2_ws/install/micro_ros_setup/./config/freertos/esp32/client_uros_packages.repos
[0.559s] -- Up-to-date: /home/botnuc/linorobot2_ws/install/micro_ros_setup/./config/freertos/esp32/build.sh
[0.559s] -- Up-to-date: /home/botnuc/linorobot2_ws/install/micro_ros_setup/./config/freertos/esp32/configure.sh
[0.562s] -- Up-to-date: /home/botnuc/linorobot2_ws/install/micro_ros_setup/./config/freertos/dev_uros_packages.repos
[0.563s] -- Up-to-date: /home/botnuc/linorobot2_ws/install/micro_ros_setup/./config/freertos/list_apps.sh
[0.563s] -- Up-to-date: /home/botnuc/linorobot2_ws/install/micro_ros_setup/./config/freertos/nucleo_f446ze
[0.563s] -- Up-to-date: /home/botnuc/linorobot2_ws/install/micro_ros_setup/./config/freertos/nucleo_f446ze/flash.sh
[0.563s] -- Up-to-date: /home/botnuc/linorobot2_ws/install/micro_ros_setup/./config/freertos/nucleo_f446ze/board.repos
[0.563s] -- Up-to-date: /home/botnuc/linorobot2_ws/install/micro_ros_setup/./config/freertos/nucleo_f446ze/create.sh
[0.563s] -- Up-to-date: /home/botnuc/linorobot2_ws/install/micro_ros_setup/./config/freertos/nucleo_f446ze/client-colcon.meta
[0.563s] -- Up-to-date: /home/botnuc/linorobot2_ws/install/micro_ros_setup/./config/freertos/nucleo_f446ze/package.xml
[0.564s] -- Up-to-date: /home/botnuc/linorobot2_ws/install/micro_ros_setup/./config/freertos/nucleo_f446ze/client_uros_packages.repos
[0.566s] -- Up-to-date: /home/botnuc/linorobot2_ws/install/micro_ros_setup/./config/freertos/nucleo_f446ze/build.sh
[0.566s] -- Up-to-date: /home/botnuc/linorobot2_ws/install/micro_ros_setup/./config/freertos/nucleo_f446ze/configure.sh
[0.566s] -- Up-to-date: /home/botnuc/linorobot2_ws/install/micro_ros_setup/./config/freertos/olimex-stm32-e407
[0.566s] -- Up-to-date: /home/botnuc/linorobot2_ws/install/micro_ros_setup/./config/freertos/olimex-stm32-e407/flash.sh
[0.566s] -- Up-to-date: /home/botnuc/linorobot2_ws/install/micro_ros_setup/./config/freertos/olimex-stm32-e407/board.repos
[0.566s] -- Up-to-date: /home/botnuc/linorobot2_ws/install/micro_ros_setup/./config/freertos/olimex-stm32-e407/create.sh
[0.567s] -- Up-to-date: /home/botnuc/linorobot2_ws/install/micro_ros_setup/./config/freertos/olimex-stm32-e407/client-colcon.meta
[0.567s] -- Up-to-date: /home/botnuc/linorobot2_ws/install/micro_ros_setup/./config/freertos/olimex-stm32-e407/package.xml
[0.567s] -- Up-to-date: /home/botnuc/linorobot2_ws/install/micro_ros_setup/./config/freertos/olimex-stm32-e407/client_uros_packages.repos
[0.567s] -- Up-to-date: /home/botnuc/linorobot2_ws/install/micro_ros_setup/./config/freertos/olimex-stm32-e407/build.sh
[0.567s] -- Up-to-date: /home/botnuc/linorobot2_ws/install/micro_ros_setup/./config/freertos/olimex-stm32-e407/configure.sh
[0.567s] -- Up-to-date: /home/botnuc/linorobot2_ws/install/micro_ros_setup/./config/freertos/crazyflie21
[0.567s] -- Up-to-date: /home/botnuc/linorobot2_ws/install/micro_ros_setup/./config/freertos/crazyflie21/flash.sh
[0.567s] -- Up-to-date: /home/botnuc/linorobot2_ws/install/micro_ros_setup/./config/freertos/crazyflie21/board.repos
[0.567s] -- Up-to-date: /home/botnuc/linorobot2_ws/install/micro_ros_setup/./config/freertos/crazyflie21/create.sh
[0.581s] -- Up-to-date: /home/botnuc/linorobot2_ws/install/micro_ros_setup/./config/freertos/crazyflie21/client-colcon.meta
[0.581s] -- Up-to-date: /home/botnuc/linorobot2_ws/install/micro_ros_setup/./config/freertos/crazyflie21/package.xml
[0.581s] -- Up-to-date: /home/botnuc/linorobot2_ws/install/micro_ros_setup/./config/freertos/crazyflie21/client_uros_packages.repos
[0.581s] -- Up-to-date: /home/botnuc/linorobot2_ws/install/micro_ros_setup/./config/freertos/crazyflie21/build.sh
[0.581s] -- Up-to-date: /home/botnuc/linorobot2_ws/install/micro_ros_setup/./config/freertos/crazyflie21/configure.sh
[0.582s] -- Up-to-date: /home/botnuc/linorobot2_ws/install/micro_ros_setup/./config/freertos/nucleo_f446re
[0.582s] -- Up-to-date: /home/botnuc/linorobot2_ws/install/micro_ros_setup/./config/freertos/nucleo_f446re/flash.sh
[0.582s] -- Up-to-date: /home/botnuc/linorobot2_ws/install/micro_ros_setup/./config/freertos/nucleo_f446re/board.repos
[0.582s] -- Up-to-date: /home/botnuc/linorobot2_ws/install/micro_ros_setup/./config/freertos/nucleo_f446re/create.sh
[0.582s] -- Up-to-date: /home/botnuc/linorobot2_ws/install/micro_ros_setup/./config/freertos/nucleo_f446re/client-colcon.meta
[0.582s] -- Up-to-date: /home/botnuc/linorobot2_ws/install/micro_ros_setup/./config/freertos/nucleo_f446re/package.xml
[0.582s] -- Up-to-date: /home/botnuc/linorobot2_ws/install/micro_ros_setup/./config/freertos/nucleo_f446re/client_uros_packages.repos
[0.582s] -- Up-to-date: /home/botnuc/linorobot2_ws/install/micro_ros_setup/./config/freertos/nucleo_f446re/build.sh
[0.583s] -- Up-to-date: /home/botnuc/linorobot2_ws/install/micro_ros_setup/./config/freertos/nucleo_f446re/configure.sh
[0.583s] -- Up-to-date: /home/botnuc/linorobot2_ws/install/micro_ros_setup/./config/agent_uros_packages.repos
[0.583s] -- Up-to-date: /home/botnuc/linorobot2_ws/install/micro_ros_setup/./config/generate_lib
[0.607s] -- Up-to-date: /home/botnuc/linorobot2_ws/install/micro_ros_setup/./config/generate_lib/dev_ros2_packages.txt
[0.607s] -- Up-to-date: /home/botnuc/linorobot2_ws/install/micro_ros_setup/./config/generate_lib/generic
[0.621s] -- Up-to-date: /home/botnuc/linorobot2_ws/install/micro_ros_setup/./config/generate_lib/generic/flash.sh
[0.621s] -- Up-to-date: /home/botnuc/linorobot2_ws/install/micro_ros_setup/./config/generate_lib/generic/create.sh
[0.622s] -- Up-to-date: /home/botnuc/linorobot2_ws/install/micro_ros_setup/./config/generate_lib/generic/client-colcon.meta
[0.622s] -- Up-to-date: /home/botnuc/linorobot2_ws/install/micro_ros_setup/./config/generate_lib/generic/package.xml
[0.622s] -- Up-to-date: /home/botnuc/linorobot2_ws/install/micro_ros_setup/./config/generate_lib/generic/client_uros_packages.repos
[0.622s] -- Up-to-date: /home/botnuc/linorobot2_ws/install/micro_ros_setup/./config/generate_lib/generic/build.sh
[0.622s] -- Up-to-date: /home/botnuc/linorobot2_ws/install/micro_ros_setup/./config/generate_lib/generic/demo_toolchain.cmake
[0.622s] -- Up-to-date: /home/botnuc/linorobot2_ws/install/micro_ros_setup/./config/generate_lib/dev_uros_packages.repos
[0.622s] -- Up-to-date: /home/botnuc/linorobot2_ws/install/micro_ros_setup/./config/mbed
[0.622s] -- Up-to-date: /home/botnuc/linorobot2_ws/install/micro_ros_setup/./config/mbed/dev_ros2_packages.txt
[0.622s] -- Up-to-date: /home/botnuc/linorobot2_ws/install/micro_ros_setup/./config/mbed/generic
[0.622s] -- Up-to-date: /home/botnuc/linorobot2_ws/install/micro_ros_setup/./config/mbed/generic/flash.sh
[0.623s] -- Up-to-date: /home/botnuc/linorobot2_ws/install/micro_ros_setup/./config/mbed/generic/board.repos
[0.623s] -- Up-to-date: /home/botnuc/linorobot2_ws/install/micro_ros_setup/./config/mbed/generic/create.sh
[0.623s] -- Up-to-date: /home/botnuc/linorobot2_ws/install/micro_ros_setup/./config/mbed/generic/package.xml
[0.623s] -- Up-to-date: /home/botnuc/linorobot2_ws/install/micro_ros_setup/./config/mbed/generic/supported_platforms
[0.623s] -- Up-to-date: /home/botnuc/linorobot2_ws/install/micro_ros_setup/./config/mbed/generic/client_uros_packages.repos
[0.623s] -- Up-to-date: /home/botnuc/linorobot2_ws/install/micro_ros_setup/./config/mbed/generic/build.sh
[0.623s] -- Up-to-date: /home/botnuc/linorobot2_ws/install/micro_ros_setup/./config/mbed/dev_uros_packages.repos
[0.623s] -- Up-to-date: /home/botnuc/linorobot2_ws/install/micro_ros_setup/./config/mbed/list_apps.sh
[0.623s] -- Up-to-date: /home/botnuc/linorobot2_ws/install/micro_ros_setup/./config/raspbian
[0.639s] -- Up-to-date: /home/botnuc/linorobot2_ws/install/micro_ros_setup/./config/raspbian/dev_ros2_packages.txt
[0.639s] -- Up-to-date: /home/botnuc/linorobot2_ws/install/micro_ros_setup/./config/raspbian/generic
[0.644s] -- Up-to-date: /home/botnuc/linorobot2_ws/install/micro_ros_setup/./config/raspbian/generic/flash.sh
[0.644s] -- Up-to-date: /home/botnuc/linorobot2_ws/install/micro_ros_setup/./config/raspbian/generic/create.sh
[0.644s] -- Up-to-date: /home/botnuc/linorobot2_ws/install/micro_ros_setup/./config/raspbian/generic/client-colcon.meta
[0.644s] -- Up-to-date: /home/botnuc/linorobot2_ws/install/micro_ros_setup/./config/raspbian/generic/supported_platforms
[0.644s] -- Up-to-date: /home/botnuc/linorobot2_ws/install/micro_ros_setup/./config/raspbian/generic/client_uros_packages.repos
[0.644s] -- Up-to-date: /home/botnuc/linorobot2_ws/install/micro_ros_setup/./config/raspbian/generic/build.sh
[0.644s] -- Up-to-date: /home/botnuc/linorobot2_ws/install/micro_ros_setup/./config/raspbian/generic/configure.sh
[0.644s] -- Up-to-date: /home/botnuc/linorobot2_ws/install/micro_ros_setup/./config/raspbian/dev_uros_packages.repos
[0.644s] -- Up-to-date: /home/botnuc/linorobot2_ws/install/micro_ros_setup/./config/renesas_ra
[0.644s] -- Up-to-date: /home/botnuc/linorobot2_ws/install/micro_ros_setup/./config/renesas_ra/dev_ros2_packages.txt
[0.655s] -- Up-to-date: /home/botnuc/linorobot2_ws/install/micro_ros_setup/./config/renesas_ra/ra6m5
[0.655s] -- Up-to-date: /home/botnuc/linorobot2_ws/install/micro_ros_setup/./config/renesas_ra/ra6m5/flash.sh
[0.656s] -- Up-to-date: /home/botnuc/linorobot2_ws/install/micro_ros_setup/./config/renesas_ra/ra6m5/board.repos
[0.656s] -- Up-to-date: /home/botnuc/linorobot2_ws/install/micro_ros_setup/./config/renesas_ra/ra6m5/create.sh
[0.656s] -- Up-to-date: /home/botnuc/linorobot2_ws/install/micro_ros_setup/./config/renesas_ra/ra6m5/client-colcon.meta
[0.656s] -- Up-to-date: /home/botnuc/linorobot2_ws/install/micro_ros_setup/./config/renesas_ra/ra6m5/client_uros_packages.repos
[0.656s] -- Up-to-date: /home/botnuc/linorobot2_ws/install/micro_ros_setup/./config/renesas_ra/ra6m5/build.sh
[0.656s] -- Up-to-date: /home/botnuc/linorobot2_ws/install/micro_ros_setup/./config/renesas_ra/ra6m5/configure.sh
[0.656s] -- Up-to-date: /home/botnuc/linorobot2_ws/install/micro_ros_setup/./config/renesas_ra/dev_uros_packages.repos
[0.656s] -- Up-to-date: /home/botnuc/linorobot2_ws/install/micro_ros_setup/./config/renesas_ra/list_apps.sh
[0.656s] -- Up-to-date: /home/botnuc/linorobot2_ws/install/micro_ros_setup/./config/client_uros_packages.repos
[0.656s] -- Up-to-date: /home/botnuc/linorobot2_ws/install/micro_ros_setup/./config/host
[0.657s] -- Up-to-date: /home/botnuc/linorobot2_ws/install/micro_ros_setup/./config/host/dev_ros2_packages.txt
[0.663s] -- Up-to-date: /home/botnuc/linorobot2_ws/install/micro_ros_setup/./config/host/generic
[0.664s] -- Up-to-date: /home/botnuc/linorobot2_ws/install/micro_ros_setup/./config/host/generic/client-host-colcon.meta
[0.664s] -- Up-to-date: /home/botnuc/linorobot2_ws/install/micro_ros_setup/./config/host/generic/flash.sh
[0.664s] -- Up-to-date: /home/botnuc/linorobot2_ws/install/micro_ros_setup/./config/host/generic/client_host_packages.repos
[0.664s] -- Up-to-date: /home/botnuc/linorobot2_ws/install/micro_ros_setup/./config/host/generic/create.sh
[0.665s] -- Up-to-date: /home/botnuc/linorobot2_ws/install/micro_ros_setup/./config/host/generic/package.xml
[0.665s] -- Up-to-date: /home/botnuc/linorobot2_ws/install/micro_ros_setup/./config/host/generic/build.sh
[0.665s] -- Up-to-date: /home/botnuc/linorobot2_ws/install/micro_ros_setup/./config/host/dev_uros_packages.repos
[0.665s] -- Up-to-date: /home/botnuc/linorobot2_ws/install/micro_ros_setup/./config/host/client_ros2_packages.txt
[0.665s] -- Up-to-date: /home/botnuc/linorobot2_ws/install/micro_ros_setup/./config/utils.sh
[0.665s] -- Up-to-date: /home/botnuc/linorobot2_ws/install/micro_ros_setup/./config/client_ros2_packages.txt
[0.683s] -- Up-to-date: /home/botnuc/linorobot2_ws/install/micro_ros_setup/./config/zephyr
[0.683s] -- Up-to-date: /home/botnuc/linorobot2_ws/install/micro_ros_setup/./config/zephyr/dev_ros2_packages.txt
[0.683s] -- Up-to-date: /home/botnuc/linorobot2_ws/install/micro_ros_setup/./config/zephyr/generic
[0.683s] -- Up-to-date: /home/botnuc/linorobot2_ws/install/micro_ros_setup/./config/zephyr/generic/flash.sh
[0.683s] -- Up-to-date: /home/botnuc/linorobot2_ws/install/micro_ros_setup/./config/zephyr/generic/board.repos
[0.683s] -- Up-to-date: /home/botnuc/linorobot2_ws/install/micro_ros_setup/./config/zephyr/generic/create.sh
[0.684s] -- Up-to-date: /home/botnuc/linorobot2_ws/install/micro_ros_setup/./config/zephyr/generic/client-colcon.meta
[0.689s] -- Up-to-date: /home/botnuc/linorobot2_ws/install/micro_ros_setup/./config/zephyr/generic/package.xml
[0.689s] -- Up-to-date: /home/botnuc/linorobot2_ws/install/micro_ros_setup/./config/zephyr/generic/supported_platforms
[0.689s] -- Up-to-date: /home/botnuc/linorobot2_ws/install/micro_ros_setup/./config/zephyr/generic/client_uros_packages.repos
[0.689s] -- Up-to-date: /home/botnuc/linorobot2_ws/install/micro_ros_setup/./config/zephyr/generic/build.sh
[0.689s] -- Up-to-date: /home/botnuc/linorobot2_ws/install/micro_ros_setup/./config/zephyr/generic/configure.sh
[0.689s] -- Up-to-date: /home/botnuc/linorobot2_ws/install/micro_ros_setup/./config/zephyr/dev_uros_packages.repos
[0.689s] -- Up-to-date: /home/botnuc/linorobot2_ws/install/micro_ros_setup/./config/zephyr/list_apps.sh
[0.690s] -- Up-to-date: /home/botnuc/linorobot2_ws/install/micro_ros_setup/./config/agent_ros2_packages.txt
[0.694s] -- Up-to-date: /home/botnuc/linorobot2_ws/install/micro_ros_setup/lib/micro_ros_setup/create_ws.sh
[0.694s] -- Up-to-date: /home/botnuc/linorobot2_ws/install/micro_ros_setup/lib/micro_ros_setup/create_agent_ws.sh
[0.697s] -- Up-to-date: /home/botnuc/linorobot2_ws/install/micro_ros_setup/lib/micro_ros_setup/create_firmware_ws.sh
[0.701s] -- Up-to-date: /home/botnuc/linorobot2_ws/install/micro_ros_setup/lib/micro_ros_setup/configure_firmware.sh
[0.701s] -- Up-to-date: /home/botnuc/linorobot2_ws/install/micro_ros_setup/lib/micro_ros_setup/flash_firmware.sh
[0.702s] -- Up-to-date: /home/botnuc/linorobot2_ws/install/micro_ros_setup/lib/micro_ros_setup/build_firmware.sh
[0.702s] -- Up-to-date: /home/botnuc/linorobot2_ws/install/micro_ros_setup/lib/micro_ros_setup/build_agent.sh
[0.702s] -- Up-to-date: /home/botnuc/linorobot2_ws/install/micro_ros_setup/lib/micro_ros_setup/yaml_filter.py
[0.702s] -- Up-to-date: /home/botnuc/linorobot2_ws/install/micro_ros_setup/lib/micro_ros_setup/clean_env.sh
[0.703s] -- Up-to-date: /home/botnuc/linorobot2_ws/install/micro_ros_setup/lib/micro_ros_setup/component
[0.703s] Invoked command in '/home/botnuc/linorobot2_ws/build/micro_ros_setup' returned '0': CMAKE_PREFIX_PATH=${CMAKE_PREFIX_PATH}:/opt/ros/humble /usr/bin/cmake --install /home/botnuc/linorobot2_ws/build/micro_ros_setup
