[0.142s] Invoking command in '/home/botnuc/linorobot2_ws/build/linorobot2_base': CMAKE_PREFIX_PATH=${CMAKE_PREFIX_PATH}:/opt/ros/humble /usr/bin/cmake --build /home/botnuc/linorobot2_ws/build/linorobot2_base -- -j4 -l4
[0.561s] Invoked command in '/home/botnuc/linorobot2_ws/build/linorobot2_base' returned '0': CMAKE_PREFIX_PATH=${CMAKE_PREFIX_PATH}:/opt/ros/humble /usr/bin/cmake --build /home/botnuc/linorobot2_ws/build/linorobot2_base -- -j4 -l4
[0.821s] Invoking command in '/home/botnuc/linorobot2_ws/build/linorobot2_base': CMAKE_PREFIX_PATH=${CMAKE_PREFIX_PATH}:/opt/ros/humble /usr/bin/cmake --install /home/botnuc/linorobot2_ws/build/linorobot2_base
[0.843s] -- Install configuration: ""
[0.843s] -- Up-to-date: /home/botnuc/linorobot2_ws/install/linorobot2_base/share/linorobot2_base/config
[0.847s] -- Up-to-date: /home/botnuc/linorobot2_ws/install/linorobot2_base/share/linorobot2_base/config/ekf.yaml
[0.848s] -- Up-to-date: /home/botnuc/linorobot2_ws/install/linorobot2_base/share/ament_index/resource_index/package_run_dependencies/linorobot2_base
[0.848s] -- Up-to-date: /home/botnuc/linorobot2_ws/install/linorobot2_base/share/ament_index/resource_index/parent_prefix_path/linorobot2_base
[0.853s] -- Up-to-date: /home/botnuc/linorobot2_ws/install/linorobot2_base/share/linorobot2_base/environment/ament_prefix_path.sh
[0.853s] -- Up-to-date: /home/botnuc/linorobot2_ws/install/linorobot2_base/share/linorobot2_base/environment/ament_prefix_path.dsv
[0.853s] -- Up-to-date: /home/botnuc/linorobot2_ws/install/linorobot2_base/share/linorobot2_base/environment/path.sh
[0.853s] -- Up-to-date: /home/botnuc/linorobot2_ws/install/linorobot2_base/share/linorobot2_base/environment/path.dsv
[0.853s] -- Up-to-date: /home/botnuc/linorobot2_ws/install/linorobot2_base/share/linorobot2_base/local_setup.bash
[0.854s] -- Up-to-date: /home/botnuc/linorobot2_ws/install/linorobot2_base/share/linorobot2_base/local_setup.sh
[0.854s] -- Up-to-date: /home/botnuc/linorobot2_ws/install/linorobot2_base/share/linorobot2_base/local_setup.zsh
[0.854s] -- Up-to-date: /home/botnuc/linorobot2_ws/install/linorobot2_base/share/linorobot2_base/local_setup.dsv
[0.854s] -- Installing: /home/botnuc/linorobot2_ws/install/linorobot2_base/share/linorobot2_base/package.dsv
[0.854s] -- Up-to-date: /home/botnuc/linorobot2_ws/install/linorobot2_base/share/ament_index/resource_index/packages/linorobot2_base
[0.854s] -- Up-to-date: /home/botnuc/linorobot2_ws/install/linorobot2_base/share/linorobot2_base/cmake/linorobot2_baseConfig.cmake
[0.854s] -- Up-to-date: /home/botnuc/linorobot2_ws/install/linorobot2_base/share/linorobot2_base/cmake/linorobot2_baseConfig-version.cmake
[0.855s] -- Up-to-date: /home/botnuc/linorobot2_ws/install/linorobot2_base/share/linorobot2_base/package.xml
[0.895s] Invoked command in '/home/botnuc/linorobot2_ws/build/linorobot2_base' returned '0': CMAKE_PREFIX_PATH=${CMAKE_PREFIX_PATH}:/opt/ros/humble /usr/bin/cmake --install /home/botnuc/linorobot2_ws/build/linorobot2_base
