[0.088s] Invoking command in '/home/botnuc/linorobot2_ws/build/linorobot2_navigation': CMAKE_PREFIX_PATH=${CMAKE_PREFIX_PATH}:/opt/ros/humble /usr/bin/cmake --build /home/botnuc/linorobot2_ws/build/linorobot2_navigation -- -j4 -l4
[0.533s] Invoked command in '/home/botnuc/linorobot2_ws/build/linorobot2_navigation' returned '0': CMAKE_PREFIX_PATH=${CMAKE_PREFIX_PATH}:/opt/ros/humble /usr/bin/cmake --build /home/botnuc/linorobot2_ws/build/linorobot2_navigation -- -j4 -l4
[0.887s] Invoking command in '/home/botnuc/linorobot2_ws/build/linorobot2_navigation': CMAKE_PREFIX_PATH=${CMAKE_PREFIX_PATH}:/opt/ros/humble /usr/bin/cmake --install /home/botnuc/linorobot2_ws/build/linorobot2_navigation
[1.031s] -- Install configuration: ""
[1.031s] -- Up-to-date: /home/botnuc/linorobot2_ws/install/linorobot2_navigation/share/linorobot2_navigation/launch
[1.031s] -- Up-to-date: /home/botnuc/linorobot2_ws/install/linorobot2_navigation/share/linorobot2_navigation/launch/navigation.launch.py
[1.031s] -- Up-to-date: /home/botnuc/linorobot2_ws/install/linorobot2_navigation/share/linorobot2_navigation/launch/slam.launch.py
[1.031s] -- Up-to-date: /home/botnuc/linorobot2_ws/install/linorobot2_navigation/share/linorobot2_navigation/rviz
[1.033s] -- Up-to-date: /home/botnuc/linorobot2_ws/install/linorobot2_navigation/share/linorobot2_navigation/rviz/linorobot2_navigation.rviz
[1.033s] -- Up-to-date: /home/botnuc/linorobot2_ws/install/linorobot2_navigation/share/linorobot2_navigation/rviz/linorobot2_navigation_minimal.rviz
[1.033s] -- Up-to-date: /home/botnuc/linorobot2_ws/install/linorobot2_navigation/share/linorobot2_navigation/rviz/linorobot2_slam.rviz
[1.033s] -- Up-to-date: /home/botnuc/linorobot2_ws/install/linorobot2_navigation/share/linorobot2_navigation/config
[1.034s] -- Up-to-date: /home/botnuc/linorobot2_ws/install/linorobot2_navigation/share/linorobot2_navigation/config/navigation.yaml
[1.034s] -- Up-to-date: /home/botnuc/linorobot2_ws/install/linorobot2_navigation/share/linorobot2_navigation/config/slam.yaml
[1.034s] -- Up-to-date: /home/botnuc/linorobot2_ws/install/linorobot2_navigation/share/linorobot2_navigation/config/navigation_sim.yaml
[1.034s] -- Up-to-date: /home/botnuc/linorobot2_ws/install/linorobot2_navigation/share/linorobot2_navigation/maps
[1.034s] -- Up-to-date: /home/botnuc/linorobot2_ws/install/linorobot2_navigation/share/linorobot2_navigation/maps/playground.pgm
[1.034s] -- Up-to-date: /home/botnuc/linorobot2_ws/install/linorobot2_navigation/share/linorobot2_navigation/maps/habitacion_ricar.yaml
[1.034s] -- Up-to-date: /home/botnuc/linorobot2_ws/install/linorobot2_navigation/share/linorobot2_navigation/maps/habitacion_ricardo.pgm
[1.035s] -- Up-to-date: /home/botnuc/linorobot2_ws/install/linorobot2_navigation/share/linorobot2_navigation/maps/habitacion_ricardo.yaml
[1.035s] -- Up-to-date: /home/botnuc/linorobot2_ws/install/linorobot2_navigation/share/linorobot2_navigation/maps/habitacion_ricardo2.pgm
[1.035s] -- Up-to-date: /home/botnuc/linorobot2_ws/install/linorobot2_navigation/share/linorobot2_navigation/maps/habitacion_ricar.pgm
[1.035s] -- Up-to-date: /home/botnuc/linorobot2_ws/install/linorobot2_navigation/share/linorobot2_navigation/maps/map.yaml
[1.046s] -- Up-to-date: /home/botnuc/linorobot2_ws/install/linorobot2_navigation/share/linorobot2_navigation/maps/playground.yaml
[1.046s] -- Up-to-date: /home/botnuc/linorobot2_ws/install/linorobot2_navigation/share/linorobot2_navigation/maps/habitacion_ricardo2.yaml
[1.046s] -- Up-to-date: /home/botnuc/linorobot2_ws/install/linorobot2_navigation/share/linorobot2_navigation/maps/map.pgm
[1.046s] -- Up-to-date: /home/botnuc/linorobot2_ws/install/linorobot2_navigation/share/ament_index/resource_index/package_run_dependencies/linorobot2_navigation
[1.046s] -- Up-to-date: /home/botnuc/linorobot2_ws/install/linorobot2_navigation/share/ament_index/resource_index/parent_prefix_path/linorobot2_navigation
[1.046s] -- Up-to-date: /home/botnuc/linorobot2_ws/install/linorobot2_navigation/share/linorobot2_navigation/environment/ament_prefix_path.sh
[1.046s] -- Up-to-date: /home/botnuc/linorobot2_ws/install/linorobot2_navigation/share/linorobot2_navigation/environment/ament_prefix_path.dsv
[1.046s] -- Up-to-date: /home/botnuc/linorobot2_ws/install/linorobot2_navigation/share/linorobot2_navigation/environment/path.sh
[1.047s] -- Up-to-date: /home/botnuc/linorobot2_ws/install/linorobot2_navigation/share/linorobot2_navigation/environment/path.dsv
[1.047s] -- Up-to-date: /home/botnuc/linorobot2_ws/install/linorobot2_navigation/share/linorobot2_navigation/local_setup.bash
[1.047s] -- Up-to-date: /home/botnuc/linorobot2_ws/install/linorobot2_navigation/share/linorobot2_navigation/local_setup.sh
[1.047s] -- Up-to-date: /home/botnuc/linorobot2_ws/install/linorobot2_navigation/share/linorobot2_navigation/local_setup.zsh
[1.047s] -- Up-to-date: /home/botnuc/linorobot2_ws/install/linorobot2_navigation/share/linorobot2_navigation/local_setup.dsv
[1.047s] -- Installing: /home/botnuc/linorobot2_ws/install/linorobot2_navigation/share/linorobot2_navigation/package.dsv
[1.047s] -- Up-to-date: /home/botnuc/linorobot2_ws/install/linorobot2_navigation/share/ament_index/resource_index/packages/linorobot2_navigation
[1.047s] -- Up-to-date: /home/botnuc/linorobot2_ws/install/linorobot2_navigation/share/linorobot2_navigation/cmake/linorobot2_navigationConfig.cmake
[1.047s] -- Up-to-date: /home/botnuc/linorobot2_ws/install/linorobot2_navigation/share/linorobot2_navigation/cmake/linorobot2_navigationConfig-version.cmake
[1.048s] -- Up-to-date: /home/botnuc/linorobot2_ws/install/linorobot2_navigation/share/linorobot2_navigation/package.xml
[1.083s] Invoked command in '/home/botnuc/linorobot2_ws/build/linorobot2_navigation' returned '0': CMAKE_PREFIX_PATH=${CMAKE_PREFIX_PATH}:/opt/ros/humble /usr/bin/cmake --install /home/botnuc/linorobot2_ws/build/linorobot2_navigation
