[0.013s] Invoking command in '/home/botnuc/linorobot2_ws/build/velodyne_pointcloud': AMENT_PREFIX_PATH=/home/botnuc/linorobot2_ws/install/velodyne_msgs:${AMENT_PREFIX_PATH} CMAKE_PREFIX_PATH=/home/botnuc/linorobot2_ws/install/velodyne_msgs:/home/botnuc/linorobot2_ws/install/sllidar_ros2:/home/botnuc/linorobot2_ws/install/micro_ros_setup:/home/botnuc/linorobot2_ws/install/linorobot2_bringup:/home/botnuc/linorobot2_ws/install/micro_ros_agent:/home/botnuc/linorobot2_ws/install/micro_ros_msgs:/home/botnuc/linorobot2_ws/install/linorobot2_navigation:/home/botnuc/linorobot2_ws/install/linorobot2_description:/home/botnuc/linorobot2_ws/install/linorobot2_base:/home/botnuc/linorobot2_ws/install/linorobot2:/home/botnuc/linorobot2_ws/install/camera_detection:/home/botnuc/linorobot2_ws/install/behavior_tree:/opt/ros/humble LD_LIBRARY_PATH=/home/botnuc/linorobot2_ws/install/velodyne_msgs/lib:${LD_LIBRARY_PATH} PYTHONPATH=/home/botnuc/linorobot2_ws/install/velodyne_msgs/local/lib/python3.10/dist-packages:${PYTHONPATH} /usr/bin/cmake /home/botnuc/linorobot2_ws/src/velodyne/velodyne_pointcloud -DCMAKE_INSTALL_PREFIX=/home/botnuc/linorobot2_ws/install/velodyne_pointcloud
[0.110s] -- The C compiler identification is GNU 11.4.0
[0.192s] -- The CXX compiler identification is GNU 11.4.0
[0.202s] -- Detecting C compiler ABI info
[0.301s] -- Detecting C compiler ABI info - done
[0.314s] -- Check for working C compiler: /usr/bin/cc - skipped
[0.314s] -- Detecting C compile features
[0.315s] -- Detecting C compile features - done
[0.323s] -- Detecting CXX compiler ABI info
[0.441s] -- Detecting CXX compiler ABI info - done
[0.458s] -- Check for working CXX compiler: /usr/bin/c++ - skipped
[0.458s] -- Detecting CXX compile features
[0.459s] -- Detecting CXX compile features - done
[0.464s] -- Found ament_cmake: 1.3.10 (/opt/ros/humble/share/ament_cmake/cmake)
[0.704s] -- Found Python3: /usr/bin/python3 (found version "3.10.12") found components: Interpreter 
[0.864s] -- Found angles: 1.15.0 (/opt/ros/humble/share/angles/cmake)
[0.874s] -- Found diagnostic_updater: 4.0.0 (/opt/ros/humble/share/diagnostic_updater/cmake)
[1.000s] -- Found rosidl_generator_c: 3.1.5 (/opt/ros/humble/share/rosidl_generator_c/cmake)
[1.023s] -- Found rosidl_adapter: 3.1.5 (/opt/ros/humble/share/rosidl_adapter/cmake)
[1.042s] -- Found rosidl_generator_cpp: 3.1.5 (/opt/ros/humble/share/rosidl_generator_cpp/cmake)
[1.066s] -- Using all available rosidl_typesupport_c: rosidl_typesupport_fastrtps_c;rosidl_typesupport_introspection_c
[1.097s] -- Using all available rosidl_typesupport_cpp: rosidl_typesupport_fastrtps_cpp;rosidl_typesupport_introspection_cpp
[1.269s] -- Found rmw_implementation_cmake: 6.1.2 (/opt/ros/humble/share/rmw_implementation_cmake/cmake)
[1.275s] -- Found rmw_fastrtps_cpp: 6.2.7 (/opt/ros/humble/share/rmw_fastrtps_cpp/cmake)
[1.479s] -- Found OpenSSL: /usr/lib/x86_64-linux-gnu/libcrypto.so (found version "3.0.2")  
[1.557s] -- Found FastRTPS: /opt/ros/humble/include  
[1.683s] -- Using RMW implementation 'rmw_fastrtps_cpp' as default
[1.720s] -- Looking for pthread.h
[1.935s] -- Looking for pthread.h - found
[1.935s] -- Performing Test CMAKE_HAVE_LIBC_PTHREAD
[2.130s] -- Performing Test CMAKE_HAVE_LIBC_PTHREAD - Success
[2.131s] -- Found Threads: TRUE  
[2.322s] -- Found geometry_msgs: 4.2.4 (/opt/ros/humble/share/geometry_msgs/cmake)
[2.373s] -- Found message_filters: 4.3.5 (/opt/ros/humble/share/message_filters/cmake)
[2.421s] -- Checking for module 'eigen3'
[2.455s] --   Found eigen3, version 3.4.0
[2.540s] -- Found Eigen: /usr/include/eigen3 (Required is at least version "3.1") 
[2.540s] -- Eigen found (include: /usr/include/eigen3, version: 3.4.0)
[2.625s] -- Found Boost: /usr/lib/x86_64-linux-gnu/cmake/Boost-1.74.0/BoostConfig.cmake (found suitable version "1.74.0", minimum required is "1.65.0") found components: system filesystem date_time iostreams serialization 
[2.632s] -- looking for PCL_COMMON
[2.632s] -- Found PCL_COMMON: /usr/lib/x86_64-linux-gnu/libpcl_common.so  
[2.636s] -- Found PCL: pcl_common;Boost::system;Boost::filesystem;Boost::date_time;Boost::iostreams;Boost::serialization  
[2.643s] -- Found rclcpp_components: 16.0.10 (/opt/ros/humble/share/rclcpp_components/cmake)
[2.746s] -- Found sensor_msgs: 4.2.4 (/opt/ros/humble/share/sensor_msgs/cmake)
[2.817s] -- Found tf2: 0.25.8 (/opt/ros/humble/share/tf2/cmake)
[2.835s] -- Found tf2_ros: 0.25.8 (/opt/ros/humble/share/tf2_ros/cmake)
[3.051s] -- Found velodyne_msgs: 2.5.1 (/home/botnuc/linorobot2_ws/install/velodyne_msgs/share/velodyne_msgs/cmake)
[3.107s] -- Found ament_lint_auto: 0.12.11 (/opt/ros/humble/share/ament_lint_auto/cmake)
[3.367s] -- Found gtest sources under '/opt/ros/humble/src/gtest_vendor': C++ tests using 'Google Test' will be built
[3.394s] -- Added test 'copyright' to check source files copyright and LICENSE
[3.409s] -- Added test 'cppcheck' to perform static code analysis on C / C++ code
[3.409s] -- Configured cppcheck include dirs: $<BUILD_INTERFACE:/home/botnuc/linorobot2_ws/src/velodyne/velodyne_pointcloud/include>
[3.409s] -- Configured cppcheck exclude dirs and/or files: 
[3.419s] -- Added test 'cpplint' to check C / C++ code against the Google style
[3.420s] -- Configured cpplint exclude dirs and/or files: 
[3.420s] -- Added test 'flake8' to check Python code syntax and style conventions
[3.426s] -- Added test 'lint_cmake' to check CMake code style
[3.431s] -- Added test 'pep257' to check Python code against some of the docstring style conventions in PEP 257
[3.438s] -- Added test 'uncrustify' to check C / C++ code style
[3.440s] -- Configured uncrustify additional arguments: 
[3.452s] -- Configuring done
[3.556s] -- Generating done
[3.561s] -- Build files have been written to: /home/botnuc/linorobot2_ws/build/velodyne_pointcloud
[3.589s] Invoked command in '/home/botnuc/linorobot2_ws/build/velodyne_pointcloud' returned '0': AMENT_PREFIX_PATH=/home/botnuc/linorobot2_ws/install/velodyne_msgs:${AMENT_PREFIX_PATH} CMAKE_PREFIX_PATH=/home/botnuc/linorobot2_ws/install/velodyne_msgs:/home/botnuc/linorobot2_ws/install/sllidar_ros2:/home/botnuc/linorobot2_ws/install/micro_ros_setup:/home/botnuc/linorobot2_ws/install/linorobot2_bringup:/home/botnuc/linorobot2_ws/install/micro_ros_agent:/home/botnuc/linorobot2_ws/install/micro_ros_msgs:/home/botnuc/linorobot2_ws/install/linorobot2_navigation:/home/botnuc/linorobot2_ws/install/linorobot2_description:/home/botnuc/linorobot2_ws/install/linorobot2_base:/home/botnuc/linorobot2_ws/install/linorobot2:/home/botnuc/linorobot2_ws/install/camera_detection:/home/botnuc/linorobot2_ws/install/behavior_tree:/opt/ros/humble LD_LIBRARY_PATH=/home/botnuc/linorobot2_ws/install/velodyne_msgs/lib:${LD_LIBRARY_PATH} PYTHONPATH=/home/botnuc/linorobot2_ws/install/velodyne_msgs/local/lib/python3.10/dist-packages:${PYTHONPATH} /usr/bin/cmake /home/botnuc/linorobot2_ws/src/velodyne/velodyne_pointcloud -DCMAKE_INSTALL_PREFIX=/home/botnuc/linorobot2_ws/install/velodyne_pointcloud
[3.590s] Invoking command in '/home/botnuc/linorobot2_ws/build/velodyne_pointcloud': AMENT_PREFIX_PATH=/home/botnuc/linorobot2_ws/install/velodyne_msgs:${AMENT_PREFIX_PATH} CMAKE_PREFIX_PATH=/home/botnuc/linorobot2_ws/install/velodyne_msgs:/home/botnuc/linorobot2_ws/install/sllidar_ros2:/home/botnuc/linorobot2_ws/install/micro_ros_setup:/home/botnuc/linorobot2_ws/install/linorobot2_bringup:/home/botnuc/linorobot2_ws/install/micro_ros_agent:/home/botnuc/linorobot2_ws/install/micro_ros_msgs:/home/botnuc/linorobot2_ws/install/linorobot2_navigation:/home/botnuc/linorobot2_ws/install/linorobot2_description:/home/botnuc/linorobot2_ws/install/linorobot2_base:/home/botnuc/linorobot2_ws/install/linorobot2:/home/botnuc/linorobot2_ws/install/camera_detection:/home/botnuc/linorobot2_ws/install/behavior_tree:/opt/ros/humble LD_LIBRARY_PATH=/home/botnuc/linorobot2_ws/install/velodyne_msgs/lib:${LD_LIBRARY_PATH} PYTHONPATH=/home/botnuc/linorobot2_ws/install/velodyne_msgs/local/lib/python3.10/dist-packages:${PYTHONPATH} /usr/bin/cmake --build /home/botnuc/linorobot2_ws/build/velodyne_pointcloud -- -j4 -l4
[3.737s] [  5%] [32mBuilding CXX object CMakeFiles/velodyne_rawdata.dir/src/lib/rawdata.cpp.o[0m
[3.737s] [ 11%] [32mBuilding CXX object gtest/CMakeFiles/gtest_main.dir/src/gtest_main.cc.o[0m
[3.737s] [ 16%] [32mBuilding CXX object CMakeFiles/velodyne_cloud_types.dir/src/lib/pointcloudXYZIRT.cpp.o[0m
[5.731s] [ 22%] [32m[1mLinking CXX static library libgtest_main.a[0m
[5.884s] [ 22%] Built target gtest_main
[12.546s] [ 27%] [32mBuilding CXX object CMakeFiles/velodyne_cloud_types.dir/src/lib/organized_cloudXYZIRT.cpp.o[0m
[12.808s] [ 33%] [32mBuilding CXX object CMakeFiles/velodyne_rawdata.dir/src/lib/calibration.cpp.o[0m
[17.801s] [ 38%] [32m[1mLinking CXX shared library libvelodyne_rawdata.so[0m
[18.031s] [ 38%] Built target velodyne_rawdata
[18.058s] [ 44%] [32m[1mLinking CXX shared library libvelodyne_cloud_types.so[0m
[18.189s] [ 44%] Built target velodyne_cloud_types
[18.209s] [ 50%] [32mBuilding CXX object gtest/CMakeFiles/gtest.dir/src/gtest-all.cc.o[0m
[20.901s] [ 55%] [32m[1mLinking CXX static library libgtest.a[0m
[20.988s] [ 55%] Built target gtest
[21.010s] [ 61%] [32mBuilding CXX object CMakeFiles/transform.dir/src/conversions/transform.cpp.o[0m
[21.015s] [ 66%] [32mBuilding CXX object tests/CMakeFiles/test_row_step.dir/test_row_step.cpp.o[0m
[29.075s] [ 72%] [32m[1mLinking CXX executable test_row_step[0m
[29.306s] [ 72%] Built target test_row_step
[29.326s] [ 77%] [32mBuilding CXX object tests/CMakeFiles/test_calibration.dir/test_calibration.cpp.o[0m
[30.502s] [ 83%] [32m[1mLinking CXX executable test_calibration[0m
[30.704s] [ 83%] Built target test_calibration
[34.791s] [ 88%] [32m[1mLinking CXX shared library libtransform.so[0m
[35.348s] [ 88%] Built target transform
[35.367s] [ 94%] [32mBuilding CXX object CMakeFiles/velodyne_transform_node.dir/src/conversions/transform_node.cpp.o[0m
[40.489s] [100%] [32m[1mLinking CXX executable velodyne_transform_node[0m
[40.777s] [100%] Built target velodyne_transform_node
[40.790s] Invoked command in '/home/botnuc/linorobot2_ws/build/velodyne_pointcloud' returned '0': AMENT_PREFIX_PATH=/home/botnuc/linorobot2_ws/install/velodyne_msgs:${AMENT_PREFIX_PATH} CMAKE_PREFIX_PATH=/home/botnuc/linorobot2_ws/install/velodyne_msgs:/home/botnuc/linorobot2_ws/install/sllidar_ros2:/home/botnuc/linorobot2_ws/install/micro_ros_setup:/home/botnuc/linorobot2_ws/install/linorobot2_bringup:/home/botnuc/linorobot2_ws/install/micro_ros_agent:/home/botnuc/linorobot2_ws/install/micro_ros_msgs:/home/botnuc/linorobot2_ws/install/linorobot2_navigation:/home/botnuc/linorobot2_ws/install/linorobot2_description:/home/botnuc/linorobot2_ws/install/linorobot2_base:/home/botnuc/linorobot2_ws/install/linorobot2:/home/botnuc/linorobot2_ws/install/camera_detection:/home/botnuc/linorobot2_ws/install/behavior_tree:/opt/ros/humble LD_LIBRARY_PATH=/home/botnuc/linorobot2_ws/install/velodyne_msgs/lib:${LD_LIBRARY_PATH} PYTHONPATH=/home/botnuc/linorobot2_ws/install/velodyne_msgs/local/lib/python3.10/dist-packages:${PYTHONPATH} /usr/bin/cmake --build /home/botnuc/linorobot2_ws/build/velodyne_pointcloud -- -j4 -l4
[40.832s] Invoking command in '/home/botnuc/linorobot2_ws/build/velodyne_pointcloud': AMENT_PREFIX_PATH=/home/botnuc/linorobot2_ws/install/velodyne_msgs:${AMENT_PREFIX_PATH} CMAKE_PREFIX_PATH=/home/botnuc/linorobot2_ws/install/velodyne_msgs:/home/botnuc/linorobot2_ws/install/sllidar_ros2:/home/botnuc/linorobot2_ws/install/micro_ros_setup:/home/botnuc/linorobot2_ws/install/linorobot2_bringup:/home/botnuc/linorobot2_ws/install/micro_ros_agent:/home/botnuc/linorobot2_ws/install/micro_ros_msgs:/home/botnuc/linorobot2_ws/install/linorobot2_navigation:/home/botnuc/linorobot2_ws/install/linorobot2_description:/home/botnuc/linorobot2_ws/install/linorobot2_base:/home/botnuc/linorobot2_ws/install/linorobot2:/home/botnuc/linorobot2_ws/install/camera_detection:/home/botnuc/linorobot2_ws/install/behavior_tree:/opt/ros/humble LD_LIBRARY_PATH=/home/botnuc/linorobot2_ws/install/velodyne_msgs/lib:${LD_LIBRARY_PATH} PYTHONPATH=/home/botnuc/linorobot2_ws/install/velodyne_msgs/local/lib/python3.10/dist-packages:${PYTHONPATH} /usr/bin/cmake --install /home/botnuc/linorobot2_ws/build/velodyne_pointcloud
[40.838s] -- Install configuration: ""
[40.838s] -- Installing: /home/botnuc/linorobot2_ws/install/velodyne_pointcloud/lib/libvelodyne_cloud_types.so
[40.839s] -- Set runtime path of "/home/botnuc/linorobot2_ws/install/velodyne_pointcloud/lib/libvelodyne_cloud_types.so" to ""
[40.839s] -- Installing: /home/botnuc/linorobot2_ws/install/velodyne_pointcloud/lib/libvelodyne_rawdata.so
[40.840s] -- Set runtime path of "/home/botnuc/linorobot2_ws/install/velodyne_pointcloud/lib/libvelodyne_rawdata.so" to ""
[40.840s] -- Installing: /home/botnuc/linorobot2_ws/install/velodyne_pointcloud/lib/libtransform.so
[40.846s] -- Set runtime path of "/home/botnuc/linorobot2_ws/install/velodyne_pointcloud/lib/libtransform.so" to ""
[40.847s] -- Installing: /home/botnuc/linorobot2_ws/install/velodyne_pointcloud/lib/velodyne_pointcloud/velodyne_transform_node
[40.847s] -- Set runtime path of "/home/botnuc/linorobot2_ws/install/velodyne_pointcloud/lib/velodyne_pointcloud/velodyne_transform_node" to ""
[40.847s] -- Installing: /home/botnuc/linorobot2_ws/install/velodyne_pointcloud/include/velodyne_pointcloud
[40.848s] -- Installing: /home/botnuc/linorobot2_ws/install/velodyne_pointcloud/include/velodyne_pointcloud/datacontainerbase.hpp
[40.848s] -- Installing: /home/botnuc/linorobot2_ws/install/velodyne_pointcloud/include/velodyne_pointcloud/transform.hpp
[40.848s] -- Installing: /home/botnuc/linorobot2_ws/install/velodyne_pointcloud/include/velodyne_pointcloud/pointcloudXYZIRT.hpp
[40.848s] -- Installing: /home/botnuc/linorobot2_ws/install/velodyne_pointcloud/include/velodyne_pointcloud/organized_cloudXYZIRT.hpp
[40.848s] -- Installing: /home/botnuc/linorobot2_ws/install/velodyne_pointcloud/include/velodyne_pointcloud/rawdata.hpp
[40.848s] -- Installing: /home/botnuc/linorobot2_ws/install/velodyne_pointcloud/include/velodyne_pointcloud/calibration.hpp
[40.848s] -- Installing: /home/botnuc/linorobot2_ws/install/velodyne_pointcloud/share/velodyne_pointcloud/config
[40.848s] -- Installing: /home/botnuc/linorobot2_ws/install/velodyne_pointcloud/share/velodyne_pointcloud/config/VLS128-velodyne_transform_node-params.yaml
[40.849s] -- Installing: /home/botnuc/linorobot2_ws/install/velodyne_pointcloud/share/velodyne_pointcloud/config/VLP32C-velodyne_transform_node-params.yaml
[40.849s] -- Installing: /home/botnuc/linorobot2_ws/install/velodyne_pointcloud/share/velodyne_pointcloud/config/VLP16-velodyne_transform_node-params.yaml
[40.849s] -- Installing: /home/botnuc/linorobot2_ws/install/velodyne_pointcloud/share/velodyne_pointcloud/launch
[40.849s] -- Installing: /home/botnuc/linorobot2_ws/install/velodyne_pointcloud/share/velodyne_pointcloud/launch/velodyne_transform_node-VLP16-launch.py
[40.849s] -- Installing: /home/botnuc/linorobot2_ws/install/velodyne_pointcloud/share/velodyne_pointcloud/launch/velodyne_transform_node-VLP32C-composed-launch.py
[40.849s] -- Installing: /home/botnuc/linorobot2_ws/install/velodyne_pointcloud/share/velodyne_pointcloud/launch/velodyne_transform_node-VLP32C-launch.py
[40.849s] -- Installing: /home/botnuc/linorobot2_ws/install/velodyne_pointcloud/share/velodyne_pointcloud/launch/velodyne_transform_node-VLS128-launch.py
[40.849s] -- Installing: /home/botnuc/linorobot2_ws/install/velodyne_pointcloud/share/velodyne_pointcloud/launch/velodyne_transform_node-VLP16-composed-launch.py
[40.849s] -- Installing: /home/botnuc/linorobot2_ws/install/velodyne_pointcloud/share/velodyne_pointcloud/launch/velodyne_transform_node-VLS128-composed-launch.py
[40.850s] -- Installing: /home/botnuc/linorobot2_ws/install/velodyne_pointcloud/share/velodyne_pointcloud/params
[40.850s] -- Installing: /home/botnuc/linorobot2_ws/install/velodyne_pointcloud/share/velodyne_pointcloud/params/64e_s2.1-sztaki.yaml
[40.850s] -- Installing: /home/botnuc/linorobot2_ws/install/velodyne_pointcloud/share/velodyne_pointcloud/params/32db.yaml
[40.850s] -- Installing: /home/botnuc/linorobot2_ws/install/velodyne_pointcloud/share/velodyne_pointcloud/params/64e_utexas.yaml
[40.850s] -- Installing: /home/botnuc/linorobot2_ws/install/velodyne_pointcloud/share/velodyne_pointcloud/params/VLP16db.yaml
[40.850s] -- Installing: /home/botnuc/linorobot2_ws/install/velodyne_pointcloud/share/velodyne_pointcloud/params/VLS128.yaml
[40.850s] -- Installing: /home/botnuc/linorobot2_ws/install/velodyne_pointcloud/share/velodyne_pointcloud/params/VeloView-VLP-32C.yaml
[40.850s] -- Installing: /home/botnuc/linorobot2_ws/install/velodyne_pointcloud/share/velodyne_pointcloud/params/64e_s3-xiesc.yaml
[40.850s] -- Installing: /home/botnuc/linorobot2_ws/install/velodyne_pointcloud/share/velodyne_pointcloud/params/rviz_points.vcg
[40.851s] -- Installing: /home/botnuc/linorobot2_ws/install/velodyne_pointcloud/share/velodyne_pointcloud/params/VLP16_hires_db.yaml
[40.851s] -- Installing: /home/botnuc/linorobot2_ws/install/velodyne_pointcloud/share/velodyne_pointcloud/params/issue_84_float_intensities.yaml
[40.851s] -- Installing: /home/botnuc/linorobot2_ws/install/velodyne_pointcloud/share/velodyne_pointcloud/environment/library_path.sh
[40.851s] -- Installing: /home/botnuc/linorobot2_ws/install/velodyne_pointcloud/share/velodyne_pointcloud/environment/library_path.dsv
[40.851s] -- Installing: /home/botnuc/linorobot2_ws/install/velodyne_pointcloud/share/ament_index/resource_index/package_run_dependencies/velodyne_pointcloud
[40.851s] -- Installing: /home/botnuc/linorobot2_ws/install/velodyne_pointcloud/share/ament_index/resource_index/parent_prefix_path/velodyne_pointcloud
[40.851s] -- Installing: /home/botnuc/linorobot2_ws/install/velodyne_pointcloud/share/velodyne_pointcloud/environment/ament_prefix_path.sh
[40.851s] -- Installing: /home/botnuc/linorobot2_ws/install/velodyne_pointcloud/share/velodyne_pointcloud/environment/ament_prefix_path.dsv
[40.851s] -- Installing: /home/botnuc/linorobot2_ws/install/velodyne_pointcloud/share/velodyne_pointcloud/environment/path.sh
[40.852s] -- Installing: /home/botnuc/linorobot2_ws/install/velodyne_pointcloud/share/velodyne_pointcloud/environment/path.dsv
[40.852s] -- Installing: /home/botnuc/linorobot2_ws/install/velodyne_pointcloud/share/velodyne_pointcloud/local_setup.bash
[40.852s] -- Installing: /home/botnuc/linorobot2_ws/install/velodyne_pointcloud/share/velodyne_pointcloud/local_setup.sh
[40.852s] -- Installing: /home/botnuc/linorobot2_ws/install/velodyne_pointcloud/share/velodyne_pointcloud/local_setup.zsh
[40.852s] -- Installing: /home/botnuc/linorobot2_ws/install/velodyne_pointcloud/share/velodyne_pointcloud/local_setup.dsv
[40.852s] -- Installing: /home/botnuc/linorobot2_ws/install/velodyne_pointcloud/share/velodyne_pointcloud/package.dsv
[40.852s] -- Installing: /home/botnuc/linorobot2_ws/install/velodyne_pointcloud/share/ament_index/resource_index/packages/velodyne_pointcloud
[40.853s] -- Installing: /home/botnuc/linorobot2_ws/install/velodyne_pointcloud/share/ament_index/resource_index/rclcpp_components/velodyne_pointcloud
[40.853s] -- Installing: /home/botnuc/linorobot2_ws/install/velodyne_pointcloud/share/velodyne_pointcloud/cmake/velodyne_pointcloudExport.cmake
[40.853s] -- Installing: /home/botnuc/linorobot2_ws/install/velodyne_pointcloud/share/velodyne_pointcloud/cmake/velodyne_pointcloudExport-noconfig.cmake
[40.853s] -- Installing: /home/botnuc/linorobot2_ws/install/velodyne_pointcloud/share/velodyne_pointcloud/cmake/ament_cmake_export_include_directories-extras.cmake
[40.853s] -- Installing: /home/botnuc/linorobot2_ws/install/velodyne_pointcloud/share/velodyne_pointcloud/cmake/ament_cmake_export_dependencies-extras.cmake
[40.853s] -- Installing: /home/botnuc/linorobot2_ws/install/velodyne_pointcloud/share/velodyne_pointcloud/cmake/ament_cmake_export_libraries-extras.cmake
[40.853s] -- Installing: /home/botnuc/linorobot2_ws/install/velodyne_pointcloud/share/velodyne_pointcloud/cmake/ament_cmake_export_targets-extras.cmake
[40.854s] -- Installing: /home/botnuc/linorobot2_ws/install/velodyne_pointcloud/share/velodyne_pointcloud/cmake/velodyne_pointcloudConfig.cmake
[40.854s] -- Installing: /home/botnuc/linorobot2_ws/install/velodyne_pointcloud/share/velodyne_pointcloud/cmake/velodyne_pointcloudConfig-version.cmake
[40.854s] -- Installing: /home/botnuc/linorobot2_ws/install/velodyne_pointcloud/share/velodyne_pointcloud/package.xml
[40.856s] Invoked command in '/home/botnuc/linorobot2_ws/build/velodyne_pointcloud' returned '0': AMENT_PREFIX_PATH=/home/botnuc/linorobot2_ws/install/velodyne_msgs:${AMENT_PREFIX_PATH} CMAKE_PREFIX_PATH=/home/botnuc/linorobot2_ws/install/velodyne_msgs:/home/botnuc/linorobot2_ws/install/sllidar_ros2:/home/botnuc/linorobot2_ws/install/micro_ros_setup:/home/botnuc/linorobot2_ws/install/linorobot2_bringup:/home/botnuc/linorobot2_ws/install/micro_ros_agent:/home/botnuc/linorobot2_ws/install/micro_ros_msgs:/home/botnuc/linorobot2_ws/install/linorobot2_navigation:/home/botnuc/linorobot2_ws/install/linorobot2_description:/home/botnuc/linorobot2_ws/install/linorobot2_base:/home/botnuc/linorobot2_ws/install/linorobot2:/home/botnuc/linorobot2_ws/install/camera_detection:/home/botnuc/linorobot2_ws/install/behavior_tree:/opt/ros/humble LD_LIBRARY_PATH=/home/botnuc/linorobot2_ws/install/velodyne_msgs/lib:${LD_LIBRARY_PATH} PYTHONPATH=/home/botnuc/linorobot2_ws/install/velodyne_msgs/local/lib/python3.10/dist-packages:${PYTHONPATH} /usr/bin/cmake --install /home/botnuc/linorobot2_ws/build/velodyne_pointcloud
