[0.072s] Invoking command in '/home/botnuc/linorobot2_ws/build/linorobot2_base': CMAKE_PREFIX_PATH=${CMAKE_PREFIX_PATH}:/opt/ros/humble /usr/bin/cmake --build /home/botnuc/linorobot2_ws/build/linorobot2_base -- -j4 -l4
[0.227s] Invoked command in '/home/botnuc/linorobot2_ws/build/linorobot2_base' returned '0': CMAKE_PREFIX_PATH=${CMAKE_PREFIX_PATH}:/opt/ros/humble /usr/bin/cmake --build /home/botnuc/linorobot2_ws/build/linorobot2_base -- -j4 -l4
[0.318s] Invoking command in '/home/botnuc/linorobot2_ws/build/linorobot2_base': CMAKE_PREFIX_PATH=${CMAKE_PREFIX_PATH}:/opt/ros/humble /usr/bin/cmake --install /home/botnuc/linorobot2_ws/build/linorobot2_base
[0.338s] -- Install configuration: ""
[0.341s] -- Up-to-date: /home/botnuc/linorobot2_ws/install/linorobot2_base/share/linorobot2_base/config
[0.354s] -- Up-to-date: /home/botnuc/linorobot2_ws/install/linorobot2_base/share/linorobot2_base/config/ekf.yaml
[0.354s] -- Up-to-date: /home/botnuc/linorobot2_ws/install/linorobot2_base/share/ament_index/resource_index/package_run_dependencies/linorobot2_base
[0.355s] -- Up-to-date: /home/botnuc/linorobot2_ws/install/linorobot2_base/share/ament_index/resource_index/parent_prefix_path/linorobot2_base
[0.355s] -- Up-to-date: /home/botnuc/linorobot2_ws/install/linorobot2_base/share/linorobot2_base/environment/ament_prefix_path.sh
[0.355s] -- Up-to-date: /home/botnuc/linorobot2_ws/install/linorobot2_base/share/linorobot2_base/environment/ament_prefix_path.dsv
[0.355s] -- Up-to-date: /home/botnuc/linorobot2_ws/install/linorobot2_base/share/linorobot2_base/environment/path.sh
[0.355s] -- Up-to-date: /home/botnuc/linorobot2_ws/install/linorobot2_base/share/linorobot2_base/environment/path.dsv
[0.359s] -- Up-to-date: /home/botnuc/linorobot2_ws/install/linorobot2_base/share/linorobot2_base/local_setup.bash
[0.359s] -- Up-to-date: /home/botnuc/linorobot2_ws/install/linorobot2_base/share/linorobot2_base/local_setup.sh
[0.359s] -- Up-to-date: /home/botnuc/linorobot2_ws/install/linorobot2_base/share/linorobot2_base/local_setup.zsh
[0.360s] -- Up-to-date: /home/botnuc/linorobot2_ws/install/linorobot2_base/share/linorobot2_base/local_setup.dsv
[0.361s] -- Installing: /home/botnuc/linorobot2_ws/install/linorobot2_base/share/linorobot2_base/package.dsv
[0.362s] -- Up-to-date: /home/botnuc/linorobot2_ws/install/linorobot2_base/share/ament_index/resource_index/packages/linorobot2_base
[0.362s] -- Up-to-date: /home/botnuc/linorobot2_ws/install/linorobot2_base/share/linorobot2_base/cmake/linorobot2_baseConfig.cmake
[0.362s] -- Up-to-date: /home/botnuc/linorobot2_ws/install/linorobot2_base/share/linorobot2_base/cmake/linorobot2_baseConfig-version.cmake
[0.362s] -- Up-to-date: /home/botnuc/linorobot2_ws/install/linorobot2_base/share/linorobot2_base/package.xml
[0.377s] Invoked command in '/home/botnuc/linorobot2_ws/build/linorobot2_base' returned '0': CMAKE_PREFIX_PATH=${CMAKE_PREFIX_PATH}:/opt/ros/humble /usr/bin/cmake --install /home/botnuc/linorobot2_ws/build/linorobot2_base
