[0.036s] Invoking command in '/home/botnuc/linorobot2_ws/build/linorobot2_base': CMAKE_PREFIX_PATH=${CMAKE_PREFIX_PATH}:/opt/ros/humble /usr/bin/cmake --build /home/botnuc/linorobot2_ws/build/linorobot2_base -- -j4 -l4
[0.104s] Invoked command in '/home/botnuc/linorobot2_ws/build/linorobot2_base' returned '0': CMAKE_PREFIX_PATH=${CMAKE_PREFIX_PATH}:/opt/ros/humble /usr/bin/cmake --build /home/botnuc/linorobot2_ws/build/linorobot2_base -- -j4 -l4
[0.161s] Invoking command in '/home/botnuc/linorobot2_ws/build/linorobot2_base': CMAKE_PREFIX_PATH=${CMAKE_PREFIX_PATH}:/opt/ros/humble /usr/bin/cmake --install /home/botnuc/linorobot2_ws/build/linorobot2_base
[0.176s] -- Install configuration: ""
[0.176s] -- Up-to-date: /home/botnuc/linorobot2_ws/install/linorobot2_base/share/linorobot2_base/config
[0.176s] -- Up-to-date: /home/botnuc/linorobot2_ws/install/linorobot2_base/share/linorobot2_base/config/ekf.yaml
[0.177s] -- Up-to-date: /home/botnuc/linorobot2_ws/install/linorobot2_base/share/ament_index/resource_index/package_run_dependencies/linorobot2_base
[0.177s] -- Up-to-date: /home/botnuc/linorobot2_ws/install/linorobot2_base/share/ament_index/resource_index/parent_prefix_path/linorobot2_base
[0.177s] -- Up-to-date: /home/botnuc/linorobot2_ws/install/linorobot2_base/share/linorobot2_base/environment/ament_prefix_path.sh
[0.177s] -- Up-to-date: /home/botnuc/linorobot2_ws/install/linorobot2_base/share/linorobot2_base/environment/ament_prefix_path.dsv
[0.177s] -- Up-to-date: /home/botnuc/linorobot2_ws/install/linorobot2_base/share/linorobot2_base/environment/path.sh
[0.177s] -- Up-to-date: /home/botnuc/linorobot2_ws/install/linorobot2_base/share/linorobot2_base/environment/path.dsv
[0.182s] -- Up-to-date: /home/botnuc/linorobot2_ws/install/linorobot2_base/share/linorobot2_base/local_setup.bash
[0.183s] -- Up-to-date: /home/botnuc/linorobot2_ws/install/linorobot2_base/share/linorobot2_base/local_setup.sh
[0.184s] -- Up-to-date: /home/botnuc/linorobot2_ws/install/linorobot2_base/share/linorobot2_base/local_setup.zsh
[0.185s] -- Up-to-date: /home/botnuc/linorobot2_ws/install/linorobot2_base/share/linorobot2_base/local_setup.dsv
[0.186s] -- Installing: /home/botnuc/linorobot2_ws/install/linorobot2_base/share/linorobot2_base/package.dsv
[0.187s] -- Up-to-date: /home/botnuc/linorobot2_ws/install/linorobot2_base/share/ament_index/resource_index/packages/linorobot2_base
[0.188s] -- Up-to-date: /home/botnuc/linorobot2_ws/install/linorobot2_base/share/linorobot2_base/cmake/linorobot2_baseConfig.cmake
[0.188s] -- Up-to-date: /home/botnuc/linorobot2_ws/install/linorobot2_base/share/linorobot2_base/cmake/linorobot2_baseConfig-version.cmake
[0.188s] -- Up-to-date: /home/botnuc/linorobot2_ws/install/linorobot2_base/share/linorobot2_base/package.xml
[0.190s] Invoked command in '/home/botnuc/linorobot2_ws/build/linorobot2_base' returned '0': CMAKE_PREFIX_PATH=${CMAKE_PREFIX_PATH}:/opt/ros/humble /usr/bin/cmake --install /home/botnuc/linorobot2_ws/build/linorobot2_base
