[0.155s] Invoking command in '/home/botnuc/linorobot2_ws/build/linorobot2_description': CMAKE_PREFIX_PATH=${CMAKE_PREFIX_PATH}:/opt/ros/humble /usr/bin/cmake --build /home/botnuc/linorobot2_ws/build/linorobot2_description -- -j4 -l4
[0.365s] Invoked command in '/home/botnuc/linorobot2_ws/build/linorobot2_description' returned '0': CMAKE_PREFIX_PATH=${CMAKE_PREFIX_PATH}:/opt/ros/humble /usr/bin/cmake --build /home/botnuc/linorobot2_ws/build/linorobot2_description -- -j4 -l4
[0.546s] Invoking command in '/home/botnuc/linorobot2_ws/build/linorobot2_description': CMAKE_PREFIX_PATH=${CMAKE_PREFIX_PATH}:/opt/ros/humble /usr/bin/cmake --install /home/botnuc/linorobot2_ws/build/linorobot2_description
[0.617s] -- Install configuration: ""
[0.619s] -- Up-to-date: /home/botnuc/linorobot2_ws/install/linorobot2_description/share/linorobot2_description/launch
[0.638s] -- Up-to-date: /home/botnuc/linorobot2_ws/install/linorobot2_description/share/linorobot2_description/launch/description.launch.py
[0.638s] -- Up-to-date: /home/botnuc/linorobot2_ws/install/linorobot2_description/share/linorobot2_description/urdf
[0.638s] -- Up-to-date: /home/botnuc/linorobot2_ws/install/linorobot2_description/share/linorobot2_description/urdf/sensors
[0.638s] -- Up-to-date: /home/botnuc/linorobot2_ws/install/linorobot2_description/share/linorobot2_description/urdf/sensors/laser.urdf.xacro
[0.639s] -- Up-to-date: /home/botnuc/linorobot2_ws/install/linorobot2_description/share/linorobot2_description/urdf/sensors/imu.urdf.xacro
[0.639s] -- Up-to-date: /home/botnuc/linorobot2_ws/install/linorobot2_description/share/linorobot2_description/urdf/sensors/depth_sensor.urdf.xacro
[0.639s] -- Up-to-date: /home/botnuc/linorobot2_ws/install/linorobot2_description/share/linorobot2_description/urdf/sensors/generic_laser.urdf.xacro
[0.639s] -- Up-to-date: /home/botnuc/linorobot2_ws/install/linorobot2_description/share/linorobot2_description/urdf/4wd_properties.urdf.xacro
[0.639s] -- Up-to-date: /home/botnuc/linorobot2_ws/install/linorobot2_description/share/linorobot2_description/urdf/mech
[0.639s] -- Up-to-date: /home/botnuc/linorobot2_ws/install/linorobot2_description/share/linorobot2_description/urdf/mech/mecanum_wheel.urdf.xacro
[0.639s] -- Up-to-date: /home/botnuc/linorobot2_ws/install/linorobot2_description/share/linorobot2_description/urdf/mech/base.urdf.xacro
[0.639s] -- Up-to-date: /home/botnuc/linorobot2_ws/install/linorobot2_description/share/linorobot2_description/urdf/mech/caster_wheel.urdf.xacro
[0.639s] -- Up-to-date: /home/botnuc/linorobot2_ws/install/linorobot2_description/share/linorobot2_description/urdf/mech/wheel.urdf.xacro
[0.639s] -- Up-to-date: /home/botnuc/linorobot2_ws/install/linorobot2_description/share/linorobot2_description/urdf/controllers
[0.642s] -- Up-to-date: /home/botnuc/linorobot2_ws/install/linorobot2_description/share/linorobot2_description/urdf/controllers/omni_drive.urdf.xacro
[0.642s] -- Up-to-date: /home/botnuc/linorobot2_ws/install/linorobot2_description/share/linorobot2_description/urdf/controllers/skid_steer.urdf.xacro
[0.642s] -- Up-to-date: /home/botnuc/linorobot2_ws/install/linorobot2_description/share/linorobot2_description/urdf/controllers/diff_drive.urdf.xacro
[0.642s] -- Up-to-date: /home/botnuc/linorobot2_ws/install/linorobot2_description/share/linorobot2_description/urdf/mecanum_properties.urdf.xacro
[0.643s] -- Up-to-date: /home/botnuc/linorobot2_ws/install/linorobot2_description/share/linorobot2_description/urdf/2wd_properties.urdf.xacro
[0.643s] -- Up-to-date: /home/botnuc/linorobot2_ws/install/linorobot2_description/share/linorobot2_description/urdf/robots
[0.643s] -- Up-to-date: /home/botnuc/linorobot2_ws/install/linorobot2_description/share/linorobot2_description/urdf/robots/vattenkar.urdf.xacro
[0.646s] -- Up-to-date: /home/botnuc/linorobot2_ws/install/linorobot2_description/share/linorobot2_description/urdf/robots/mecanum.urdf.xacro
[0.646s] -- Up-to-date: /home/botnuc/linorobot2_ws/install/linorobot2_description/share/linorobot2_description/urdf/robots/2wd.urdf.xacro
[0.646s] -- Up-to-date: /home/botnuc/linorobot2_ws/install/linorobot2_description/share/linorobot2_description/urdf/robots/turtlebot.urdf.xacro
[0.646s] -- Up-to-date: /home/botnuc/linorobot2_ws/install/linorobot2_description/share/linorobot2_description/urdf/robots/4wd.urdf.xacro
[0.647s] -- Up-to-date: /home/botnuc/linorobot2_ws/install/linorobot2_description/share/linorobot2_description/rviz
[0.647s] -- Up-to-date: /home/botnuc/linorobot2_ws/install/linorobot2_description/share/linorobot2_description/rviz/description.rviz
[0.647s] -- Up-to-date: /home/botnuc/linorobot2_ws/install/linorobot2_description/share/ament_index/resource_index/package_run_dependencies/linorobot2_description
[0.647s] -- Up-to-date: /home/botnuc/linorobot2_ws/install/linorobot2_description/share/ament_index/resource_index/parent_prefix_path/linorobot2_description
[0.648s] -- Up-to-date: /home/botnuc/linorobot2_ws/install/linorobot2_description/share/linorobot2_description/environment/ament_prefix_path.sh
[0.648s] -- Up-to-date: /home/botnuc/linorobot2_ws/install/linorobot2_description/share/linorobot2_description/environment/ament_prefix_path.dsv
[0.648s] -- Up-to-date: /home/botnuc/linorobot2_ws/install/linorobot2_description/share/linorobot2_description/environment/path.sh
[0.648s] -- Up-to-date: /home/botnuc/linorobot2_ws/install/linorobot2_description/share/linorobot2_description/environment/path.dsv
[0.648s] -- Up-to-date: /home/botnuc/linorobot2_ws/install/linorobot2_description/share/linorobot2_description/local_setup.bash
[0.648s] -- Up-to-date: /home/botnuc/linorobot2_ws/install/linorobot2_description/share/linorobot2_description/local_setup.sh
[0.648s] -- Up-to-date: /home/botnuc/linorobot2_ws/install/linorobot2_description/share/linorobot2_description/local_setup.zsh
[0.648s] -- Up-to-date: /home/botnuc/linorobot2_ws/install/linorobot2_description/share/linorobot2_description/local_setup.dsv
[0.649s] -- Installing: /home/botnuc/linorobot2_ws/install/linorobot2_description/share/linorobot2_description/package.dsv
[0.649s] -- Up-to-date: /home/botnuc/linorobot2_ws/install/linorobot2_description/share/ament_index/resource_index/packages/linorobot2_description
[0.649s] -- Up-to-date: /home/botnuc/linorobot2_ws/install/linorobot2_description/share/linorobot2_description/cmake/linorobot2_descriptionConfig.cmake
[0.652s] -- Up-to-date: /home/botnuc/linorobot2_ws/install/linorobot2_description/share/linorobot2_description/cmake/linorobot2_descriptionConfig-version.cmake
[0.652s] -- Up-to-date: /home/botnuc/linorobot2_ws/install/linorobot2_description/share/linorobot2_description/package.xml
[0.706s] Invoked command in '/home/botnuc/linorobot2_ws/build/linorobot2_description' returned '0': CMAKE_PREFIX_PATH=${CMAKE_PREFIX_PATH}:/opt/ros/humble /usr/bin/cmake --install /home/botnuc/linorobot2_ws/build/linorobot2_description
