[0.011s] Invoking command in '/home/botnuc/linorobot2_ws/build/linorobot2_bringup': AMENT_PREFIX_PATH=/home/botnuc/linorobot2_ws/install/micro_ros_agent:/home/botnuc/linorobot2_ws/install/micro_ros_msgs:${AMENT_PREFIX_PATH} CMAKE_PREFIX_PATH=/home/botnuc/linorobot2_ws/install/micro_ros_agent:/home/botnuc/linorobot2_ws/install/micro_ros_msgs:/home/botnuc/install/micro_ros_setup:/home/botnuc/install/linorobot2_bringup:/home/botnuc/install/micro_ros_agent:/home/botnuc/install/micro_ros_msgs:/home/botnuc/install/linorobot2_navigation:/home/botnuc/install/linorobot2_description:/home/botnuc/install/linorobot2_base:/home/botnuc/install/linorobot2:/home/botnuc/install/camera_detection:/home/botnuc/install/behavior_tree:/opt/ros/humble LD_LIBRARY_PATH=/home/botnuc/linorobot2_ws/install/micro_ros_agent/lib:/home/botnuc/linorobot2_ws/install/micro_ros_msgs/lib:/home/botnuc/install/micro_ros_agent/lib:/home/botnuc/install/micro_ros_msgs/lib:/opt/ros/humble/opt/rviz_ogre_vendor/lib:/opt/ros/humble/lib/x86_64-linux-gnu:/opt/ros/humble/lib /usr/bin/cmake /home/botnuc/linorobot2_ws/src/linorobot2/linorobot2_bringup -DCMAKE_INSTALL_PREFIX=/home/botnuc/linorobot2_ws/install/linorobot2_bringup
[0.070s] -- The C compiler identification is GNU 11.4.0
[0.131s] -- The CXX compiler identification is GNU 11.4.0
[0.138s] -- Detecting C compiler ABI info
[0.206s] -- Detecting C compiler ABI info - done
[0.215s] -- Check for working C compiler: /usr/bin/cc - skipped
[0.215s] -- Detecting C compile features
[0.215s] -- Detecting C compile features - done
[0.220s] -- Detecting CXX compiler ABI info
[0.296s] -- Detecting CXX compiler ABI info - done
[0.308s] -- Check for working CXX compiler: /usr/bin/c++ - skipped
[0.308s] -- Detecting CXX compile features
[0.309s] -- Detecting CXX compile features - done
[0.312s] -- Found ament_cmake: 1.3.10 (/opt/ros/humble/share/ament_cmake/cmake)
[0.457s] -- Found Python3: /usr/bin/python3 (found version "3.10.12") found components: Interpreter 
[0.616s] -- Configuring done
[0.620s] -- Generating done
[0.621s] -- Build files have been written to: /home/botnuc/linorobot2_ws/build/linorobot2_bringup
[0.626s] Invoked command in '/home/botnuc/linorobot2_ws/build/linorobot2_bringup' returned '0': AMENT_PREFIX_PATH=/home/botnuc/linorobot2_ws/install/micro_ros_agent:/home/botnuc/linorobot2_ws/install/micro_ros_msgs:${AMENT_PREFIX_PATH} CMAKE_PREFIX_PATH=/home/botnuc/linorobot2_ws/install/micro_ros_agent:/home/botnuc/linorobot2_ws/install/micro_ros_msgs:/home/botnuc/install/micro_ros_setup:/home/botnuc/install/linorobot2_bringup:/home/botnuc/install/micro_ros_agent:/home/botnuc/install/micro_ros_msgs:/home/botnuc/install/linorobot2_navigation:/home/botnuc/install/linorobot2_description:/home/botnuc/install/linorobot2_base:/home/botnuc/install/linorobot2:/home/botnuc/install/camera_detection:/home/botnuc/install/behavior_tree:/opt/ros/humble LD_LIBRARY_PATH=/home/botnuc/linorobot2_ws/install/micro_ros_agent/lib:/home/botnuc/linorobot2_ws/install/micro_ros_msgs/lib:/home/botnuc/install/micro_ros_agent/lib:/home/botnuc/install/micro_ros_msgs/lib:/opt/ros/humble/opt/rviz_ogre_vendor/lib:/opt/ros/humble/lib/x86_64-linux-gnu:/opt/ros/humble/lib /usr/bin/cmake /home/botnuc/linorobot2_ws/src/linorobot2/linorobot2_bringup -DCMAKE_INSTALL_PREFIX=/home/botnuc/linorobot2_ws/install/linorobot2_bringup
[0.627s] Invoking command in '/home/botnuc/linorobot2_ws/build/linorobot2_bringup': AMENT_PREFIX_PATH=/home/botnuc/linorobot2_ws/install/micro_ros_agent:/home/botnuc/linorobot2_ws/install/micro_ros_msgs:${AMENT_PREFIX_PATH} CMAKE_PREFIX_PATH=/home/botnuc/linorobot2_ws/install/micro_ros_agent:/home/botnuc/linorobot2_ws/install/micro_ros_msgs:/home/botnuc/install/micro_ros_setup:/home/botnuc/install/linorobot2_bringup:/home/botnuc/install/micro_ros_agent:/home/botnuc/install/micro_ros_msgs:/home/botnuc/install/linorobot2_navigation:/home/botnuc/install/linorobot2_description:/home/botnuc/install/linorobot2_base:/home/botnuc/install/linorobot2:/home/botnuc/install/camera_detection:/home/botnuc/install/behavior_tree:/opt/ros/humble LD_LIBRARY_PATH=/home/botnuc/linorobot2_ws/install/micro_ros_agent/lib:/home/botnuc/linorobot2_ws/install/micro_ros_msgs/lib:/home/botnuc/install/micro_ros_agent/lib:/home/botnuc/install/micro_ros_msgs/lib:/opt/ros/humble/opt/rviz_ogre_vendor/lib:/opt/ros/humble/lib/x86_64-linux-gnu:/opt/ros/humble/lib /usr/bin/cmake --build /home/botnuc/linorobot2_ws/build/linorobot2_bringup -- -j4 -l4
[0.663s] Invoked command in '/home/botnuc/linorobot2_ws/build/linorobot2_bringup' returned '0': AMENT_PREFIX_PATH=/home/botnuc/linorobot2_ws/install/micro_ros_agent:/home/botnuc/linorobot2_ws/install/micro_ros_msgs:${AMENT_PREFIX_PATH} CMAKE_PREFIX_PATH=/home/botnuc/linorobot2_ws/install/micro_ros_agent:/home/botnuc/linorobot2_ws/install/micro_ros_msgs:/home/botnuc/install/micro_ros_setup:/home/botnuc/install/linorobot2_bringup:/home/botnuc/install/micro_ros_agent:/home/botnuc/install/micro_ros_msgs:/home/botnuc/install/linorobot2_navigation:/home/botnuc/install/linorobot2_description:/home/botnuc/install/linorobot2_base:/home/botnuc/install/linorobot2:/home/botnuc/install/camera_detection:/home/botnuc/install/behavior_tree:/opt/ros/humble LD_LIBRARY_PATH=/home/botnuc/linorobot2_ws/install/micro_ros_agent/lib:/home/botnuc/linorobot2_ws/install/micro_ros_msgs/lib:/home/botnuc/install/micro_ros_agent/lib:/home/botnuc/install/micro_ros_msgs/lib:/opt/ros/humble/opt/rviz_ogre_vendor/lib:/opt/ros/humble/lib/x86_64-linux-gnu:/opt/ros/humble/lib /usr/bin/cmake --build /home/botnuc/linorobot2_ws/build/linorobot2_bringup -- -j4 -l4
[0.688s] Invoking command in '/home/botnuc/linorobot2_ws/build/linorobot2_bringup': AMENT_PREFIX_PATH=/home/botnuc/linorobot2_ws/install/micro_ros_agent:/home/botnuc/linorobot2_ws/install/micro_ros_msgs:${AMENT_PREFIX_PATH} CMAKE_PREFIX_PATH=/home/botnuc/linorobot2_ws/install/micro_ros_agent:/home/botnuc/linorobot2_ws/install/micro_ros_msgs:/home/botnuc/install/micro_ros_setup:/home/botnuc/install/linorobot2_bringup:/home/botnuc/install/micro_ros_agent:/home/botnuc/install/micro_ros_msgs:/home/botnuc/install/linorobot2_navigation:/home/botnuc/install/linorobot2_description:/home/botnuc/install/linorobot2_base:/home/botnuc/install/linorobot2:/home/botnuc/install/camera_detection:/home/botnuc/install/behavior_tree:/opt/ros/humble LD_LIBRARY_PATH=/home/botnuc/linorobot2_ws/install/micro_ros_agent/lib:/home/botnuc/linorobot2_ws/install/micro_ros_msgs/lib:/home/botnuc/install/micro_ros_agent/lib:/home/botnuc/install/micro_ros_msgs/lib:/opt/ros/humble/opt/rviz_ogre_vendor/lib:/opt/ros/humble/lib/x86_64-linux-gnu:/opt/ros/humble/lib /usr/bin/cmake --install /home/botnuc/linorobot2_ws/build/linorobot2_bringup
[0.694s] -- Install configuration: ""
[0.694s] -- Installing: /home/botnuc/linorobot2_ws/install/linorobot2_bringup/share/linorobot2_bringup/launch
[0.695s] -- Installing: /home/botnuc/linorobot2_ws/install/linorobot2_bringup/share/linorobot2_bringup/launch/depth.launch.py
[0.695s] -- Installing: /home/botnuc/linorobot2_ws/install/linorobot2_bringup/share/linorobot2_bringup/launch/lasers.launch.py
[0.695s] -- Installing: /home/botnuc/linorobot2_ws/install/linorobot2_bringup/share/linorobot2_bringup/launch/bringup.launch.py
[0.695s] -- Installing: /home/botnuc/linorobot2_ws/install/linorobot2_bringup/share/linorobot2_bringup/launch/joy_teleop.launch.py
[0.695s] -- Installing: /home/botnuc/linorobot2_ws/install/linorobot2_bringup/share/linorobot2_bringup/launch/custom_robot.launch.py
[0.695s] -- Installing: /home/botnuc/linorobot2_ws/install/linorobot2_bringup/share/linorobot2_bringup/launch/default_robot.launch.py
[0.695s] -- Installing: /home/botnuc/linorobot2_ws/install/linorobot2_bringup/share/linorobot2_bringup/launch/extra.launch.py
[0.696s] -- Installing: /home/botnuc/linorobot2_ws/install/linorobot2_bringup/share/linorobot2_bringup/launch/sensors.launch.py
[0.696s] -- Installing: /home/botnuc/linorobot2_ws/install/linorobot2_bringup/share/linorobot2_bringup/config
[0.696s] -- Installing: /home/botnuc/linorobot2_ws/install/linorobot2_bringup/share/linorobot2_bringup/config/zed_common.yaml
[0.696s] -- Installing: /home/botnuc/linorobot2_ws/install/linorobot2_bringup/share/linorobot2_bringup/config/joy.yaml
[0.696s] -- Installing: /home/botnuc/linorobot2_ws/install/linorobot2_bringup/share/linorobot2_bringup/config/box_laser_filter.yaml
[0.696s] -- Installing: /home/botnuc/linorobot2_ws/install/linorobot2_bringup/share/linorobot2_bringup/config/fake_laser.yaml
[0.696s] -- Installing: /home/botnuc/linorobot2_ws/install/linorobot2_bringup/share/ament_index/resource_index/package_run_dependencies/linorobot2_bringup
[0.696s] -- Installing: /home/botnuc/linorobot2_ws/install/linorobot2_bringup/share/ament_index/resource_index/parent_prefix_path/linorobot2_bringup
[0.697s] -- Installing: /home/botnuc/linorobot2_ws/install/linorobot2_bringup/share/linorobot2_bringup/environment/ament_prefix_path.sh
[0.697s] -- Installing: /home/botnuc/linorobot2_ws/install/linorobot2_bringup/share/linorobot2_bringup/environment/ament_prefix_path.dsv
[0.697s] -- Installing: /home/botnuc/linorobot2_ws/install/linorobot2_bringup/share/linorobot2_bringup/environment/path.sh
[0.697s] -- Installing: /home/botnuc/linorobot2_ws/install/linorobot2_bringup/share/linorobot2_bringup/environment/path.dsv
[0.697s] -- Installing: /home/botnuc/linorobot2_ws/install/linorobot2_bringup/share/linorobot2_bringup/local_setup.bash
[0.698s] -- Installing: /home/botnuc/linorobot2_ws/install/linorobot2_bringup/share/linorobot2_bringup/local_setup.sh
[0.698s] -- Installing: /home/botnuc/linorobot2_ws/install/linorobot2_bringup/share/linorobot2_bringup/local_setup.zsh
[0.698s] -- Installing: /home/botnuc/linorobot2_ws/install/linorobot2_bringup/share/linorobot2_bringup/local_setup.dsv
[0.698s] -- Installing: /home/botnuc/linorobot2_ws/install/linorobot2_bringup/share/linorobot2_bringup/package.dsv
[0.698s] -- Installing: /home/botnuc/linorobot2_ws/install/linorobot2_bringup/share/ament_index/resource_index/packages/linorobot2_bringup
[0.698s] -- Installing: /home/botnuc/linorobot2_ws/install/linorobot2_bringup/share/linorobot2_bringup/cmake/linorobot2_bringupConfig.cmake
[0.699s] -- Installing: /home/botnuc/linorobot2_ws/install/linorobot2_bringup/share/linorobot2_bringup/cmake/linorobot2_bringupConfig-version.cmake
[0.699s] -- Installing: /home/botnuc/linorobot2_ws/install/linorobot2_bringup/share/linorobot2_bringup/package.xml
[0.701s] Invoked command in '/home/botnuc/linorobot2_ws/build/linorobot2_bringup' returned '0': AMENT_PREFIX_PATH=/home/botnuc/linorobot2_ws/install/micro_ros_agent:/home/botnuc/linorobot2_ws/install/micro_ros_msgs:${AMENT_PREFIX_PATH} CMAKE_PREFIX_PATH=/home/botnuc/linorobot2_ws/install/micro_ros_agent:/home/botnuc/linorobot2_ws/install/micro_ros_msgs:/home/botnuc/install/micro_ros_setup:/home/botnuc/install/linorobot2_bringup:/home/botnuc/install/micro_ros_agent:/home/botnuc/install/micro_ros_msgs:/home/botnuc/install/linorobot2_navigation:/home/botnuc/install/linorobot2_description:/home/botnuc/install/linorobot2_base:/home/botnuc/install/linorobot2:/home/botnuc/install/camera_detection:/home/botnuc/install/behavior_tree:/opt/ros/humble LD_LIBRARY_PATH=/home/botnuc/linorobot2_ws/install/micro_ros_agent/lib:/home/botnuc/linorobot2_ws/install/micro_ros_msgs/lib:/home/botnuc/install/micro_ros_agent/lib:/home/botnuc/install/micro_ros_msgs/lib:/opt/ros/humble/opt/rviz_ogre_vendor/lib:/opt/ros/humble/lib/x86_64-linux-gnu:/opt/ros/humble/lib /usr/bin/cmake --install /home/botnuc/linorobot2_ws/build/linorobot2_bringup
